2022-01-20 22:44:45:INFO:-------------Round number: 0-------------
2022-01-20 22:44:45:INFO:-------------Sending models-------------
2022-01-20 22:44:45:INFO:-------------Evaluating models-------------
2022-01-20 22:44:45:INFO:Average Global Accuracy and Loss for Each Task:
2022-01-20 22:44:45:INFO:Accuracy = [0.8887943262411347, 0.8887943262411347, 0.8842553191489362, 0.900709219858156, 0.8748936170212765, 0.0748936170212766, 0.09333333333333334, 0.1302127659574468, 0.06808510638297872, 0.9290780141843972]
2022-01-20 22:44:45:INFO:Loss = [0.6703287363728733, 0.6531578499543751, 0.6623887016418132, 0.6541412632346999, 0.6663120297506346, 0.7396481842521234, 0.7408946340642076, 0.7388113529631432, 0.7508438195235341, 0.6680884546760126]
2022-01-20 22:44:45:INFO:-------------Training local models-------------
2022-01-20 22:45:57:INFO:-------------Aggregating local models-------------
2022-01-20 22:45:58:INFO:-------------Round number: 1-------------
2022-01-20 22:45:58:INFO:-------------Sending models-------------
2022-01-20 22:45:59:INFO:-------------Evaluating models-------------
2022-01-20 22:45:59:INFO:Average Global Accuracy and Loss for Each Task:
2022-01-20 22:45:59:INFO:Accuracy = [0.820709219858156, 0.8547517730496453, 0.8643971631205674, 0.8865248226950354, 0.7665248226950354, 0.8402836879432624, 0.795177304964539, 0.8053900709219858, 0.8385815602836879, 0.8198581560283688]
2022-01-20 22:45:59:INFO:Loss = [0.49238992530192044, 0.47610555771817553, 0.49123386358961146, 0.4738496110963483, 0.5393193451943973, 0.5121417960714787, 0.5072190599872711, 0.5369637162698077, 0.49058229012480864, 0.551779396035147]
2022-01-20 22:45:59:INFO:-------------Training local models-------------
2022-01-20 22:47:11:INFO:-------------Aggregating local models-------------
2022-01-20 22:47:12:INFO:-------------Round number: 2-------------
2022-01-20 22:47:12:INFO:-------------Sending models-------------
2022-01-20 22:47:12:INFO:-------------Evaluating models-------------
2022-01-20 22:47:13:INFO:Average Global Accuracy and Loss for Each Task:
2022-01-20 22:47:13:INFO:Accuracy = [0.8340425531914893, 0.8507801418439717, 0.8638297872340426, 0.8961702127659574, 0.7801418439716312, 0.8493617021276596, 0.8147517730496454, 0.8331914893617022, 0.8621276595744681, 0.886241134751773]
2022-01-20 22:47:13:INFO:Loss = [0.4332576146589737, 0.39532562724347653, 0.4183036875640247, 0.41371214286496877, 0.5051138237340653, 0.400663951005496, 0.4534973641939408, 0.4531581199222, 0.42933891314246975, 0.42208474698218895]
2022-01-20 22:47:13:INFO:-------------Training local models-------------
2022-01-20 22:48:25:INFO:-------------Aggregating local models-------------
2022-01-20 22:48:26:INFO:-------------Round number: 3-------------
2022-01-20 22:48:26:INFO:-------------Sending models-------------
2022-01-20 22:48:26:INFO:-------------Evaluating models-------------
2022-01-20 22:48:27:INFO:Average Global Accuracy and Loss for Each Task:
2022-01-20 22:48:27:INFO:Accuracy = [0.8575886524822695, 0.8556028368794326, 0.8666666666666667, 0.9072340425531915, 0.7929078014184398, 0.8516312056737588, 0.8175886524822695, 0.8377304964539007, 0.8726241134751773, 0.8998581560283688]
2022-01-20 22:48:27:INFO:Loss = [0.407000675475925, 0.3591296568100757, 0.38338062398135664, 0.39462342564280783, 0.49885626866039656, 0.34104054908486126, 0.44349150239892887, 0.41382612273942493, 0.4022726726484426, 0.34814313383072826]
2022-01-20 22:48:27:INFO:-------------Training local models-------------
2022-01-20 22:49:39:INFO:-------------Aggregating local models-------------
2022-01-20 22:49:40:INFO:-------------Round number: 4-------------
2022-01-20 22:49:40:INFO:-------------Sending models-------------
2022-01-20 22:49:40:INFO:-------------Evaluating models-------------
2022-01-20 22:49:40:INFO:Average Global Accuracy and Loss for Each Task:
2022-01-20 22:49:40:INFO:Accuracy = [0.8663829787234043, 0.8660992907801418, 0.8746099290780142, 0.9126241134751774, 0.7982978723404255, 0.864113475177305, 0.8241134751773049, 0.8428368794326241, 0.8831205673758865, 0.902127659574468]
2022-01-20 22:49:40:INFO:Loss = [0.3942299593956018, 0.3418373588631128, 0.365660502356312, 0.3932960898085689, 0.5120039316100325, 0.3108100027469456, 0.4420588425081884, 0.39756435491408865, 0.3889201098521973, 0.30291569674902774]
2022-01-20 22:49:40:INFO:-------------Training local models-------------
2022-01-20 22:51:52:INFO:-------------Aggregating local models-------------
2022-01-20 22:51:55:INFO:-------------Round number: 5-------------
2022-01-20 22:51:55:INFO:-------------Sending models-------------
2022-01-20 22:51:55:INFO:-------------Evaluating models-------------
2022-01-20 22:51:55:INFO:Average Global Accuracy and Loss for Each Task:
2022-01-20 22:51:55:INFO:Accuracy = [0.8768794326241135, 0.8695035460992908, 0.8765957446808511, 0.9140425531914894, 0.8019858156028369, 0.875177304964539, 0.8300709219858156, 0.8516312056737588, 0.8924822695035461, 0.9032624113475177]
2022-01-20 22:51:55:INFO:Loss = [0.3871128177726047, 0.33116747309315075, 0.3564878086365284, 0.3982526244541485, 0.5323739206185895, 0.2957374606408337, 0.4410367060302103, 0.3928937403477253, 0.3825203996069782, 0.2764392304462744]
2022-01-20 22:51:55:INFO:-------------Training local models-------------
2022-01-20 22:54:21:INFO:-------------Aggregating local models-------------
2022-01-20 22:54:23:INFO:-------------Round number: 6-------------
2022-01-20 22:54:23:INFO:-------------Sending models-------------
2022-01-20 22:54:24:INFO:-------------Evaluating models-------------
2022-01-20 22:54:24:INFO:Average Global Accuracy and Loss for Each Task:
2022-01-20 22:54:24:INFO:Accuracy = [0.8834042553191489, 0.8697872340425532, 0.8788652482269503, 0.9160283687943263, 0.8034042553191489, 0.8828368794326241, 0.8309219858156028, 0.8632624113475177, 0.8970212765957447, 0.9046808510638298]
2022-01-20 22:54:24:INFO:Loss = [0.38270927862482185, 0.32287759419292844, 0.3519209523562421, 0.4047547415502581, 0.5534277542528584, 0.2888719846699255, 0.4391909973315419, 0.3936549309088934, 0.3796119965762164, 0.26123298813186]
2022-01-20 22:54:24:INFO:-------------Training local models-------------
2022-01-20 22:56:50:INFO:-------------Aggregating local models-------------
2022-01-20 22:56:52:INFO:-------------Round number: 7-------------
2022-01-20 22:56:52:INFO:-------------Sending models-------------
2022-01-20 22:56:52:INFO:-------------Evaluating models-------------
2022-01-20 22:56:52:INFO:Average Global Accuracy and Loss for Each Task:
2022-01-20 22:56:52:INFO:Accuracy = [0.886241134751773, 0.87177304964539, 0.8777304964539007, 0.9163120567375886, 0.8051063829787234, 0.8885106382978724, 0.8340425531914893, 0.8686524822695035, 0.9001418439716312, 0.9058156028368795]
2022-01-20 22:56:52:INFO:Loss = [0.37990171222029423, 0.31561378401631474, 0.3497418266511027, 0.4111560807264813, 0.5725451174517102, 0.28623716866663584, 0.43689218578926214, 0.39671222305493364, 0.3783636225767909, 0.2527905298366561]
2022-01-20 22:56:53:INFO:-------------Training local models-------------
2022-01-20 22:59:18:INFO:-------------Aggregating local models-------------
2022-01-20 22:59:20:INFO:-------------Round number: 8-------------
2022-01-20 22:59:20:INFO:-------------Sending models-------------
2022-01-20 22:59:20:INFO:-------------Evaluating models-------------
2022-01-20 22:59:21:INFO:Average Global Accuracy and Loss for Each Task:
2022-01-20 22:59:21:INFO:Accuracy = [0.8865248226950354, 0.8731914893617021, 0.8794326241134752, 0.916595744680851, 0.8056737588652483, 0.8939007092198582, 0.8368794326241135, 0.8757446808510638, 0.9063829787234042, 0.9080851063829787]
2022-01-20 22:59:21:INFO:Loss = [0.37808767565460016, 0.3089431082790202, 0.3486349859191699, 0.4168905877199764, 0.5889607754060404, 0.2856326857815556, 0.4345178370792022, 0.40035792874225173, 0.3778294284048602, 0.24841287597300524]
2022-01-20 22:59:21:INFO:-------------Training local models-------------
2022-01-20 23:01:46:INFO:-------------Aggregating local models-------------
2022-01-20 23:01:48:INFO:-------------Round number: 9-------------
2022-01-20 23:01:48:INFO:-------------Sending models-------------
2022-01-20 23:01:49:INFO:-------------Evaluating models-------------
2022-01-20 23:01:49:INFO:Average Global Accuracy and Loss for Each Task:
2022-01-20 23:01:49:INFO:Accuracy = [0.8868085106382979, 0.873758865248227, 0.8791489361702127, 0.9180141843971631, 0.8062411347517731, 0.8987234042553192, 0.8382978723404255, 0.8817021276595745, 0.9092198581560283, 0.910354609929078]
2022-01-20 23:01:49:INFO:Loss = [0.37685490952784867, 0.302713616320084, 0.34791113421756853, 0.42180452622123166, 0.6024892191760612, 0.2859242234731767, 0.43221561243215983, 0.4038683939265444, 0.3775587959858384, 0.2464554242093565]
2022-01-20 23:01:49:INFO:-------------Training local models-------------
2022-01-20 23:04:14:INFO:-------------Aggregating local models-------------
2022-01-20 23:04:17:INFO:-------------Round number: 10-------------
2022-01-20 23:04:17:INFO:-------------Sending models-------------
2022-01-20 23:04:17:INFO:-------------Evaluating models-------------
2022-01-20 23:04:17:INFO:Average Global Accuracy and Loss for Each Task:
2022-01-20 23:04:17:INFO:Accuracy = [0.8873758865248227, 0.8734751773049645, 0.8788652482269503, 0.9188652482269504, 0.8073758865248227, 0.9024113475177304, 0.84, 0.8868085106382979, 0.9117730496453901, 0.9131914893617021]
2022-01-20 23:04:17:INFO:Loss = [0.3759440045355958, 0.2968544659185626, 0.3472571118851027, 0.42589892343452845, 0.6134266293099058, 0.2865821354985501, 0.4299560833026173, 0.40698004001731725, 0.37734710625987106, 0.2459077415123899]
2022-01-20 23:04:17:INFO:-------------Training local models-------------
2022-01-20 23:06:42:INFO:-------------Aggregating local models-------------
2022-01-20 23:06:45:INFO:-------------Round number: 11-------------
2022-01-20 23:06:45:INFO:-------------Sending models-------------
2022-01-20 23:06:45:INFO:-------------Evaluating models-------------
2022-01-20 23:06:45:INFO:Average Global Accuracy and Loss for Each Task:
2022-01-20 23:06:45:INFO:Accuracy = [0.8876595744680851, 0.8734751773049645, 0.8788652482269503, 0.9194326241134751, 0.8076595744680851, 0.9055319148936171, 0.8408510638297872, 0.8899290780141844, 0.9131914893617021, 0.9146099290780142]
2022-01-20 23:06:45:INFO:Loss = [0.37517367602101404, 0.29132695824310767, 0.34654843371209576, 0.4292710289512992, 0.622170457528336, 0.28736608083188164, 0.4276861205549765, 0.4096448841616379, 0.37711151907042145, 0.24614301075234163]
2022-01-20 23:06:45:INFO:-------------Training local models-------------
2022-01-20 23:09:11:INFO:-------------Aggregating local models-------------
2022-01-20 23:09:13:INFO:-------------Round number: 12-------------
2022-01-20 23:09:13:INFO:-------------Sending models-------------
2022-01-20 23:09:13:INFO:-------------Evaluating models-------------
2022-01-20 23:09:14:INFO:Average Global Accuracy and Loss for Each Task:
2022-01-20 23:09:14:INFO:Accuracy = [0.8890780141843971, 0.8734751773049645, 0.8791489361702127, 0.9197163120567375, 0.8076595744680851, 0.9066666666666666, 0.8405673758865249, 0.8927659574468085, 0.9137588652482269, 0.9157446808510639]
2022-01-20 23:09:14:INFO:Loss = [0.37444294279480866, 0.2861067058898984, 0.3457394876249848, 0.43204128039796036, 0.6290675672226922, 0.2881476404774828, 0.42536950224600995, 0.4118780325828054, 0.37682953034058636, 0.2467893786258097]
2022-01-20 23:09:14:INFO:-------------Training local models-------------
2022-01-20 23:11:39:INFO:-------------Aggregating local models-------------
2022-01-20 23:11:41:INFO:-------------Round number: 13-------------
2022-01-20 23:11:41:INFO:-------------Sending models-------------
2022-01-20 23:11:41:INFO:-------------Evaluating models-------------
2022-01-20 23:11:42:INFO:Average Global Accuracy and Loss for Each Task:
2022-01-20 23:11:42:INFO:Accuracy = [0.8887943262411347, 0.8734751773049645, 0.88, 0.9197163120567375, 0.8073758865248227, 0.9086524822695036, 0.841418439716312, 0.8950354609929078, 0.9154609929078014, 0.9194326241134751]
2022-01-20 23:11:42:INFO:Loss = [0.3737005453823623, 0.2811637285516221, 0.3448498605161985, 0.4342890308763013, 0.634474342357539, 0.2888748869694875, 0.422954167660841, 0.41373239827983027, 0.3764945532307557, 0.2476274007003992]
2022-01-20 23:11:42:INFO:-------------Training local models-------------
2022-01-20 23:14:05:INFO:-------------Aggregating local models-------------
2022-01-20 23:14:07:INFO:-------------Round number: 14-------------
2022-01-20 23:14:07:INFO:-------------Sending models-------------
2022-01-20 23:14:07:INFO:-------------Evaluating models-------------
2022-01-20 23:14:08:INFO:Average Global Accuracy and Loss for Each Task:
2022-01-20 23:14:08:INFO:Accuracy = [0.889645390070922, 0.8746099290780142, 0.88, 0.9202836879432624, 0.8073758865248227, 0.9095035460992907, 0.8408510638297872, 0.8941843971631206, 0.9171631205673759, 0.9234042553191489]
2022-01-20 23:14:08:INFO:Loss = [0.37291257684954593, 0.27646450720694415, 0.3439039225639868, 0.4361091016574452, 0.6386821761984273, 0.2895223127268519, 0.42044674047229297, 0.41525697881137913, 0.3760991297612059, 0.2485257992043378]
2022-01-20 23:14:08:INFO:-------------Training local models-------------
2022-01-20 23:16:31:INFO:-------------Aggregating local models-------------
2022-01-20 23:16:33:INFO:-------------Round number: 15-------------
2022-01-20 23:16:33:INFO:-------------Sending models-------------
2022-01-20 23:16:33:INFO:-------------Evaluating models-------------
2022-01-20 23:16:34:INFO:Average Global Accuracy and Loss for Each Task:
2022-01-20 23:16:34:INFO:Accuracy = [0.889645390070922, 0.8757446808510638, 0.8817021276595745, 0.9205673758865248, 0.8079432624113475, 0.9126241134751774, 0.8411347517730496, 0.8941843971631206, 0.9180141843971631, 0.9270921985815603]
2022-01-20 23:16:34:INFO:Loss = [0.3720687771010946, 0.2719721140921882, 0.34291194939424435, 0.4375934235871842, 0.6419042169555018, 0.2900636938756583, 0.41786604709857217, 0.4165106083881374, 0.3756462431024654, 0.24941268079154563]
2022-01-20 23:16:34:INFO:-------------Training local models-------------
2022-01-20 23:18:57:INFO:-------------Aggregating local models-------------
2022-01-20 23:18:59:INFO:-------------Round number: 16-------------
2022-01-20 23:18:59:INFO:-------------Sending models-------------
2022-01-20 23:18:59:INFO:-------------Evaluating models-------------
2022-01-20 23:19:00:INFO:Average Global Accuracy and Loss for Each Task:
2022-01-20 23:19:00:INFO:Accuracy = [0.8893617021276595, 0.8765957446808511, 0.8822695035460993, 0.9214184397163121, 0.8079432624113475, 0.9160283687943263, 0.841418439716312, 0.8947517730496454, 0.9194326241134751, 0.9302127659574468]
2022-01-20 23:19:00:INFO:Loss = [0.3711719301173873, 0.2676650215575062, 0.34189306269948044, 0.43877538729878474, 0.6443360222579172, 0.29048169250467937, 0.4152021480927323, 0.41751719283792094, 0.3751413747372687, 0.2502445070471958]
2022-01-20 23:19:00:INFO:-------------Training local models-------------
2022-01-20 23:21:23:INFO:-------------Aggregating local models-------------
2022-01-20 23:21:25:INFO:-------------Round number: 17-------------
2022-01-20 23:21:25:INFO:-------------Sending models-------------
2022-01-20 23:21:25:INFO:-------------Evaluating models-------------
2022-01-20 23:21:26:INFO:Average Global Accuracy and Loss for Each Task:
2022-01-20 23:21:26:INFO:Accuracy = [0.8887943262411347, 0.8777304964539007, 0.8825531914893617, 0.9208510638297872, 0.8079432624113475, 0.918581560283688, 0.8417021276595744, 0.894468085106383, 0.9197163120567375, 0.9319148936170213]
2022-01-20 23:21:26:INFO:Loss = [0.37021034202508707, 0.2635232567282539, 0.3408428232812369, 0.4397062096317094, 0.6461325626178969, 0.2907849878729618, 0.41247256178088515, 0.41830623092427055, 0.3745922543182771, 0.2509946836323101]
2022-01-20 23:21:26:INFO:-------------Training local models-------------
2022-01-20 23:23:49:INFO:-------------Aggregating local models-------------
2022-01-20 23:23:51:INFO:-------------Round number: 18-------------
2022-01-20 23:23:51:INFO:-------------Sending models-------------
2022-01-20 23:23:51:INFO:-------------Evaluating models-------------
2022-01-20 23:23:52:INFO:Average Global Accuracy and Loss for Each Task:
2022-01-20 23:23:52:INFO:Accuracy = [0.8893617021276595, 0.8808510638297873, 0.8831205673758865, 0.9214184397163121, 0.8079432624113475, 0.9214184397163121, 0.8422695035460993, 0.8941843971631206, 0.9191489361702128, 0.9339007092198581]
2022-01-20 23:23:52:INFO:Loss = [0.3692063167734825, 0.2595188332187567, 0.3397638045824694, 0.44041399711264123, 0.6474163445220362, 0.2910004194964926, 0.4096830731166976, 0.4189110348996845, 0.3740014456548391, 0.2516545584181931]
2022-01-20 23:23:52:INFO:-------------Training local models-------------
2022-01-20 23:26:15:INFO:-------------Aggregating local models-------------
2022-01-20 23:26:17:INFO:-------------Round number: 19-------------
2022-01-20 23:26:17:INFO:-------------Sending models-------------
2022-01-20 23:26:17:INFO:-------------Evaluating models-------------
2022-01-20 23:26:18:INFO:Average Global Accuracy and Loss for Each Task:
2022-01-20 23:26:18:INFO:Accuracy = [0.8890780141843971, 0.8859574468085106, 0.8831205673758865, 0.9211347517730496, 0.809645390070922, 0.9217021276595745, 0.8428368794326241, 0.8936170212765957, 0.9191489361702128, 0.9361702127659575]
2022-01-20 23:26:18:INFO:Loss = [0.36814978519646147, 0.25564880948834096, 0.3386478338911403, 0.44092761979032147, 0.6482861799547938, 0.2911351241174002, 0.40686427553897686, 0.4193587099056334, 0.3733814344129109, 0.2522321580254294]
2022-01-20 23:26:18:INFO:-------------Training local models-------------
2022-01-20 23:28:41:INFO:-------------Aggregating local models-------------
2022-01-20 23:28:43:INFO:-------------Round number: 20-------------
2022-01-20 23:28:43:INFO:-------------Sending models-------------
2022-01-20 23:28:43:INFO:-------------Evaluating models-------------
2022-01-20 23:28:44:INFO:Average Global Accuracy and Loss for Each Task:
2022-01-20 23:28:44:INFO:Accuracy = [0.8890780141843971, 0.889645390070922, 0.8834042553191489, 0.9211347517730496, 0.8107801418439716, 0.9231205673758865, 0.843404255319149, 0.8939007092198582, 0.9197163120567375, 0.9390070921985816]
2022-01-20 23:28:44:INFO:Loss = [0.36705222381473723, 0.2519180972763859, 0.33749247061006116, 0.4412768388153483, 0.6488074214252848, 0.29119260718230267, 0.40406703916474096, 0.419653188258753, 0.3727409464360961, 0.25272577061968465]
2022-01-20 23:28:44:INFO:-------------Training local models-------------
2022-01-20 23:31:07:INFO:-------------Aggregating local models-------------
2022-01-20 23:31:09:INFO:-------------Round number: 21-------------
2022-01-20 23:31:09:INFO:-------------Sending models-------------
2022-01-20 23:31:09:INFO:-------------Evaluating models-------------
2022-01-20 23:31:10:INFO:Average Global Accuracy and Loss for Each Task:
2022-01-20 23:31:10:INFO:Accuracy = [0.8893617021276595, 0.8904964539007092, 0.8851063829787233, 0.9208510638297872, 0.8121985815602837, 0.9239716312056737, 0.8453900709219858, 0.894468085106383, 0.9197163120567375, 0.9395744680851064]
2022-01-20 23:31:10:INFO:Loss = [0.36591833880782154, 0.24832071192991914, 0.33629689253936024, 0.4414967398869587, 0.6490409679404388, 0.29119166804586555, 0.40129270221592184, 0.41981147962945997, 0.37208540401986223, 0.25313334117537856]
2022-01-20 23:31:10:INFO:-------------Training local models-------------
2022-01-20 23:33:33:INFO:-------------Aggregating local models-------------
2022-01-20 23:33:35:INFO:-------------Round number: 22-------------
2022-01-20 23:33:35:INFO:-------------Sending models-------------
2022-01-20 23:33:35:INFO:-------------Evaluating models-------------
2022-01-20 23:33:36:INFO:Average Global Accuracy and Loss for Each Task:
2022-01-20 23:33:36:INFO:Accuracy = [0.889645390070922, 0.8936170212765957, 0.8856737588652482, 0.9208510638297872, 0.813049645390071, 0.9245390070921986, 0.8470921985815603, 0.8941843971631206, 0.918581560283688, 0.9398581560283688]
2022-01-20 23:33:36:INFO:Loss = [0.3647532272710075, 0.24484833227510147, 0.33506313888389117, 0.4416029084638316, 0.6490241204632499, 0.29113935236587907, 0.39856425921703487, 0.4198667147815399, 0.3714285667436792, 0.25346031719643675]
2022-01-20 23:33:36:INFO:-------------Training local models-------------
2022-01-20 23:35:59:INFO:-------------Aggregating local models-------------
2022-01-20 23:36:01:INFO:-------------Round number: 23-------------
2022-01-20 23:36:01:INFO:-------------Sending models-------------
2022-01-20 23:36:01:INFO:-------------Evaluating models-------------
2022-01-20 23:36:02:INFO:Average Global Accuracy and Loss for Each Task:
2022-01-20 23:36:02:INFO:Accuracy = [0.8902127659574468, 0.8984397163120568, 0.8870921985815603, 0.9205673758865248, 0.8133333333333334, 0.9251063829787234, 0.8487943262411347, 0.8941843971631206, 0.918581560283688, 0.9415602836879433]
2022-01-20 23:36:02:INFO:Loss = [0.36355505514771064, 0.24149671430934008, 0.33378767347607285, 0.4416141508696337, 0.6487926255646723, 0.29104876208492286, 0.39588406140509835, 0.4198339893257721, 0.37077611220904777, 0.25371029957841607]
2022-01-20 23:36:02:INFO:-------------Training local models-------------
2022-01-20 23:38:25:INFO:-------------Aggregating local models-------------
2022-01-20 23:38:27:INFO:-------------Round number: 24-------------
2022-01-20 23:38:27:INFO:-------------Sending models-------------
2022-01-20 23:38:27:INFO:-------------Evaluating models-------------
2022-01-20 23:38:28:INFO:Average Global Accuracy and Loss for Each Task:
2022-01-20 23:38:28:INFO:Accuracy = [0.8902127659574468, 0.9004255319148936, 0.8885106382978724, 0.9205673758865248, 0.8139007092198581, 0.9259574468085107, 0.8507801418439717, 0.8939007092198582, 0.9177304964539007, 0.9421276595744681]
2022-01-20 23:38:28:INFO:Loss = [0.36234322295695914, 0.2382697510858007, 0.33248472608104085, 0.4415373458125272, 0.6483862814816468, 0.29092264549417013, 0.3932889347539633, 0.41971076491936143, 0.3701314024206132, 0.2538895224942]
2022-01-20 23:38:28:INFO:-------------Training local models-------------
2022-01-20 23:40:51:INFO:-------------Aggregating local models-------------
2022-01-20 23:40:53:INFO:-------------Round number: 25-------------
2022-01-20 23:40:53:INFO:-------------Sending models-------------
2022-01-20 23:40:53:INFO:-------------Evaluating models-------------
2022-01-20 23:40:54:INFO:Average Global Accuracy and Loss for Each Task:
2022-01-20 23:40:54:INFO:Accuracy = [0.8902127659574468, 0.9035460992907801, 0.8904964539007092, 0.9208510638297872, 0.814468085106383, 0.9265248226950354, 0.8547517730496453, 0.8936170212765957, 0.9174468085106383, 0.9429787234042554]
2022-01-20 23:40:54:INFO:Loss = [0.36113228047408613, 0.23516606777358193, 0.3311666832725247, 0.44138066028362033, 0.6478352398285973, 0.29076306826144405, 0.39079040496626616, 0.4194954478678274, 0.3694998656379072, 0.2540007624768566]
2022-01-20 23:40:54:INFO:-------------Training local models-------------
2022-01-20 23:43:17:INFO:-------------Aggregating local models-------------
2022-01-20 23:43:19:INFO:-------------Round number: 26-------------
2022-01-20 23:43:19:INFO:-------------Sending models-------------
2022-01-20 23:43:19:INFO:-------------Evaluating models-------------
2022-01-20 23:43:20:INFO:Average Global Accuracy and Loss for Each Task:
2022-01-20 23:43:20:INFO:Accuracy = [0.889645390070922, 0.9052482269503546, 0.8916312056737589, 0.9208510638297872, 0.8147517730496454, 0.9279432624113475, 0.8573049645390071, 0.8936170212765957, 0.9182978723404255, 0.9432624113475178]
2022-01-20 23:43:20:INFO:Loss = [0.35991915374606226, 0.23218310229100472, 0.3298293984209762, 0.44116007601758067, 0.6471567861695364, 0.2905872223563558, 0.38838988844249134, 0.41921339828550735, 0.36889018563923576, 0.2540484290203106]
2022-01-20 23:43:20:INFO:-------------Training local models-------------
2022-01-20 23:45:43:INFO:-------------Aggregating local models-------------
2022-01-20 23:45:45:INFO:-------------Round number: 27-------------
2022-01-20 23:45:45:INFO:-------------Sending models-------------
2022-01-20 23:45:46:INFO:-------------Evaluating models-------------
2022-01-20 23:45:46:INFO:Average Global Accuracy and Loss for Each Task:
2022-01-20 23:45:46:INFO:Accuracy = [0.8899290780141844, 0.9069503546099291, 0.8921985815602836, 0.9205673758865248, 0.8156028368794326, 0.9285106382978724, 0.8595744680851064, 0.8939007092198582, 0.9188652482269504, 0.9432624113475178]
2022-01-20 23:45:46:INFO:Loss = [0.35870494954875864, 0.22932050221031597, 0.3284775706146454, 0.4408909395462437, 0.6463681520544924, 0.2903899749193393, 0.3860912968198511, 0.4188591179228883, 0.3682961484097631, 0.25404240674256673]
2022-01-20 23:45:46:INFO:-------------Training local models-------------
2022-01-20 23:48:09:INFO:-------------Aggregating local models-------------
2022-01-20 23:48:11:INFO:-------------Round number: 28-------------
2022-01-20 23:48:11:INFO:-------------Sending models-------------
2022-01-20 23:48:12:INFO:-------------Evaluating models-------------
2022-01-20 23:48:12:INFO:Average Global Accuracy and Loss for Each Task:
2022-01-20 23:48:12:INFO:Accuracy = [0.8902127659574468, 0.9086524822695036, 0.8927659574468085, 0.9205673758865248, 0.8158865248226951, 0.9290780141843972, 0.8607092198581561, 0.8939007092198582, 0.9194326241134751, 0.9432624113475178]
2022-01-20 23:48:12:INFO:Loss = [0.3574930873267016, 0.22658120419651745, 0.32711331634009455, 0.44058880191925476, 0.6454845723618112, 0.29018607791354684, 0.3839026679153594, 0.4184363625663273, 0.36772095895699286, 0.25398304184400045]
2022-01-20 23:48:12:INFO:-------------Training local models-------------
2022-01-20 23:50:35:INFO:-------------Aggregating local models-------------
2022-01-20 23:50:37:INFO:-------------Round number: 29-------------
2022-01-20 23:50:37:INFO:-------------Sending models-------------
2022-01-20 23:50:38:INFO:-------------Evaluating models-------------
2022-01-20 23:50:38:INFO:Average Global Accuracy and Loss for Each Task:
2022-01-20 23:50:38:INFO:Accuracy = [0.8902127659574468, 0.9106382978723404, 0.8930496453900709, 0.9208510638297872, 0.8158865248226951, 0.9299290780141845, 0.8626950354609929, 0.8941843971631206, 0.9205673758865248, 0.9432624113475178]
2022-01-20 23:50:38:INFO:Loss = [0.3562916782754969, 0.22397142264810357, 0.32574160793644263, 0.44025052969824485, 0.644524418831215, 0.28998130237336883, 0.3818375963078158, 0.41794994137220165, 0.3671584852493751, 0.2538751991617275]
2022-01-20 23:50:38:INFO:-------------Training local models-------------
2022-01-20 23:53:01:INFO:-------------Aggregating local models-------------
2022-01-20 23:53:04:INFO:-------------Round number: 30-------------
2022-01-20 23:53:04:INFO:-------------Sending models-------------
2022-01-20 23:53:04:INFO:-------------Evaluating models-------------
2022-01-20 23:53:04:INFO:Average Global Accuracy and Loss for Each Task:
2022-01-20 23:53:04:INFO:Accuracy = [0.8902127659574468, 0.9123404255319149, 0.8930496453900709, 0.9208510638297872, 0.8164539007092199, 0.9313475177304964, 0.8646808510638297, 0.8941843971631206, 0.9211347517730496, 0.9432624113475178]
2022-01-20 23:53:04:INFO:Loss = [0.35509460327129627, 0.22147082462753268, 0.3243673817690541, 0.4398916441180202, 0.643506874794583, 0.2897484091607728, 0.37988400716002674, 0.4174195463188382, 0.3666125181337475, 0.2537282540803736]
2022-01-20 23:53:04:INFO:-------------Training local models-------------
2022-01-20 23:55:27:INFO:-------------Aggregating local models-------------
2022-01-20 23:55:30:INFO:-------------Round number: 31-------------
2022-01-20 23:55:30:INFO:-------------Sending models-------------
2022-01-20 23:55:30:INFO:-------------Evaluating models-------------
2022-01-20 23:55:30:INFO:Average Global Accuracy and Loss for Each Task:
2022-01-20 23:55:30:INFO:Accuracy = [0.8913475177304965, 0.9131914893617021, 0.8939007092198582, 0.9208510638297872, 0.8167375886524822, 0.9324822695035461, 0.8675177304964539, 0.8941843971631206, 0.9217021276595745, 0.9432624113475178]
2022-01-20 23:55:30:INFO:Loss = [0.3539211694621118, 0.21909605377895347, 0.32299816096703526, 0.4395056302960077, 0.642429781670233, 0.28950994151332315, 0.3780527732944849, 0.416845166487933, 0.3660756324085156, 0.25353797495583114]
2022-01-20 23:55:30:INFO:-------------Training local models-------------
2022-01-20 23:57:53:INFO:-------------Aggregating local models-------------
2022-01-20 23:57:56:INFO:-------------Round number: 32-------------
2022-01-20 23:57:56:INFO:-------------Sending models-------------
2022-01-20 23:57:56:INFO:-------------Evaluating models-------------
2022-01-20 23:57:56:INFO:Average Global Accuracy and Loss for Each Task:
2022-01-20 23:57:56:INFO:Accuracy = [0.8916312056737589, 0.915177304964539, 0.8941843971631206, 0.9208510638297872, 0.8167375886524822, 0.9327659574468085, 0.8680851063829788, 0.8941843971631206, 0.9214184397163121, 0.9432624113475178]
2022-01-20 23:57:56:INFO:Loss = [0.352760784103228, 0.21682780601450816, 0.3216363624075976, 0.43910376845284343, 0.6413119174013614, 0.2892631253685492, 0.3763288567215535, 0.4162382551398399, 0.36555151737402425, 0.25331186089943764]
2022-01-20 23:57:56:INFO:-------------Training local models-------------
2022-01-21 00:00:19:INFO:-------------Aggregating local models-------------
2022-01-21 00:00:22:INFO:-------------Round number: 33-------------
2022-01-21 00:00:22:INFO:-------------Sending models-------------
2022-01-21 00:00:22:INFO:-------------Evaluating models-------------
2022-01-21 00:00:22:INFO:Average Global Accuracy and Loss for Each Task:
2022-01-21 00:00:22:INFO:Accuracy = [0.8916312056737589, 0.9163120567375886, 0.8947517730496454, 0.9211347517730496, 0.8167375886524822, 0.9333333333333333, 0.8700709219858156, 0.894468085106383, 0.9217021276595745, 0.9432624113475178]
2022-01-21 00:00:22:INFO:Loss = [0.351628575926673, 0.21467509747877492, 0.3202857078008638, 0.43868944620211603, 0.6401587144467081, 0.2890190371767294, 0.3747158440335898, 0.4155954271908321, 0.36503572936503365, 0.25305404032030676]
2022-01-21 00:00:22:INFO:-------------Training local models-------------
2022-01-21 00:02:45:INFO:-------------Aggregating local models-------------
2022-01-21 00:02:48:INFO:-------------Round number: 34-------------
2022-01-21 00:02:48:INFO:-------------Sending models-------------
2022-01-21 00:02:48:INFO:-------------Evaluating models-------------
2022-01-21 00:02:48:INFO:Average Global Accuracy and Loss for Each Task:
2022-01-21 00:02:48:INFO:Accuracy = [0.8919148936170213, 0.9174468085106383, 0.894468085106383, 0.9211347517730496, 0.8170212765957446, 0.9333333333333333, 0.8720567375886524, 0.8950354609929078, 0.9202836879432624, 0.9432624113475178]
2022-01-21 00:02:48:INFO:Loss = [0.35051850492048825, 0.2126319066186911, 0.3189460726232757, 0.438263883372564, 0.638975183209619, 0.28876454279447594, 0.373210786468967, 0.4149228529226537, 0.36452755279204946, 0.25276759751613337]
2022-01-21 00:02:48:INFO:-------------Training local models-------------
2022-01-21 00:05:11:INFO:-------------Aggregating local models-------------
2022-01-21 00:05:14:INFO:-------------Round number: 35-------------
2022-01-21 00:05:14:INFO:-------------Sending models-------------
2022-01-21 00:05:14:INFO:-------------Evaluating models-------------
2022-01-21 00:05:14:INFO:Average Global Accuracy and Loss for Each Task:
2022-01-21 00:05:14:INFO:Accuracy = [0.8927659574468085, 0.9182978723404255, 0.894468085106383, 0.9211347517730496, 0.8178723404255319, 0.9333333333333333, 0.8734751773049645, 0.8953191489361703, 0.9205673758865248, 0.9432624113475178]
2022-01-21 00:05:14:INFO:Loss = [0.3494373476758091, 0.21069528379609662, 0.31762221021993836, 0.43782740822717453, 0.6377755945550562, 0.2885182240477545, 0.37181314085139594, 0.4142298529330139, 0.36402262222287673, 0.25245198241748734]
2022-01-21 00:05:14:INFO:-------------Training local models-------------
2022-01-21 00:07:37:INFO:-------------Aggregating local models-------------
2022-01-21 00:07:40:INFO:-------------Round number: 36-------------
2022-01-21 00:07:40:INFO:-------------Sending models-------------
2022-01-21 00:07:40:INFO:-------------Evaluating models-------------
2022-01-21 00:07:40:INFO:Average Global Accuracy and Loss for Each Task:
2022-01-21 00:07:40:INFO:Accuracy = [0.8930496453900709, 0.92, 0.8953191489361703, 0.9211347517730496, 0.8181560283687943, 0.9336170212765957, 0.8754609929078014, 0.8953191489361703, 0.9202836879432624, 0.9432624113475178]
2022-01-21 00:07:40:INFO:Loss = [0.3483794825765674, 0.20884789704680376, 0.3163228480252338, 0.43739000401142586, 0.6365643249782206, 0.28826476339082374, 0.3705090382363951, 0.41353491787437074, 0.36352296760067976, 0.25211270514999495]
2022-01-21 00:07:40:INFO:-------------Training local models-------------
2022-01-21 00:10:03:INFO:-------------Aggregating local models-------------
2022-01-21 00:10:06:INFO:-------------Round number: 37-------------
2022-01-21 00:10:06:INFO:-------------Sending models-------------
2022-01-21 00:10:06:INFO:-------------Evaluating models-------------
2022-01-21 00:10:06:INFO:Average Global Accuracy and Loss for Each Task:
2022-01-21 00:10:06:INFO:Accuracy = [0.8927659574468085, 0.92, 0.8947517730496454, 0.9211347517730496, 0.8190070921985816, 0.9341843971631205, 0.8777304964539007, 0.8950354609929078, 0.9191489361702128, 0.9432624113475178]
2022-01-21 00:10:06:INFO:Loss = [0.3473581335826526, 0.20710257970333323, 0.3150398089763781, 0.4369467752216985, 0.6353406588067895, 0.2880209614517966, 0.3693042926365305, 0.412824132224208, 0.36302553026753653, 0.2517498873286808]
2022-01-21 00:10:06:INFO:-------------Training local models-------------
2022-01-21 00:12:29:INFO:-------------Aggregating local models-------------
2022-01-21 00:12:32:INFO:-------------Round number: 38-------------
2022-01-21 00:12:32:INFO:-------------Sending models-------------
2022-01-21 00:12:32:INFO:-------------Evaluating models-------------
2022-01-21 00:12:32:INFO:Average Global Accuracy and Loss for Each Task:
2022-01-21 00:12:32:INFO:Accuracy = [0.8927659574468085, 0.9205673758865248, 0.8953191489361703, 0.9211347517730496, 0.8198581560283688, 0.934468085106383, 0.8791489361702127, 0.8950354609929078, 0.9191489361702128, 0.9432624113475178]
2022-01-21 00:12:32:INFO:Loss = [0.34636390930404953, 0.20544804020246477, 0.3137776533734377, 0.43650636969836004, 0.634110416642618, 0.2877862338286144, 0.36818257373457125, 0.4121108256904276, 0.3625313229414516, 0.2513671970676221]
2022-01-21 00:12:32:INFO:-------------Training local models-------------
2022-01-21 00:14:55:INFO:-------------Aggregating local models-------------
2022-01-21 00:14:58:INFO:-------------Round number: 39-------------
2022-01-21 00:14:58:INFO:-------------Sending models-------------
2022-01-21 00:14:58:INFO:-------------Evaluating models-------------
2022-01-21 00:14:58:INFO:Average Global Accuracy and Loss for Each Task:
2022-01-21 00:14:58:INFO:Accuracy = [0.8936170212765957, 0.9219858156028369, 0.8961702127659574, 0.9211347517730496, 0.8201418439716313, 0.9347517730496454, 0.8808510638297873, 0.8953191489361703, 0.9194326241134751, 0.9432624113475178]
2022-01-21 00:14:58:INFO:Loss = [0.34540113678438167, 0.203881063165229, 0.312545845035632, 0.43606817061644615, 0.6328767451036272, 0.28755483926133524, 0.36714177318455665, 0.41139710814307334, 0.36204206990091303, 0.2509661474802485]
2022-01-21 00:14:58:INFO:-------------Training local models-------------
2022-01-21 00:17:21:INFO:-------------Aggregating local models-------------
