2022-01-21 17:00:41:INFO:-------------Round number: 0-------------
2022-01-21 17:00:41:INFO:-------------Sending models-------------
2022-01-21 17:00:41:INFO:-------------Evaluating models-------------
2022-01-21 17:00:41:INFO:Average Global Accuracy and Loss for Each Task:
2022-01-21 17:00:41:INFO:Accuracy = [0.8909090909090909, 0.9545454545454546, 0.9, 0.9090909090909091, 0.8818181818181818, 0.1, 0.09090909090909091, 0.12727272727272726, 0.08181818181818182, 0.8636363636363636]
2022-01-21 17:00:41:INFO:Loss = [0.6607828552072699, 0.6483499537814748, 0.6659317932345651, 0.6574403367259286, 0.6621757144277746, 0.7392762736840681, 0.7426794252612374, 0.7391448904167522, 0.7449987904591994, 0.6712419098073786]
2022-01-21 17:00:41:INFO:-------------Training local models-------------
2022-01-21 17:02:38:INFO:-------------Aggregating local models-------------
2022-01-21 17:02:39:INFO:-------------Round number: 1-------------
2022-01-21 17:02:39:INFO:-------------Sending models-------------
2022-01-21 17:02:39:INFO:-------------Evaluating models-------------
2022-01-21 17:02:39:INFO:Average Global Accuracy and Loss for Each Task:
2022-01-21 17:02:39:INFO:Accuracy = [0.8293181818181818, 0.9236363636363636, 0.8440909090909091, 0.8809090909090909, 0.8184090909090909, 0.8645454545454545, 0.8895454545454545, 0.7893181818181818, 0.8836363636363637, 0.7320454545454546]
2022-01-21 17:02:39:INFO:Loss = [0.4466424280608242, 0.42253862233324485, 0.4628585842861371, 0.4328149265186353, 0.4724976697767323, 0.41141786321320317, 0.4390823355452581, 0.5629486684094775, 0.39239336352118037, 0.5447328996929255]
2022-01-21 17:02:39:INFO:-------------Training local models-------------
2022-01-21 17:04:36:INFO:-------------Aggregating local models-------------
2022-01-21 17:04:37:INFO:-------------Round number: 2-------------
2022-01-21 17:04:37:INFO:-------------Sending models-------------
2022-01-21 17:04:37:INFO:-------------Evaluating models-------------
2022-01-21 17:04:37:INFO:Average Global Accuracy and Loss for Each Task:
2022-01-21 17:04:37:INFO:Accuracy = [0.8179545454545455, 0.9270454545454545, 0.8554545454545455, 0.8818181818181818, 0.8202272727272727, 0.8959090909090909, 0.8820454545454546, 0.8352272727272727, 0.9022727272727272, 0.7815909090909091]
2022-01-21 17:04:37:INFO:Loss = [0.4833837260788476, 0.33657588107003406, 0.43111728140237654, 0.37591539910909805, 0.47775770136239853, 0.34311429604210636, 0.38105794797566805, 0.5640460140325806, 0.33404871461574326, 0.46594666418704117]
2022-01-21 17:04:37:INFO:-------------Training local models-------------
2022-01-21 17:06:34:INFO:-------------Aggregating local models-------------
2022-01-21 17:06:35:INFO:-------------Round number: 3-------------
2022-01-21 17:06:35:INFO:-------------Sending models-------------
2022-01-21 17:06:35:INFO:-------------Evaluating models-------------
2022-01-21 17:06:35:INFO:Average Global Accuracy and Loss for Each Task:
2022-01-21 17:06:35:INFO:Accuracy = [0.8181818181818182, 0.9272727272727272, 0.8593181818181819, 0.8854545454545455, 0.8236363636363636, 0.9031818181818182, 0.8627272727272727, 0.8429545454545454, 0.9104545454545454, 0.7854545454545454]
2022-01-21 17:06:35:INFO:Loss = [0.49306743503548206, 0.30712645700709384, 0.42416550166566264, 0.34785768806257034, 0.48172724827785385, 0.3277563356371088, 0.36916681887920605, 0.5782804231074723, 0.3132047320716083, 0.45182259956544096]
2022-01-21 17:06:35:INFO:-------------Training local models-------------
2022-01-21 17:08:32:INFO:-------------Aggregating local models-------------
2022-01-21 17:08:33:INFO:-------------Round number: 4-------------
2022-01-21 17:08:33:INFO:-------------Sending models-------------
2022-01-21 17:08:33:INFO:-------------Evaluating models-------------
2022-01-21 17:08:33:INFO:Average Global Accuracy and Loss for Each Task:
2022-01-21 17:08:33:INFO:Accuracy = [0.8181818181818182, 0.9272727272727272, 0.8597727272727272, 0.8911363636363636, 0.8272727272727273, 0.9093181818181818, 0.855, 0.8454545454545455, 0.9131818181818182, 0.7909090909090909]
2022-01-21 17:08:33:INFO:Loss = [0.493006820788353, 0.2913415420969779, 0.41711113987998527, 0.32903753452595663, 0.4778802513039078, 0.3218042407862165, 0.36581796196035365, 0.5877194158732891, 0.3014081867390566, 0.4481174135241996]
2022-01-21 17:08:33:INFO:-------------Training local models-------------
2022-01-21 17:10:30:INFO:-------------Aggregating local models-------------
2022-01-21 17:10:31:INFO:-------------Round number: 5-------------
2022-01-21 17:10:31:INFO:-------------Sending models-------------
2022-01-21 17:10:31:INFO:-------------Evaluating models-------------
2022-01-21 17:10:31:INFO:Average Global Accuracy and Loss for Each Task:
2022-01-21 17:10:31:INFO:Accuracy = [0.8181818181818182, 0.9272727272727272, 0.8615909090909091, 0.8970454545454546, 0.8288636363636364, 0.9111363636363636, 0.8534090909090909, 0.8454545454545455, 0.9120454545454545, 0.7913636363636364]
2022-01-21 17:10:31:INFO:Loss = [0.4907899905207821, 0.2806066639806059, 0.4093710389369252, 0.3150381963996386, 0.4722929198548875, 0.3188342735721645, 0.3656917945397171, 0.5942242635033008, 0.2937462068755518, 0.444636396242475]
2022-01-21 17:10:31:INFO:-------------Training local models-------------
2022-01-21 17:12:27:INFO:-------------Aggregating local models-------------
2022-01-21 17:12:28:INFO:-------------Round number: 6-------------
2022-01-21 17:12:28:INFO:-------------Sending models-------------
2022-01-21 17:12:28:INFO:-------------Evaluating models-------------
2022-01-21 17:12:29:INFO:Average Global Accuracy and Loss for Each Task:
2022-01-21 17:12:29:INFO:Accuracy = [0.8181818181818182, 0.9272727272727272, 0.8634090909090909, 0.9009090909090909, 0.8309090909090909, 0.9109090909090909, 0.8540909090909091, 0.8454545454545455, 0.9097727272727273, 0.7943181818181818]
2022-01-21 17:12:29:INFO:Loss = [0.4879779570492577, 0.2727774779735641, 0.401482469944114, 0.30425434771247883, 0.4666697425556115, 0.3174803132699294, 0.3671715029345995, 0.5989842800635167, 0.28827776681758804, 0.4408171323890036]
2022-01-21 17:12:29:INFO:-------------Training local models-------------
2022-01-21 17:14:25:INFO:-------------Aggregating local models-------------
2022-01-21 17:14:26:INFO:-------------Round number: 7-------------
2022-01-21 17:14:26:INFO:-------------Sending models-------------
2022-01-21 17:14:26:INFO:-------------Evaluating models-------------
2022-01-21 17:14:27:INFO:Average Global Accuracy and Loss for Each Task:
2022-01-21 17:14:27:INFO:Accuracy = [0.8184090909090909, 0.9281818181818182, 0.865909090909091, 0.9029545454545455, 0.8320454545454545, 0.9109090909090909, 0.8543181818181819, 0.8454545454545455, 0.9084090909090909, 0.7970454545454545]
2022-01-21 17:14:27:INFO:Loss = [0.4850327574161135, 0.2669539637567306, 0.39391475660218433, 0.2958882837323472, 0.46138631703691896, 0.3170485009354624, 0.36926866436631167, 0.6025944242507897, 0.2840123266510835, 0.43701225067912175]
2022-01-21 17:14:27:INFO:-------------Training local models-------------
2022-01-21 17:16:23:INFO:-------------Aggregating local models-------------
2022-01-21 17:16:24:INFO:-------------Round number: 8-------------
2022-01-21 17:16:24:INFO:-------------Sending models-------------
2022-01-21 17:16:24:INFO:-------------Evaluating models-------------
2022-01-21 17:16:24:INFO:Average Global Accuracy and Loss for Each Task:
2022-01-21 17:16:24:INFO:Accuracy = [0.8193181818181818, 0.93, 0.8665909090909091, 0.9043181818181818, 0.8327272727272728, 0.9118181818181819, 0.8561363636363636, 0.8454545454545455, 0.9079545454545455, 0.8022727272727272]
2022-01-21 17:16:24:INFO:Loss = [0.4821954037729566, 0.26263937907378104, 0.387006527303972, 0.2893782291688364, 0.4565350712414577, 0.31718803252813155, 0.3715284315699881, 0.6054941213520413, 0.28046432129657745, 0.43334753049791536]
2022-01-21 17:16:24:INFO:-------------Training local models-------------
2022-01-21 17:18:21:INFO:-------------Aggregating local models-------------
2022-01-21 17:18:22:INFO:-------------Round number: 9-------------
2022-01-21 17:18:22:INFO:-------------Sending models-------------
2022-01-21 17:18:22:INFO:-------------Evaluating models-------------
2022-01-21 17:18:22:INFO:Average Global Accuracy and Loss for Each Task:
2022-01-21 17:18:22:INFO:Accuracy = [0.8204545454545454, 0.9318181818181818, 0.8670454545454546, 0.9061363636363636, 0.8325, 0.9129545454545455, 0.8568181818181818, 0.8454545454545455, 0.9077272727272727, 0.8052272727272727]
2022-01-21 17:18:22:INFO:Loss = [0.479520444071386, 0.2593855900457129, 0.38089709132698113, 0.2842670434302735, 0.45210962622976775, 0.31765276336068793, 0.37380513467783616, 0.6078207538336177, 0.27728212594096974, 0.42983183388767593]
2022-01-21 17:18:22:INFO:-------------Training local models-------------
2022-01-21 17:20:19:INFO:-------------Aggregating local models-------------
2022-01-21 17:20:20:INFO:-------------Round number: 10-------------
2022-01-21 17:20:20:INFO:-------------Sending models-------------
2022-01-21 17:20:20:INFO:-------------Evaluating models-------------
2022-01-21 17:20:20:INFO:Average Global Accuracy and Loss for Each Task:
2022-01-21 17:20:20:INFO:Accuracy = [0.8220454545454545, 0.9331818181818182, 0.8695454545454545, 0.9068181818181819, 0.8329545454545455, 0.9143181818181818, 0.8579545454545454, 0.8454545454545455, 0.9081818181818182, 0.8104545454545454]
2022-01-21 17:20:20:INFO:Loss = [0.47701004056672736, 0.25688910357103767, 0.37556007060603325, 0.28019142626065086, 0.4481110557765615, 0.3183381622509015, 0.37575399835424667, 0.6096321974457665, 0.274454446405765, 0.4265201209113002]
2022-01-21 17:20:20:INFO:-------------Training local models-------------
2022-01-21 17:22:17:INFO:-------------Aggregating local models-------------
2022-01-21 17:22:18:INFO:-------------Round number: 11-------------
2022-01-21 17:22:18:INFO:-------------Sending models-------------
2022-01-21 17:22:18:INFO:-------------Evaluating models-------------
2022-01-21 17:22:18:INFO:Average Global Accuracy and Loss for Each Task:
2022-01-21 17:22:18:INFO:Accuracy = [0.8238636363636364, 0.9336363636363636, 0.8736363636363637, 0.9068181818181819, 0.8331818181818181, 0.9138636363636363, 0.8584090909090909, 0.8454545454545455, 0.9095454545454545, 0.8120454545454545]
2022-01-21 17:22:18:INFO:Loss = [0.4746862512547523, 0.2548091613370079, 0.37095448274631054, 0.27686141024301336, 0.44445193577663633, 0.3191031412115659, 0.3773600554961542, 0.6109890056329526, 0.27191099557411774, 0.42347984122620386]
2022-01-21 17:22:18:INFO:-------------Training local models-------------
2022-01-21 17:24:14:INFO:-------------Aggregating local models-------------
2022-01-21 17:24:15:INFO:-------------Round number: 12-------------
2022-01-21 17:24:15:INFO:-------------Sending models-------------
2022-01-21 17:24:15:INFO:-------------Evaluating models-------------
2022-01-21 17:24:16:INFO:Average Global Accuracy and Loss for Each Task:
2022-01-21 17:24:16:INFO:Accuracy = [0.8270454545454545, 0.9345454545454546, 0.8763636363636363, 0.9070454545454546, 0.8343181818181818, 0.9147727272727273, 0.8604545454545455, 0.8454545454545455, 0.9102272727272728, 0.8145454545454546]
2022-01-21 17:24:16:INFO:Loss = [0.47252794212333604, 0.25294628452551976, 0.36700524331112816, 0.27409941768062046, 0.44108533130493016, 0.3198559912154451, 0.37866744714662093, 0.6119230296399275, 0.2695620865359987, 0.420806564534591]
2022-01-21 17:24:16:INFO:-------------Training local models-------------
2022-01-21 17:26:12:INFO:-------------Aggregating local models-------------
2022-01-21 17:26:13:INFO:-------------Round number: 13-------------
2022-01-21 17:26:13:INFO:-------------Sending models-------------
2022-01-21 17:26:13:INFO:-------------Evaluating models-------------
2022-01-21 17:26:13:INFO:Average Global Accuracy and Loss for Each Task:
2022-01-21 17:26:13:INFO:Accuracy = [0.8302272727272727, 0.9354545454545454, 0.8802272727272727, 0.9054545454545454, 0.8359090909090909, 0.9152272727272728, 0.8615909090909091, 0.8456818181818182, 0.9106818181818181, 0.8152272727272727]
2022-01-21 17:26:13:INFO:Loss = [0.47047424715975383, 0.25116100068500435, 0.36360847437330945, 0.271735931658821, 0.4379369308346544, 0.32054921639448203, 0.3796974300152876, 0.6124955408317461, 0.26741751776267353, 0.41857619386124]
2022-01-21 17:26:13:INFO:-------------Training local models-------------
2022-01-21 17:28:10:INFO:-------------Aggregating local models-------------
2022-01-21 17:28:11:INFO:-------------Round number: 14-------------
2022-01-21 17:28:11:INFO:-------------Sending models-------------
2022-01-21 17:28:11:INFO:-------------Evaluating models-------------
2022-01-21 17:28:11:INFO:Average Global Accuracy and Loss for Each Task:
2022-01-21 17:28:11:INFO:Accuracy = [0.8325, 0.9359090909090909, 0.8815909090909091, 0.9043181818181818, 0.8372727272727273, 0.9152272727272728, 0.8629545454545454, 0.845, 0.9120454545454545, 0.8177272727272727]
2022-01-21 17:28:11:INFO:Loss = [0.4685229389621368, 0.2493978466817432, 0.36069355428494004, 0.26968451306880026, 0.4350268995082429, 0.32121143260843715, 0.3804082380607724, 0.6127531210913069, 0.2654579922488086, 0.41677772936792196]
2022-01-21 17:28:11:INFO:-------------Training local models-------------
2022-01-21 17:30:08:INFO:-------------Aggregating local models-------------
2022-01-21 17:30:09:INFO:-------------Round number: 15-------------
2022-01-21 17:30:09:INFO:-------------Sending models-------------
2022-01-21 17:30:09:INFO:-------------Evaluating models-------------
2022-01-21 17:30:09:INFO:Average Global Accuracy and Loss for Each Task:
2022-01-21 17:30:09:INFO:Accuracy = [0.8345454545454546, 0.9361363636363637, 0.8829545454545454, 0.9043181818181818, 0.8384090909090909, 0.9147727272727273, 0.8652272727272727, 0.8454545454545455, 0.9125, 0.8193181818181818]
2022-01-21 17:30:09:INFO:Loss = [0.4666500325600447, 0.24758259532232346, 0.3581539336634292, 0.26785790486028416, 0.4322617048350036, 0.32181868811603637, 0.3808263169961389, 0.6127202153830281, 0.263669021067273, 0.4153702867810022]
2022-01-21 17:30:09:INFO:-------------Training local models-------------
2022-01-21 17:32:06:INFO:-------------Aggregating local models-------------
2022-01-21 17:32:07:INFO:-------------Round number: 16-------------
2022-01-21 17:32:07:INFO:-------------Sending models-------------
2022-01-21 17:32:07:INFO:-------------Evaluating models-------------
2022-01-21 17:32:07:INFO:Average Global Accuracy and Loss for Each Task:
2022-01-21 17:32:07:INFO:Accuracy = [0.8363636363636363, 0.9375, 0.8856818181818182, 0.9036363636363637, 0.8388636363636364, 0.9147727272727273, 0.8670454545454546, 0.8454545454545455, 0.913409090909091, 0.8229545454545455]
2022-01-21 17:32:07:INFO:Loss = [0.4648353088827042, 0.2456831282703206, 0.3559136098060249, 0.2662369635527615, 0.42962080008741893, 0.32235500740776346, 0.3808953631669283, 0.6124098990504122, 0.26204485024897045, 0.41431697728747335]
2022-01-21 17:32:07:INFO:-------------Training local models-------------
2022-01-21 17:34:04:INFO:-------------Aggregating local models-------------
2022-01-21 17:34:05:INFO:-------------Round number: 17-------------
2022-01-21 17:34:05:INFO:-------------Sending models-------------
2022-01-21 17:34:05:INFO:-------------Evaluating models-------------
2022-01-21 17:34:05:INFO:Average Global Accuracy and Loss for Each Task:
2022-01-21 17:34:05:INFO:Accuracy = [0.8384090909090909, 0.9379545454545455, 0.8879545454545454, 0.9034090909090909, 0.8413636363636363, 0.9145454545454546, 0.8679545454545454, 0.8459090909090909, 0.9140909090909091, 0.8243181818181818]
2022-01-21 17:34:05:INFO:Loss = [0.4630828415646895, 0.24388017651561478, 0.3539389205937782, 0.2648048872117546, 0.42710416491079906, 0.32283267323139375, 0.38073787523264235, 0.611965073981661, 0.26058317365294154, 0.4135423345237293]
2022-01-21 17:34:05:INFO:-------------Training local models-------------
2022-01-21 17:36:02:INFO:-------------Aggregating local models-------------
2022-01-21 17:36:03:INFO:-------------Round number: 18-------------
2022-01-21 17:36:03:INFO:-------------Sending models-------------
2022-01-21 17:36:03:INFO:-------------Evaluating models-------------
2022-01-21 17:36:03:INFO:Average Global Accuracy and Loss for Each Task:
2022-01-21 17:36:03:INFO:Accuracy = [0.8406818181818182, 0.9384090909090909, 0.8897727272727273, 0.9025, 0.8418181818181818, 0.915, 0.8697727272727273, 0.8472727272727273, 0.9159090909090909, 0.8263636363636364]
2022-01-21 17:36:03:INFO:Loss = [0.4614071650753348, 0.24205691991691394, 0.35216321887829427, 0.2635311790339818, 0.42468136173874055, 0.3232075854500925, 0.38033690252764657, 0.6113810799793679, 0.25928023832913655, 0.41299133607800204]
2022-01-21 17:36:03:INFO:-------------Training local models-------------
2022-01-21 17:37:59:INFO:-------------Aggregating local models-------------
2022-01-21 17:38:00:INFO:-------------Round number: 19-------------
2022-01-21 17:38:00:INFO:-------------Sending models-------------
2022-01-21 17:38:01:INFO:-------------Evaluating models-------------
2022-01-21 17:38:01:INFO:Average Global Accuracy and Loss for Each Task:
2022-01-21 17:38:01:INFO:Accuracy = [0.8420454545454545, 0.9386363636363636, 0.8911363636363636, 0.9034090909090909, 0.8431818181818181, 0.9143181818181818, 0.8706818181818182, 0.8470454545454545, 0.9168181818181819, 0.8288636363636364]
2022-01-21 17:38:01:INFO:Loss = [0.45982400517466226, 0.24023836474357682, 0.3505398362684487, 0.2624062343712219, 0.42235738375033677, 0.3234996112899601, 0.3796950116340833, 0.6107129965273833, 0.2581174269260373, 0.41259012162389064]
2022-01-21 17:38:01:INFO:-------------Training local models-------------
2022-01-21 17:39:57:INFO:-------------Aggregating local models-------------
2022-01-21 17:39:58:INFO:-------------Round number: 20-------------
2022-01-21 17:39:58:INFO:-------------Sending models-------------
2022-01-21 17:39:58:INFO:-------------Evaluating models-------------
2022-01-21 17:39:59:INFO:Average Global Accuracy and Loss for Each Task:
2022-01-21 17:39:59:INFO:Accuracy = [0.8434090909090909, 0.9388636363636363, 0.8925, 0.9036363636363637, 0.8461363636363637, 0.9143181818181818, 0.8722727272727273, 0.8477272727272728, 0.9188636363636363, 0.8309090909090909]
2022-01-21 17:39:59:INFO:Loss = [0.458356133981248, 0.23843643499368972, 0.3490299963836812, 0.26143323725343426, 0.4201416728176727, 0.32374286470955915, 0.3788581531505439, 0.6100294802655382, 0.25709381371535445, 0.4123124549408782]
2022-01-21 17:39:59:INFO:-------------Training local models-------------
2022-01-21 17:41:55:INFO:-------------Aggregating local models-------------
2022-01-21 17:41:56:INFO:-------------Round number: 21-------------
2022-01-21 17:41:56:INFO:-------------Sending models-------------
2022-01-21 17:41:56:INFO:-------------Evaluating models-------------
2022-01-21 17:41:56:INFO:Average Global Accuracy and Loss for Each Task:
2022-01-21 17:41:56:INFO:Accuracy = [0.8461363636363637, 0.9388636363636363, 0.8936363636363637, 0.9038636363636363, 0.8470454545454545, 0.9143181818181818, 0.8738636363636364, 0.8490909090909091, 0.9204545454545454, 0.8336363636363636]
2022-01-21 17:41:56:INFO:Loss = [0.45698325973247517, 0.23677281255473975, 0.3476540033419786, 0.26068283783917484, 0.41804577383445574, 0.3239586338718337, 0.37786835189591245, 0.6094678314423866, 0.2562033250557513, 0.41214684002651747]
2022-01-21 17:41:56:INFO:-------------Training local models-------------
2022-01-21 17:43:53:INFO:-------------Aggregating local models-------------
2022-01-21 17:43:54:INFO:-------------Round number: 22-------------
2022-01-21 17:43:54:INFO:-------------Sending models-------------
2022-01-21 17:43:54:INFO:-------------Evaluating models-------------
2022-01-21 17:43:54:INFO:Average Global Accuracy and Loss for Each Task:
2022-01-21 17:43:54:INFO:Accuracy = [0.8481818181818181, 0.9390909090909091, 0.895, 0.9034090909090909, 0.8481818181818181, 0.9145454545454546, 0.8752272727272727, 0.8522727272727273, 0.9227272727272727, 0.8352272727272727]
2022-01-21 17:43:54:INFO:Loss = [0.4559501894881991, 0.23519553961655634, 0.3463795607830186, 0.2601631375114349, 0.41600645193353886, 0.324134704020848, 0.3767665818333626, 0.609111459820997, 0.25551380346402186, 0.4120510797280903]
2022-01-21 17:43:54:INFO:-------------Training local models-------------
2022-01-21 17:45:51:INFO:-------------Aggregating local models-------------
2022-01-21 17:45:52:INFO:-------------Round number: 23-------------
2022-01-21 17:45:52:INFO:-------------Sending models-------------
2022-01-21 17:45:52:INFO:-------------Evaluating models-------------
2022-01-21 17:45:52:INFO:Average Global Accuracy and Loss for Each Task:
2022-01-21 17:45:52:INFO:Accuracy = [0.8486363636363636, 0.9390909090909091, 0.8961363636363636, 0.9034090909090909, 0.8497727272727272, 0.9143181818181818, 0.8772727272727273, 0.8540909090909091, 0.9231818181818182, 0.8361363636363637]
2022-01-21 17:45:52:INFO:Loss = [0.4547997565813024, 0.23365364074812864, 0.34516972387897443, 0.25975857961721804, 0.4141204110087446, 0.32426593665414577, 0.3756229282737794, 0.608859070268756, 0.25493303300992753, 0.41200235057304696]
2022-01-21 17:45:52:INFO:-------------Training local models-------------
2022-01-21 17:47:49:INFO:-------------Aggregating local models-------------
2022-01-21 17:47:50:INFO:-------------Round number: 24-------------
2022-01-21 17:47:50:INFO:-------------Sending models-------------
2022-01-21 17:47:50:INFO:-------------Evaluating models-------------
2022-01-21 17:47:50:INFO:Average Global Accuracy and Loss for Each Task:
2022-01-21 17:47:50:INFO:Accuracy = [0.8495454545454545, 0.9395454545454546, 0.8972727272727272, 0.9040909090909091, 0.8493181818181819, 0.9147727272727273, 0.8770454545454546, 0.8561363636363636, 0.9238636363636363, 0.836590909090909]
2022-01-21 17:47:50:INFO:Loss = [0.4537229787227592, 0.23213072854348205, 0.3440160985692108, 0.25944602145940404, 0.412394338583743, 0.324373023330488, 0.3743850775883237, 0.608614973620702, 0.2543830144615971, 0.41200669198402795]
2022-01-21 17:47:50:INFO:-------------Training local models-------------
2022-01-21 17:49:47:INFO:-------------Aggregating local models-------------
2022-01-21 17:49:48:INFO:-------------Round number: 25-------------
2022-01-21 17:49:48:INFO:-------------Sending models-------------
2022-01-21 17:49:48:INFO:-------------Evaluating models-------------
2022-01-21 17:49:48:INFO:Average Global Accuracy and Loss for Each Task:
2022-01-21 17:49:48:INFO:Accuracy = [0.8502272727272727, 0.9402272727272727, 0.8986363636363637, 0.9034090909090909, 0.8495454545454545, 0.9152272727272728, 0.8777272727272727, 0.8572727272727273, 0.9259090909090909, 0.8379545454545455]
2022-01-21 17:49:48:INFO:Loss = [0.45272872657938434, 0.2306540143893058, 0.34292371864589355, 0.25922961979469455, 0.4107519536628388, 0.3244270223870196, 0.3731121541810518, 0.6084037227085156, 0.25390282716252843, 0.41203483452343126]
2022-01-21 17:49:48:INFO:-------------Training local models-------------
2022-01-21 17:51:45:INFO:-------------Aggregating local models-------------
2022-01-21 17:51:46:INFO:-------------Round number: 26-------------
2022-01-21 17:51:46:INFO:-------------Sending models-------------
2022-01-21 17:51:46:INFO:-------------Evaluating models-------------
2022-01-21 17:51:46:INFO:Average Global Accuracy and Loss for Each Task:
2022-01-21 17:51:46:INFO:Accuracy = [0.8513636363636363, 0.9404545454545454, 0.9, 0.9022727272727272, 0.8515909090909091, 0.9152272727272728, 0.8797727272727273, 0.8565909090909091, 0.9272727272727272, 0.8388636363636364]
2022-01-21 17:51:46:INFO:Loss = [0.45181424625016836, 0.22925482055764984, 0.3418746659870852, 0.2591169921120375, 0.40922603278939446, 0.32440995233006437, 0.371883078805298, 0.6082589049098632, 0.25348675742703064, 0.4120938810350543]
2022-01-21 17:51:46:INFO:-------------Training local models-------------
2022-01-21 17:53:42:INFO:-------------Aggregating local models-------------
2022-01-21 17:53:43:INFO:-------------Round number: 27-------------
2022-01-21 17:53:43:INFO:-------------Sending models-------------
2022-01-21 17:53:44:INFO:-------------Evaluating models-------------
2022-01-21 17:53:44:INFO:Average Global Accuracy and Loss for Each Task:
2022-01-21 17:53:44:INFO:Accuracy = [0.8520454545454546, 0.9404545454545454, 0.9009090909090909, 0.9020454545454546, 0.8513636363636363, 0.915, 0.8818181818181818, 0.8584090909090909, 0.9279545454545455, 0.8393181818181819]
2022-01-21 17:53:44:INFO:Loss = [0.4509707892967113, 0.22784045803974468, 0.3408473585599991, 0.2590614411921706, 0.4077960323859853, 0.32443259446564215, 0.3706698666247328, 0.6081137042016383, 0.2531275024103128, 0.41214389022101056]
2022-01-21 17:53:44:INFO:-------------Training local models-------------
2022-01-21 17:55:40:INFO:-------------Aggregating local models-------------
2022-01-21 17:55:41:INFO:-------------Round number: 28-------------
2022-01-21 17:55:41:INFO:-------------Sending models-------------
2022-01-21 17:55:41:INFO:-------------Evaluating models-------------
2022-01-21 17:55:42:INFO:Average Global Accuracy and Loss for Each Task:
2022-01-21 17:55:42:INFO:Accuracy = [0.8531818181818182, 0.9402272727272727, 0.9006818181818181, 0.9022727272727272, 0.8534090909090909, 0.9154545454545454, 0.8818181818181818, 0.8597727272727272, 0.9293181818181818, 0.8409090909090909]
2022-01-21 17:55:42:INFO:Loss = [0.4502102261451496, 0.22647774115321226, 0.33985539064689707, 0.25909347321086734, 0.40646044660031544, 0.3244694288110953, 0.3695780301461293, 0.6080446858715731, 0.25286021368863826, 0.4122319524388083]
2022-01-21 17:55:42:INFO:-------------Training local models-------------
2022-01-21 17:57:38:INFO:-------------Aggregating local models-------------
2022-01-21 17:57:39:INFO:-------------Round number: 29-------------
2022-01-21 17:57:39:INFO:-------------Sending models-------------
2022-01-21 17:57:39:INFO:-------------Evaluating models-------------
2022-01-21 17:57:40:INFO:Average Global Accuracy and Loss for Each Task:
2022-01-21 17:57:40:INFO:Accuracy = [0.8540909090909091, 0.9404545454545454, 0.9018181818181819, 0.9015909090909091, 0.8525, 0.9152272727272728, 0.8818181818181818, 0.860909090909091, 0.9293181818181818, 0.8413636363636363]
2022-01-21 17:57:40:INFO:Loss = [0.44949628820997367, 0.22519880940089934, 0.33889901714124293, 0.2592078794460659, 0.40520246741891075, 0.3244673864619637, 0.3686058139068667, 0.6080722732792228, 0.2526616597013675, 0.41234486071466975]
2022-01-21 17:57:40:INFO:-------------Training local models-------------
2022-01-21 17:59:36:INFO:-------------Aggregating local models-------------
2022-01-21 17:59:37:INFO:-------------Round number: 30-------------
2022-01-21 17:59:37:INFO:-------------Sending models-------------
2022-01-21 17:59:37:INFO:-------------Evaluating models-------------
2022-01-21 17:59:38:INFO:Average Global Accuracy and Loss for Each Task:
2022-01-21 17:59:38:INFO:Accuracy = [0.8545454545454545, 0.9404545454545454, 0.9020454545454546, 0.9027272727272727, 0.8531818181818182, 0.9159090909090909, 0.8818181818181818, 0.8629545454545454, 0.9297727272727273, 0.8427272727272728]
2022-01-21 17:59:38:INFO:Loss = [0.44881496318954633, 0.22394990686972796, 0.3379735316552052, 0.2593544229198332, 0.40398882625476373, 0.32443864671195943, 0.3676920901814645, 0.6081264839735179, 0.2524903618537461, 0.41247261409721847]
2022-01-21 17:59:38:INFO:-------------Training local models-------------
2022-01-21 18:01:34:INFO:-------------Aggregating local models-------------
2022-01-21 18:01:35:INFO:-------------Round number: 31-------------
2022-01-21 18:01:35:INFO:-------------Sending models-------------
2022-01-21 18:01:35:INFO:-------------Evaluating models-------------
2022-01-21 18:01:35:INFO:Average Global Accuracy and Loss for Each Task:
2022-01-21 18:01:35:INFO:Accuracy = [0.8545454545454545, 0.9409090909090909, 0.9020454545454546, 0.9034090909090909, 0.8531818181818182, 0.9159090909090909, 0.8829545454545454, 0.8638636363636364, 0.9297727272727273, 0.8429545454545454]
2022-01-21 18:01:35:INFO:Loss = [0.44819607391757676, 0.22270699281520634, 0.33706339837835086, 0.25953081604569556, 0.40281621960563246, 0.3243646994159049, 0.366910233796807, 0.6082405865843281, 0.2523711673410038, 0.4126039230672177]
2022-01-21 18:01:35:INFO:-------------Training local models-------------
2022-01-21 18:03:32:INFO:-------------Aggregating local models-------------
2022-01-21 18:03:33:INFO:-------------Round number: 32-------------
2022-01-21 18:03:33:INFO:-------------Sending models-------------
2022-01-21 18:03:33:INFO:-------------Evaluating models-------------
2022-01-21 18:03:33:INFO:Average Global Accuracy and Loss for Each Task:
2022-01-21 18:03:33:INFO:Accuracy = [0.855, 0.9411363636363637, 0.9027272727272727, 0.9047727272727273, 0.8536363636363636, 0.9168181818181819, 0.884090909090909, 0.8640909090909091, 0.9295454545454546, 0.8431818181818181]
2022-01-21 18:03:33:INFO:Loss = [0.44766291281293064, 0.22151233422707511, 0.336187893350143, 0.25974769416021776, 0.4016867868036074, 0.3242971324827522, 0.3662381980922708, 0.6083669108079366, 0.2522743004133438, 0.41271892126956533]
2022-01-21 18:03:33:INFO:-------------Training local models-------------
2022-01-21 18:05:30:INFO:-------------Aggregating local models-------------
2022-01-21 18:05:31:INFO:-------------Round number: 33-------------
2022-01-21 18:05:31:INFO:-------------Sending models-------------
2022-01-21 18:05:31:INFO:-------------Evaluating models-------------
2022-01-21 18:05:31:INFO:Average Global Accuracy and Loss for Each Task:
2022-01-21 18:05:31:INFO:Accuracy = [0.8563636363636363, 0.9418181818181818, 0.9034090909090909, 0.9047727272727273, 0.8540909090909091, 0.9172727272727272, 0.8845454545454545, 0.865, 0.9293181818181818, 0.8445454545454546]
2022-01-21 18:05:31:INFO:Loss = [0.44718729840083554, 0.22030433088287033, 0.3353336840116588, 0.2599880949112544, 0.4005933266043113, 0.3242320902174635, 0.3656920205743518, 0.6085416836658789, 0.2522437100806697, 0.4128676146205345]
2022-01-21 18:05:31:INFO:-------------Training local models-------------
2022-01-21 18:07:28:INFO:-------------Aggregating local models-------------
2022-01-21 18:07:29:INFO:-------------Round number: 34-------------
2022-01-21 18:07:29:INFO:-------------Sending models-------------
2022-01-21 18:07:29:INFO:-------------Evaluating models-------------
2022-01-21 18:07:29:INFO:Average Global Accuracy and Loss for Each Task:
2022-01-21 18:07:29:INFO:Accuracy = [0.8561363636363636, 0.9420454545454545, 0.9034090909090909, 0.9054545454545454, 0.8552272727272727, 0.9179545454545455, 0.885, 0.8652272727272727, 0.9290909090909091, 0.8452272727272727]
2022-01-21 18:07:29:INFO:Loss = [0.4467531222384423, 0.21918796670400875, 0.33449503204372544, 0.26023300126226706, 0.39957513367064, 0.32419361063035795, 0.3652594903293489, 0.6087216211313551, 0.2522233553199013, 0.4130228684659497]
2022-01-21 18:07:29:INFO:-------------Training local models-------------
2022-01-21 18:09:26:INFO:-------------Aggregating local models-------------
2022-01-21 18:09:27:INFO:-------------Round number: 35-------------
2022-01-21 18:09:27:INFO:-------------Sending models-------------
2022-01-21 18:09:27:INFO:-------------Evaluating models-------------
2022-01-21 18:09:27:INFO:Average Global Accuracy and Loss for Each Task:
2022-01-21 18:09:27:INFO:Accuracy = [0.8565909090909091, 0.9418181818181818, 0.9036363636363637, 0.905, 0.8552272727272727, 0.9179545454545455, 0.885, 0.8654545454545455, 0.9290909090909091, 0.8459090909090909]
2022-01-21 18:09:27:INFO:Loss = [0.44638452053953764, 0.2181775321760638, 0.33367389923713003, 0.2604725459953029, 0.39856851487235295, 0.3241739058057481, 0.3649623803942549, 0.6089175010962539, 0.25223211592449596, 0.4131797378247773]
2022-01-21 18:09:27:INFO:-------------Training local models-------------
2022-01-21 18:11:24:INFO:-------------Aggregating local models-------------
2022-01-21 18:11:25:INFO:-------------Round number: 36-------------
2022-01-21 18:11:25:INFO:-------------Sending models-------------
2022-01-21 18:11:25:INFO:-------------Evaluating models-------------
2022-01-21 18:11:25:INFO:Average Global Accuracy and Loss for Each Task:
2022-01-21 18:11:25:INFO:Accuracy = [0.8577272727272728, 0.9420454545454545, 0.9043181818181818, 0.9047727272727273, 0.855909090909091, 0.9188636363636363, 0.8856818181818182, 0.8656818181818182, 0.9281818181818182, 0.8465909090909091]
2022-01-21 18:11:25:INFO:Loss = [0.4460618257906224, 0.21719782011403532, 0.3328729963821719, 0.2607074788578426, 0.39758778264539696, 0.32415158778577197, 0.36474969481192104, 0.6091320940129332, 0.25224815791933164, 0.4133304690037304]
2022-01-21 18:11:25:INFO:-------------Training local models-------------
2022-01-21 18:13:22:INFO:-------------Aggregating local models-------------
2022-01-21 18:13:23:INFO:-------------Round number: 37-------------
2022-01-21 18:13:23:INFO:-------------Sending models-------------
2022-01-21 18:13:23:INFO:-------------Evaluating models-------------
2022-01-21 18:13:23:INFO:Average Global Accuracy and Loss for Each Task:
2022-01-21 18:13:23:INFO:Accuracy = [0.8575, 0.9420454545454545, 0.9040909090909091, 0.9038636363636363, 0.8568181818181818, 0.9195454545454546, 0.8859090909090909, 0.865909090909091, 0.9281818181818182, 0.8481818181818181]
2022-01-21 18:13:23:INFO:Loss = [0.4457722259095383, 0.21621916816749778, 0.3320939321277282, 0.2609398906748869, 0.39661795406612904, 0.32412868933328853, 0.3646138439081948, 0.6093675311707722, 0.2522909910685319, 0.413471850741189]
2022-01-21 18:13:23:INFO:-------------Training local models-------------
2022-01-21 18:15:20:INFO:-------------Aggregating local models-------------
2022-01-21 18:15:21:INFO:-------------Round number: 38-------------
2022-01-21 18:15:21:INFO:-------------Sending models-------------
2022-01-21 18:15:21:INFO:-------------Evaluating models-------------
2022-01-21 18:15:21:INFO:Average Global Accuracy and Loss for Each Task:
2022-01-21 18:15:21:INFO:Accuracy = [0.8575, 0.9427272727272727, 0.9038636363636363, 0.9036363636363637, 0.8584090909090909, 0.9195454545454546, 0.8865909090909091, 0.8661363636363636, 0.928409090909091, 0.8481818181818181]
2022-01-21 18:15:21:INFO:Loss = [0.4455552085802827, 0.21529219864698296, 0.3313492836634396, 0.26117146108643446, 0.39570946202385876, 0.3241525197465142, 0.3645755099619485, 0.6096105660348919, 0.25237150577357337, 0.41364399853786876]
2022-01-21 18:15:21:INFO:-------------Training local models-------------
2022-01-21 18:17:18:INFO:-------------Aggregating local models-------------
2022-01-21 18:17:19:INFO:-------------Round number: 39-------------
2022-01-21 18:17:19:INFO:-------------Sending models-------------
2022-01-21 18:17:19:INFO:-------------Evaluating models-------------
2022-01-21 18:17:19:INFO:Average Global Accuracy and Loss for Each Task:
2022-01-21 18:17:19:INFO:Accuracy = [0.8577272727272728, 0.9429545454545455, 0.9043181818181818, 0.9036363636363637, 0.8588636363636364, 0.9195454545454546, 0.8865909090909091, 0.8665909090909091, 0.928409090909091, 0.8493181818181819]
2022-01-21 18:17:19:INFO:Loss = [0.44530738365984607, 0.21439756033677523, 0.33060693211604797, 0.2613931009839606, 0.394792288520892, 0.3241400025642096, 0.3646104503184853, 0.6098520894751842, 0.2524793482128933, 0.4138356494055849]
2022-01-21 18:17:19:INFO:-------------Training local models-------------
2022-01-21 18:19:15:INFO:-------------Aggregating local models-------------
