2022-01-21 17:02:22:INFO:-------------Round number: 0-------------
2022-01-21 17:02:22:INFO:-------------Sending models-------------
2022-01-21 17:02:22:INFO:-------------Evaluating models-------------
2022-01-21 17:02:22:INFO:Average Global Accuracy and Loss for Each Task:
2022-01-21 17:02:22:INFO:Accuracy = [0.9045226130653267, 0.8994974874371859, 0.8994974874371859, 0.8994974874371859, 0.8994974874371859, 0.10050251256281408, 0.10050251256281408, 0.10050251256281408, 0.10050251256281408, 0.8994974874371859]
2022-01-21 17:02:22:INFO:Loss = [0.6598240086181679, 0.6540545683410299, 0.66586336448564, 0.6581337074538571, 0.6606102061631093, 0.7393000775845207, 0.741513819550749, 0.742316616539979, 0.7425791070089868, 0.6690071129319656]
2022-01-21 17:02:22:INFO:-------------Training local models-------------
2022-01-21 17:04:17:INFO:-------------Aggregating local models-------------
2022-01-21 17:04:18:INFO:-------------Round number: 1-------------
2022-01-21 17:04:18:INFO:-------------Sending models-------------
2022-01-21 17:04:18:INFO:-------------Evaluating models-------------
2022-01-21 17:04:18:INFO:Average Global Accuracy and Loss for Each Task:
2022-01-21 17:04:18:INFO:Accuracy = [0.9045226130653267, 0.8994974874371859, 0.8994974874371859, 0.8994974874371859, 0.8994974874371859, 0.8994974874371859, 0.8994974874371859, 0.8994974874371859, 0.8994974874371859, 0.8592964824120602]
2022-01-21 17:04:18:INFO:Loss = [0.3622503232716316, 0.45299902588278806, 0.44665724757927744, 0.4001757168590124, 0.42731761707732424, 0.4309737808141277, 0.44009995580318584, 0.4542952194884794, 0.390588677708228, 0.5550081478291421]
2022-01-21 17:04:18:INFO:-------------Training local models-------------
2022-01-21 17:06:13:INFO:-------------Aggregating local models-------------
2022-01-21 17:06:14:INFO:-------------Round number: 2-------------
2022-01-21 17:06:14:INFO:-------------Sending models-------------
2022-01-21 17:06:15:INFO:-------------Evaluating models-------------
2022-01-21 17:06:15:INFO:Average Global Accuracy and Loss for Each Task:
2022-01-21 17:06:15:INFO:Accuracy = [0.9047738693467337, 0.8994974874371859, 0.8994974874371859, 0.8994974874371859, 0.8994974874371859, 0.8994974874371859, 0.8994974874371859, 0.8994974874371859, 0.8994974874371859, 0.8693467336683417]
2022-01-21 17:06:15:INFO:Loss = [0.3472793072499522, 0.3695059165583184, 0.3612426212385072, 0.35402809749895603, 0.3619168920433102, 0.3375537203783965, 0.36903664020437693, 0.3553336809328453, 0.32240460865461645, 0.40260803669541323]
2022-01-21 17:06:15:INFO:-------------Training local models-------------
2022-01-21 17:08:10:INFO:-------------Aggregating local models-------------
2022-01-21 17:08:11:INFO:-------------Round number: 3-------------
2022-01-21 17:08:11:INFO:-------------Sending models-------------
2022-01-21 17:08:11:INFO:-------------Evaluating models-------------
2022-01-21 17:08:11:INFO:Average Global Accuracy and Loss for Each Task:
2022-01-21 17:08:11:INFO:Accuracy = [0.9050251256281407, 0.8994974874371859, 0.8994974874371859, 0.8994974874371859, 0.8993718592964824, 0.8994974874371859, 0.8994974874371859, 0.8994974874371859, 0.8994974874371859, 0.8913316582914573]
2022-01-21 17:08:11:INFO:Loss = [0.3560128967703587, 0.3554218715459258, 0.34454298917971665, 0.35245870465609297, 0.3574465662989784, 0.3242194983527888, 0.3601316316942474, 0.3391571058400312, 0.31355255767328655, 0.3527776184094012]
2022-01-21 17:08:11:INFO:-------------Training local models-------------
2022-01-21 17:10:31:INFO:-------------Aggregating local models-------------
2022-01-21 17:10:34:INFO:-------------Round number: 4-------------
2022-01-21 17:10:34:INFO:-------------Sending models-------------
2022-01-21 17:10:34:INFO:-------------Evaluating models-------------
2022-01-21 17:10:34:INFO:Average Global Accuracy and Loss for Each Task:
2022-01-21 17:10:34:INFO:Accuracy = [0.9059045226130653, 0.8989949748743719, 0.8994974874371859, 0.8994974874371859, 0.8996231155778894, 0.8994974874371859, 0.8994974874371859, 0.8994974874371859, 0.900251256281407, 0.8976130653266332]
2022-01-21 17:10:34:INFO:Loss = [0.3608876508871215, 0.35475720667359817, 0.34185815785997475, 0.3542044120817328, 0.3599096699875204, 0.3240257330875301, 0.3605205723688231, 0.3379193891831978, 0.31008602581431516, 0.342278050717397]
2022-01-21 17:10:34:INFO:-------------Training local models-------------
2022-01-21 17:14:27:INFO:-------------Aggregating local models-------------
2022-01-21 17:14:29:INFO:-------------Round number: 5-------------
2022-01-21 17:14:29:INFO:-------------Sending models-------------
2022-01-21 17:14:29:INFO:-------------Evaluating models-------------
2022-01-21 17:14:30:INFO:Average Global Accuracy and Loss for Each Task:
2022-01-21 17:14:30:INFO:Accuracy = [0.9051507537688442, 0.8973618090452261, 0.8994974874371859, 0.8994974874371859, 0.8972361809045226, 0.8994974874371859, 0.8994974874371859, 0.8994974874371859, 0.9011306532663317, 0.8982412060301508]
2022-01-21 17:14:30:INFO:Loss = [0.3620942738187972, 0.3554900391916534, 0.340744329457307, 0.3549087714010747, 0.36126138142604924, 0.3248212632521912, 0.3615109381364219, 0.3381541263518022, 0.30568068485763206, 0.3417576840474977]
2022-01-21 17:14:30:INFO:-------------Training local models-------------
2022-01-21 17:18:22:INFO:-------------Aggregating local models-------------
2022-01-21 17:18:24:INFO:-------------Round number: 6-------------
2022-01-21 17:18:24:INFO:-------------Sending models-------------
2022-01-21 17:18:24:INFO:-------------Evaluating models-------------
2022-01-21 17:18:25:INFO:Average Global Accuracy and Loss for Each Task:
2022-01-21 17:18:25:INFO:Accuracy = [0.9047738693467337, 0.895854271356784, 0.8994974874371859, 0.8994974874371859, 0.8953517587939699, 0.8994974874371859, 0.8994974874371859, 0.8994974874371859, 0.9015075376884422, 0.8993718592964824]
2022-01-21 17:18:25:INFO:Loss = [0.3609637818790635, 0.355624558039047, 0.3389811676051748, 0.3544942821989107, 0.36119101454864194, 0.32474282219182304, 0.36191290527132886, 0.3377846021149027, 0.3002091165463529, 0.34302691164328225]
2022-01-21 17:18:25:INFO:-------------Training local models-------------
2022-01-21 17:22:17:INFO:-------------Aggregating local models-------------
2022-01-21 17:22:19:INFO:-------------Round number: 7-------------
2022-01-21 17:22:19:INFO:-------------Sending models-------------
2022-01-21 17:22:19:INFO:-------------Evaluating models-------------
2022-01-21 17:22:20:INFO:Average Global Accuracy and Loss for Each Task:
2022-01-21 17:22:20:INFO:Accuracy = [0.9031407035175879, 0.8942211055276382, 0.8996231155778894, 0.8989949748743719, 0.8956030150753769, 0.8994974874371859, 0.8994974874371859, 0.8994974874371859, 0.9025125628140703, 0.9008793969849246]
2022-01-21 17:22:20:INFO:Loss = [0.35862813326038756, 0.3549732365200867, 0.33634196498885227, 0.3532755818199273, 0.3601802201127287, 0.3236437417454456, 0.3617197505792781, 0.33665801966609665, 0.29413936695261816, 0.3440009655065872]
2022-01-21 17:22:20:INFO:-------------Training local models-------------
2022-01-21 17:26:12:INFO:-------------Aggregating local models-------------
2022-01-21 17:26:15:INFO:-------------Round number: 8-------------
2022-01-21 17:26:15:INFO:-------------Sending models-------------
2022-01-21 17:26:15:INFO:-------------Evaluating models-------------
2022-01-21 17:26:15:INFO:Average Global Accuracy and Loss for Each Task:
2022-01-21 17:26:15:INFO:Accuracy = [0.9026381909547738, 0.8935929648241207, 0.9006281407035176, 0.8996231155778894, 0.8956030150753769, 0.8994974874371859, 0.8994974874371859, 0.8994974874371859, 0.9038944723618091, 0.9008793969849246]
2022-01-21 17:26:15:INFO:Loss = [0.35576116170116406, 0.353701304550746, 0.33296864880389304, 0.35150188626955503, 0.35862039860768535, 0.32164653282069683, 0.36107694743266655, 0.3348808676453691, 0.28783047693458635, 0.34420477100952185]
2022-01-21 17:26:15:INFO:-------------Training local models-------------
2022-01-21 17:30:08:INFO:-------------Aggregating local models-------------
2022-01-21 17:30:10:INFO:-------------Round number: 9-------------
2022-01-21 17:30:10:INFO:-------------Sending models-------------
2022-01-21 17:30:10:INFO:-------------Evaluating models-------------
2022-01-21 17:30:11:INFO:Average Global Accuracy and Loss for Each Task:
2022-01-21 17:30:11:INFO:Accuracy = [0.9027638190954774, 0.8938442211055276, 0.9011306532663317, 0.900251256281407, 0.896608040201005, 0.8994974874371859, 0.8994974874371859, 0.8994974874371859, 0.9059045226130653, 0.8992462311557788]
2022-01-21 17:30:11:INFO:Loss = [0.3526906584852829, 0.3519829868072241, 0.3290639497227405, 0.34937325090020144, 0.35671560818226494, 0.31888189327776734, 0.3601069302115608, 0.33259597750165354, 0.28150868775257515, 0.3436173134712718]
2022-01-21 17:30:11:INFO:-------------Training local models-------------
2022-01-21 17:34:02:INFO:-------------Aggregating local models-------------
2022-01-21 17:34:05:INFO:-------------Round number: 10-------------
2022-01-21 17:34:05:INFO:-------------Sending models-------------
2022-01-21 17:34:05:INFO:-------------Evaluating models-------------
2022-01-21 17:34:05:INFO:Average Global Accuracy and Loss for Each Task:
2022-01-21 17:34:05:INFO:Accuracy = [0.9013819095477387, 0.8937185929648241, 0.9020100502512562, 0.9003768844221105, 0.8972361809045226, 0.8994974874371859, 0.8996231155778894, 0.8994974874371859, 0.9074120603015076, 0.8984924623115578]
2022-01-21 17:34:05:INFO:Loss = [0.3495962925433139, 0.3499414452056789, 0.3248088937907962, 0.34703734067816233, 0.3545772317965426, 0.31545570807241313, 0.358911625853735, 0.3299020039076781, 0.2752946836864529, 0.3423386791243625]
2022-01-21 17:34:05:INFO:-------------Training local models-------------
2022-01-21 17:37:57:INFO:-------------Aggregating local models-------------
2022-01-21 17:38:00:INFO:-------------Round number: 11-------------
2022-01-21 17:38:00:INFO:-------------Sending models-------------
2022-01-21 17:38:00:INFO:-------------Evaluating models-------------
2022-01-21 17:38:00:INFO:Average Global Accuracy and Loss for Each Task:
2022-01-21 17:38:00:INFO:Accuracy = [0.9013819095477387, 0.8939698492462311, 0.9028894472361809, 0.8998743718592965, 0.8981155778894472, 0.8994974874371859, 0.8996231155778894, 0.8996231155778894, 0.9084170854271357, 0.8984924623115578]
2022-01-21 17:38:00:INFO:Loss = [0.346569784434896, 0.3476820934058434, 0.32036715955590483, 0.34456739383726265, 0.3522832959740605, 0.31147499315103694, 0.3575482855190584, 0.32688950384082505, 0.2692565531586882, 0.34047639190252105]
2022-01-21 17:38:00:INFO:-------------Training local models-------------
2022-01-21 17:41:52:INFO:-------------Aggregating local models-------------
2022-01-21 17:41:54:INFO:-------------Round number: 12-------------
2022-01-21 17:41:54:INFO:-------------Sending models-------------
2022-01-21 17:41:55:INFO:-------------Evaluating models-------------
2022-01-21 17:41:55:INFO:Average Global Accuracy and Loss for Each Task:
2022-01-21 17:41:55:INFO:Accuracy = [0.900251256281407, 0.8940954773869346, 0.9035175879396985, 0.900251256281407, 0.8993718592964824, 0.8996231155778894, 0.8996231155778894, 0.9003768844221105, 0.9095477386934674, 0.8993718592964824]
2022-01-21 17:41:55:INFO:Loss = [0.3436424654426437, 0.3452739224362014, 0.31584910936092014, 0.3420263274231149, 0.34986886486935254, 0.30703353747051565, 0.3560539804511334, 0.32364193653341516, 0.2634707699768507, 0.33817016718974663]
2022-01-21 17:41:55:INFO:-------------Training local models-------------
2022-01-21 17:45:47:INFO:-------------Aggregating local models-------------
2022-01-21 17:45:49:INFO:-------------Round number: 13-------------
2022-01-21 17:45:49:INFO:-------------Sending models-------------
2022-01-21 17:45:50:INFO:-------------Evaluating models-------------
2022-01-21 17:45:50:INFO:Average Global Accuracy and Loss for Each Task:
2022-01-21 17:45:50:INFO:Accuracy = [0.8981155778894472, 0.8952261306532663, 0.9030150753768844, 0.9006281407035176, 0.8998743718592965, 0.900251256281407, 0.8997487437185929, 0.9010050251256282, 0.9103015075376885, 0.8992462311557788]
2022-01-21 17:45:50:INFO:Loss = [0.34083444346444464, 0.3427725747302549, 0.3113304881294768, 0.3394244954214623, 0.3473589646456829, 0.30222998761651504, 0.3544520538056915, 0.3202285290363446, 0.25798078457913803, 0.3355394845931374]
2022-01-21 17:45:50:INFO:-------------Training local models-------------
2022-01-21 17:49:43:INFO:-------------Aggregating local models-------------
2022-01-21 17:49:45:INFO:-------------Round number: 14-------------
2022-01-21 17:49:45:INFO:-------------Sending models-------------
2022-01-21 17:49:45:INFO:-------------Evaluating models-------------
2022-01-21 17:49:46:INFO:Average Global Accuracy and Loss for Each Task:
2022-01-21 17:49:46:INFO:Accuracy = [0.8983668341708543, 0.8947236180904523, 0.9027638190954774, 0.9001256281407035, 0.9008793969849246, 0.9021356783919598, 0.8997487437185929, 0.9017587939698493, 0.9110552763819095, 0.8997487437185929]
2022-01-21 17:49:46:INFO:Loss = [0.33815022271791073, 0.34022206292679563, 0.3068710144740253, 0.3367868925458822, 0.34476516489407527, 0.2971612577462316, 0.3527532618249481, 0.3167141482758163, 0.2528125189956109, 0.33270701002235986]
2022-01-21 17:49:46:INFO:-------------Training local models-------------
2022-01-21 17:53:39:INFO:-------------Aggregating local models-------------
2022-01-21 17:53:41:INFO:-------------Round number: 15-------------
2022-01-21 17:53:41:INFO:-------------Sending models-------------
2022-01-21 17:53:42:INFO:-------------Evaluating models-------------
2022-01-21 17:53:42:INFO:Average Global Accuracy and Loss for Each Task:
2022-01-21 17:53:42:INFO:Accuracy = [0.8969849246231156, 0.8945979899497487, 0.9023869346733668, 0.9005025125628141, 0.9011306532663317, 0.9032663316582915, 0.9, 0.9028894472361809, 0.9120603015075377, 0.8994974874371859]
2022-01-21 17:53:42:INFO:Loss = [0.33560417304470685, 0.33765612804709966, 0.3025038583793832, 0.334138953506048, 0.34211530966974385, 0.2919415524557008, 0.3509794800125774, 0.31315831697765906, 0.24800555505345215, 0.32978151641299375]
2022-01-21 17:53:42:INFO:-------------Training local models-------------
2022-01-21 17:57:35:INFO:-------------Aggregating local models-------------
2022-01-21 17:57:38:INFO:-------------Round number: 16-------------
2022-01-21 17:57:38:INFO:-------------Sending models-------------
2022-01-21 17:57:38:INFO:-------------Evaluating models-------------
2022-01-21 17:57:38:INFO:Average Global Accuracy and Loss for Each Task:
2022-01-21 17:57:38:INFO:Accuracy = [0.8964824120603015, 0.8948492462311558, 0.9025125628140703, 0.9003768844221105, 0.9015075376884422, 0.9054020100502512, 0.8996231155778894, 0.9037688442211055, 0.9131909547738694, 0.900251256281407]
2022-01-21 17:57:38:INFO:Loss = [0.3331825330305901, 0.33509356112935434, 0.29824956622555027, 0.3315226091212364, 0.3394462881076276, 0.2866386551054279, 0.3491494571743299, 0.30960471007093116, 0.24355337413112124, 0.32684564275957234]
2022-01-21 17:57:38:INFO:-------------Training local models-------------
2022-01-21 18:01:31:INFO:-------------Aggregating local models-------------
2022-01-21 18:01:34:INFO:-------------Round number: 17-------------
2022-01-21 18:01:34:INFO:-------------Sending models-------------
2022-01-21 18:01:34:INFO:-------------Evaluating models-------------
2022-01-21 18:01:34:INFO:Average Global Accuracy and Loss for Each Task:
2022-01-21 18:01:34:INFO:Accuracy = [0.896859296482412, 0.8944723618090452, 0.9025125628140703, 0.9003768844221105, 0.9017587939698493, 0.9071608040201005, 0.8996231155778894, 0.9043969849246232, 0.9131909547738694, 0.9006281407035176]
2022-01-21 18:01:34:INFO:Loss = [0.3308636517142269, 0.33255782888163277, 0.2941377787434276, 0.32895595389394905, 0.3367954506047407, 0.28133512531692656, 0.34727481621593687, 0.30607563571714275, 0.23945947500629042, 0.3239585933972843]
2022-01-21 18:01:34:INFO:-------------Training local models-------------
2022-01-21 18:05:28:INFO:-------------Aggregating local models-------------
2022-01-21 18:05:30:INFO:-------------Round number: 18-------------
2022-01-21 18:05:30:INFO:-------------Sending models-------------
2022-01-21 18:05:30:INFO:-------------Evaluating models-------------
2022-01-21 18:05:31:INFO:Average Global Accuracy and Loss for Each Task:
2022-01-21 18:05:31:INFO:Accuracy = [0.8971105527638191, 0.8947236180904523, 0.903643216080402, 0.9003768844221105, 0.9017587939698493, 0.9080402010050251, 0.8992462311557788, 0.9045226130653267, 0.9139447236180904, 0.9007537688442211]
2022-01-21 18:05:31:INFO:Loss = [0.32865317198143684, 0.33007420936421533, 0.29017765797562334, 0.3264391938945157, 0.3341763398455615, 0.2761030245066887, 0.3453610695187171, 0.30260847815916164, 0.2357167973740017, 0.3211593398796254]
2022-01-21 18:05:31:INFO:-------------Training local models-------------
2022-01-21 18:09:24:INFO:-------------Aggregating local models-------------
2022-01-21 18:09:27:INFO:-------------Round number: 19-------------
2022-01-21 18:09:27:INFO:-------------Sending models-------------
2022-01-21 18:09:27:INFO:-------------Evaluating models-------------
2022-01-21 18:09:27:INFO:Average Global Accuracy and Loss for Each Task:
2022-01-21 18:09:27:INFO:Accuracy = [0.8972361809045226, 0.8952261306532663, 0.9050251256281407, 0.9018844221105528, 0.9025125628140703, 0.910175879396985, 0.8997487437185929, 0.9045226130653267, 0.914572864321608, 0.9013819095477387]
2022-01-21 18:09:27:INFO:Loss = [0.3265482088780246, 0.32766540670514704, 0.2863795179218503, 0.32397489946092195, 0.3315957615423442, 0.27099160528063176, 0.3434262790871625, 0.2992185897863091, 0.23230166868049296, 0.31845777028769107]
2022-01-21 18:09:27:INFO:-------------Training local models-------------
2022-01-21 18:13:21:INFO:-------------Aggregating local models-------------
2022-01-21 18:13:23:INFO:-------------Round number: 20-------------
2022-01-21 18:13:23:INFO:-------------Sending models-------------
2022-01-21 18:13:24:INFO:-------------Evaluating models-------------
2022-01-21 18:13:24:INFO:Average Global Accuracy and Loss for Each Task:
2022-01-21 18:13:24:INFO:Accuracy = [0.8974874371859296, 0.8956030150753769, 0.9059045226130653, 0.9022613065326633, 0.9027638190954774, 0.9121859296482412, 0.9003768844221105, 0.9046482412060302, 0.9157035175879397, 0.9015075376884422]
2022-01-21 18:13:24:INFO:Loss = [0.32452684190901154, 0.32534075846624133, 0.2827490129362998, 0.32157007713413716, 0.32908283226454077, 0.2660346388367552, 0.3414798462810229, 0.2959139303645896, 0.2291971518466221, 0.31584871504175005]
2022-01-21 18:13:24:INFO:-------------Training local models-------------
2022-01-21 18:17:18:INFO:-------------Aggregating local models-------------
2022-01-21 18:17:20:INFO:-------------Round number: 21-------------
2022-01-21 18:17:20:INFO:-------------Sending models-------------
2022-01-21 18:17:20:INFO:-------------Evaluating models-------------
2022-01-21 18:17:21:INFO:Average Global Accuracy and Loss for Each Task:
2022-01-21 18:17:21:INFO:Accuracy = [0.896859296482412, 0.895854271356784, 0.9061557788944724, 0.9031407035175879, 0.9022613065326633, 0.9131909547738694, 0.9005025125628141, 0.9051507537688442, 0.9162060301507537, 0.9017587939698493]
2022-01-21 18:17:21:INFO:Loss = [0.32258407486574586, 0.3231064193512327, 0.27928406494346697, 0.31922928666948674, 0.3266231194512928, 0.2612509758178912, 0.3395235575922769, 0.2926914244890213, 0.22636819447404774, 0.3133365303727251]
2022-01-21 18:17:21:INFO:-------------Training local models-------------
2022-01-21 18:21:14:INFO:-------------Aggregating local models-------------
2022-01-21 18:21:16:INFO:-------------Round number: 22-------------
2022-01-21 18:21:16:INFO:-------------Sending models-------------
2022-01-21 18:21:16:INFO:-------------Evaluating models-------------
2022-01-21 18:21:17:INFO:Average Global Accuracy and Loss for Each Task:
2022-01-21 18:21:17:INFO:Accuracy = [0.8963567839195979, 0.896105527638191, 0.90678391959799, 0.903643216080402, 0.9031407035175879, 0.9149497487437186, 0.9003768844221105, 0.9052763819095477, 0.9165829145728643, 0.9021356783919598]
2022-01-21 18:21:17:INFO:Loss = [0.32072047754916266, 0.3209674479673855, 0.2759820175680084, 0.3169632166174788, 0.32422426313012087, 0.256656361809328, 0.33757100542586055, 0.28956209834496577, 0.22380947991831218, 0.3109247097417937]
2022-01-21 18:21:17:INFO:-------------Training local models-------------
2022-01-21 18:25:10:INFO:-------------Aggregating local models-------------
2022-01-21 18:25:12:INFO:-------------Round number: 23-------------
2022-01-21 18:25:12:INFO:-------------Sending models-------------
2022-01-21 18:25:13:INFO:-------------Evaluating models-------------
2022-01-21 18:25:13:INFO:Average Global Accuracy and Loss for Each Task:
2022-01-21 18:25:13:INFO:Accuracy = [0.8959798994974875, 0.896105527638191, 0.907537688442211, 0.9040201005025126, 0.903391959798995, 0.9162060301507537, 0.9005025125628141, 0.9052763819095477, 0.9175879396984925, 0.9023869346733668]
2022-01-21 18:25:13:INFO:Loss = [0.318923388242759, 0.318921629507937, 0.2728346561516949, 0.31477537586461357, 0.3219004265926591, 0.2522674486714991, 0.33563257821241216, 0.2865217089952536, 0.22150439540644987, 0.308599896916193]
2022-01-21 18:25:13:INFO:-------------Training local models-------------
2022-01-21 18:29:06:INFO:-------------Aggregating local models-------------
2022-01-21 18:29:09:INFO:-------------Round number: 24-------------
2022-01-21 18:29:09:INFO:-------------Sending models-------------
2022-01-21 18:29:09:INFO:-------------Evaluating models-------------
2022-01-21 18:29:09:INFO:Average Global Accuracy and Loss for Each Task:
2022-01-21 18:29:09:INFO:Accuracy = [0.895854271356784, 0.8959798994974875, 0.9085427135678392, 0.9046482412060302, 0.9035175879396985, 0.9182160804020101, 0.9006281407035176, 0.9059045226130653, 0.917964824120603, 0.9023869346733668]
2022-01-21 18:29:09:INFO:Loss = [0.31717811808008795, 0.3169593303347353, 0.2698302204584956, 0.3126713284595528, 0.3196570810361124, 0.24808965106705325, 0.33370667995519976, 0.28357902723341133, 0.2194149318202656, 0.30635660212842664]
2022-01-21 18:29:09:INFO:-------------Training local models-------------
2022-01-21 18:33:03:INFO:-------------Aggregating local models-------------
2022-01-21 18:33:05:INFO:-------------Round number: 25-------------
2022-01-21 18:33:05:INFO:-------------Sending models-------------
2022-01-21 18:33:06:INFO:-------------Evaluating models-------------
2022-01-21 18:33:06:INFO:Average Global Accuracy and Loss for Each Task:
2022-01-21 18:33:06:INFO:Accuracy = [0.8967336683417085, 0.8952261306532663, 0.9092964824120603, 0.9054020100502512, 0.9040201005025126, 0.9193467336683417, 0.9005025125628141, 0.9056532663316583, 0.9187185929648242, 0.9023869346733668]
2022-01-21 18:33:06:INFO:Loss = [0.3154830784658578, 0.3150813952462757, 0.26696003501738735, 0.3106450705072988, 0.31748456916018347, 0.2441201789594775, 0.33179824226465654, 0.2807284869890117, 0.21751366653035034, 0.30418285682572793]
2022-01-21 18:33:06:INFO:-------------Training local models-------------
2022-01-21 18:37:00:INFO:-------------Aggregating local models-------------
2022-01-21 18:37:02:INFO:-------------Round number: 26-------------
2022-01-21 18:37:02:INFO:-------------Sending models-------------
2022-01-21 18:37:02:INFO:-------------Evaluating models-------------
2022-01-21 18:37:03:INFO:Average Global Accuracy and Loss for Each Task:
2022-01-21 18:37:03:INFO:Accuracy = [0.896859296482412, 0.8959798994974875, 0.910678391959799, 0.9057788944723618, 0.9041457286432161, 0.9214824120603015, 0.9008793969849246, 0.9060301507537688, 0.9192211055276381, 0.9025125628140703]
2022-01-21 18:37:03:INFO:Loss = [0.313837097131708, 0.3132848529959444, 0.2642133336270874, 0.30869728641294353, 0.31539611720559585, 0.24035895889128872, 0.3299074538389043, 0.27797119334414977, 0.21578513347922856, 0.30206943966036465]
2022-01-21 18:37:03:INFO:-------------Training local models-------------
2022-01-21 18:40:56:INFO:-------------Aggregating local models-------------
2022-01-21 18:40:58:INFO:-------------Round number: 27-------------
2022-01-21 18:40:58:INFO:-------------Sending models-------------
2022-01-21 18:40:58:INFO:-------------Evaluating models-------------
2022-01-21 18:40:59:INFO:Average Global Accuracy and Loss for Each Task:
2022-01-21 18:40:59:INFO:Accuracy = [0.896859296482412, 0.8962311557788945, 0.9116834170854271, 0.9059045226130653, 0.9042713567839196, 0.9232412060301508, 0.9007537688442211, 0.9061557788944724, 0.9195979899497487, 0.9025125628140703]
2022-01-21 18:40:59:INFO:Loss = [0.3122402667395546, 0.3115713197981293, 0.26158602026539235, 0.30683057369598793, 0.3133730457056707, 0.23680283039358993, 0.32804566786516853, 0.2753086096827109, 0.21421690667094898, 0.30000565983542243]
2022-01-21 18:40:59:INFO:-------------Training local models-------------
2022-01-21 18:44:51:INFO:-------------Aggregating local models-------------
2022-01-21 18:44:53:INFO:-------------Round number: 28-------------
2022-01-21 18:44:53:INFO:-------------Sending models-------------
2022-01-21 18:44:53:INFO:-------------Evaluating models-------------
2022-01-21 18:44:54:INFO:Average Global Accuracy and Loss for Each Task:
2022-01-21 18:44:54:INFO:Accuracy = [0.8973618090452261, 0.8964824120603015, 0.9126884422110553, 0.9060301507537688, 0.9050251256281407, 0.925502512562814, 0.9005025125628141, 0.9069095477386935, 0.9198492462311558, 0.9030150753768844]
2022-01-21 18:44:54:INFO:Loss = [0.31069824427375614, 0.3099300767009582, 0.2590623140035562, 0.3050325957674477, 0.3114167893651742, 0.233444961021893, 0.32620727776283, 0.2727375673738556, 0.21278799403851956, 0.29799009477672866]
2022-01-21 18:44:54:INFO:-------------Training local models-------------
2022-01-21 18:48:42:INFO:-------------Aggregating local models-------------
2022-01-21 18:48:44:INFO:-------------Round number: 29-------------
2022-01-21 18:48:44:INFO:-------------Sending models-------------
2022-01-21 18:48:45:INFO:-------------Evaluating models-------------
2022-01-21 18:48:45:INFO:Average Global Accuracy and Loss for Each Task:
2022-01-21 18:48:45:INFO:Accuracy = [0.8973618090452261, 0.896859296482412, 0.9134422110552763, 0.9059045226130653, 0.9050251256281407, 0.9263819095477387, 0.9006281407035176, 0.9074120603015076, 0.9199748743718593, 0.9031407035175879]
2022-01-21 18:48:45:INFO:Loss = [0.30917342350088134, 0.30835576932034897, 0.25664861799784044, 0.30330809748651993, 0.3095296953790751, 0.23028498146701698, 0.3243966364680822, 0.2702592597085627, 0.2114974899807168, 0.2960302650029935]
2022-01-21 18:48:45:INFO:-------------Training local models-------------
2022-01-21 18:52:33:INFO:-------------Aggregating local models-------------
2022-01-21 18:52:36:INFO:-------------Round number: 30-------------
2022-01-21 18:52:36:INFO:-------------Sending models-------------
2022-01-21 18:52:36:INFO:-------------Evaluating models-------------
2022-01-21 18:52:36:INFO:Average Global Accuracy and Loss for Each Task:
2022-01-21 18:52:36:INFO:Accuracy = [0.8971105527638191, 0.8971105527638191, 0.9136934673366834, 0.9056532663316583, 0.9055276381909547, 0.928391959798995, 0.9006281407035176, 0.9074120603015076, 0.9195979899497487, 0.9035175879396985]
2022-01-21 18:52:36:INFO:Loss = [0.3077075247788549, 0.3068476662264397, 0.2543342431735753, 0.30165551722648754, 0.30772308877964116, 0.22731228831724906, 0.3226263951416591, 0.2678727659598068, 0.21033397504133194, 0.29412098850437146]
2022-01-21 18:52:36:INFO:-------------Training local models-------------
2022-01-21 18:56:25:INFO:-------------Aggregating local models-------------
2022-01-21 18:56:27:INFO:-------------Round number: 31-------------
2022-01-21 18:56:27:INFO:-------------Sending models-------------
2022-01-21 18:56:27:INFO:-------------Evaluating models-------------
2022-01-21 18:56:28:INFO:Average Global Accuracy and Loss for Each Task:
2022-01-21 18:56:28:INFO:Accuracy = [0.8972361809045226, 0.8971105527638191, 0.914572864321608, 0.9056532663316583, 0.9055276381909547, 0.9298994974874372, 0.900251256281407, 0.9080402010050251, 0.9197236180904522, 0.9038944723618091]
2022-01-21 18:56:28:INFO:Loss = [0.3062773553675612, 0.30540623751717, 0.25210972265082987, 0.30006412892185863, 0.30598209086974065, 0.22451698465562944, 0.3208931118399654, 0.2655779789740117, 0.20927961552562427, 0.2922562982269268]
2022-01-21 18:56:28:INFO:-------------Training local models-------------
2022-01-21 19:00:16:INFO:-------------Aggregating local models-------------
2022-01-21 19:00:18:INFO:-------------Round number: 32-------------
2022-01-21 19:00:18:INFO:-------------Sending models-------------
2022-01-21 19:00:18:INFO:-------------Evaluating models-------------
2022-01-21 19:00:19:INFO:Average Global Accuracy and Loss for Each Task:
2022-01-21 19:00:19:INFO:Accuracy = [0.8972361809045226, 0.8971105527638191, 0.9150753768844221, 0.9057788944723618, 0.9061557788944724, 0.9305276381909547, 0.9006281407035176, 0.9087939698492462, 0.9197236180904522, 0.9037688442211055]
2022-01-21 19:00:19:INFO:Loss = [0.3048836317793209, 0.30401761657628584, 0.24996653363932317, 0.2985353350789104, 0.304283668497699, 0.2218945152945255, 0.31919695878747717, 0.2633742484165795, 0.20833466085956323, 0.2904412580195384]
2022-01-21 19:00:19:INFO:-------------Training local models-------------
2022-01-21 19:04:07:INFO:-------------Aggregating local models-------------
2022-01-21 19:04:10:INFO:-------------Round number: 33-------------
2022-01-21 19:04:10:INFO:-------------Sending models-------------
2022-01-21 19:04:10:INFO:-------------Evaluating models-------------
2022-01-21 19:04:10:INFO:Average Global Accuracy and Loss for Each Task:
2022-01-21 19:04:10:INFO:Accuracy = [0.8972361809045226, 0.8977386934673367, 0.9159547738693468, 0.9056532663316583, 0.9069095477386935, 0.9316582914572864, 0.900251256281407, 0.9090452261306533, 0.9198492462311558, 0.9045226130653267]
2022-01-21 19:04:10:INFO:Loss = [0.3035345332388153, 0.3026772791416801, 0.24790509928710497, 0.2970653809794229, 0.30264375871749377, 0.2194315084260912, 0.3175368319504225, 0.2612556225840171, 0.20748165601761498, 0.28866775745722517]
2022-01-21 19:04:10:INFO:-------------Training local models-------------
2022-01-21 19:07:58:INFO:-------------Aggregating local models-------------
2022-01-21 19:08:00:INFO:-------------Round number: 34-------------
2022-01-21 19:08:00:INFO:-------------Sending models-------------
2022-01-21 19:08:01:INFO:-------------Evaluating models-------------
2022-01-21 19:08:01:INFO:Average Global Accuracy and Loss for Each Task:
2022-01-21 19:08:01:INFO:Accuracy = [0.8976130653266332, 0.8974874371859296, 0.9167085427135678, 0.9059045226130653, 0.9071608040201005, 0.932286432160804, 0.8997487437185929, 0.9094221105527638, 0.9190954773869346, 0.9048994974874371]
2022-01-21 19:08:01:INFO:Loss = [0.3022348682803275, 0.3013906895215787, 0.24591717460946222, 0.29564964164741075, 0.3010634863795947, 0.21710948436403993, 0.31591508900699905, 0.25921156014030305, 0.20669710598698812, 0.2869317823618501]
2022-01-21 19:08:01:INFO:-------------Training local models-------------
2022-01-21 19:11:49:INFO:-------------Aggregating local models-------------
2022-01-21 19:11:52:INFO:-------------Round number: 35-------------
2022-01-21 19:11:52:INFO:-------------Sending models-------------
2022-01-21 19:11:52:INFO:-------------Evaluating models-------------
2022-01-21 19:11:52:INFO:Average Global Accuracy and Loss for Each Task:
2022-01-21 19:11:52:INFO:Accuracy = [0.8981155778894472, 0.8974874371859296, 0.9168341708542713, 0.9055276381909547, 0.9076633165829145, 0.9325376884422111, 0.8993718592964824, 0.9096733668341709, 0.9199748743718593, 0.9051507537688442]
2022-01-21 19:11:52:INFO:Loss = [0.3009669196805987, 0.3001477661444314, 0.24400110917175236, 0.29428409047462234, 0.29953123367012446, 0.21492220618616995, 0.31432697341669746, 0.2572421622485971, 0.20598149748902825, 0.2852382890543147]
2022-01-21 19:11:52:INFO:-------------Training local models-------------
2022-01-21 19:15:41:INFO:-------------Aggregating local models-------------
2022-01-21 19:15:43:INFO:-------------Round number: 36-------------
2022-01-21 19:15:43:INFO:-------------Sending models-------------
2022-01-21 19:15:43:INFO:-------------Evaluating models-------------
2022-01-21 19:15:44:INFO:Average Global Accuracy and Loss for Each Task:
2022-01-21 19:15:44:INFO:Accuracy = [0.8983668341708543, 0.8976130653266332, 0.9173366834170854, 0.9052763819095477, 0.907788944723618, 0.9330402010050252, 0.8996231155778894, 0.9096733668341709, 0.9198492462311558, 0.9054020100502512]
2022-01-21 19:15:44:INFO:Loss = [0.2997519572291186, 0.2989489500546575, 0.24216318871807213, 0.29297174678076454, 0.298061837353299, 0.2128663101238222, 0.3127733570846481, 0.25535332542567996, 0.2053669195378845, 0.2835896449472437]
2022-01-21 19:15:44:INFO:-------------Training local models-------------
2022-01-21 19:19:32:INFO:-------------Aggregating local models-------------
2022-01-21 19:19:34:INFO:-------------Round number: 37-------------
2022-01-21 19:19:34:INFO:-------------Sending models-------------
2022-01-21 19:19:34:INFO:-------------Evaluating models-------------
2022-01-21 19:19:35:INFO:Average Global Accuracy and Loss for Each Task:
2022-01-21 19:19:35:INFO:Accuracy = [0.8983668341708543, 0.8972361809045226, 0.9184673366834171, 0.9047738693467337, 0.9079145728643216, 0.9337939698492462, 0.8996231155778894, 0.9103015075376885, 0.9198492462311558, 0.9060301507537688]
2022-01-21 19:19:35:INFO:Loss = [0.29855991379783753, 0.29778918923445086, 0.24040364717418825, 0.2917027096053464, 0.2966390234142093, 0.2109149493014992, 0.3112579969005968, 0.253547875276163, 0.20478064151265513, 0.2819784289628417]
2022-01-21 19:19:35:INFO:-------------Training local models-------------
2022-01-21 19:23:23:INFO:-------------Aggregating local models-------------
2022-01-21 19:23:26:INFO:-------------Round number: 38-------------
2022-01-21 19:23:26:INFO:-------------Sending models-------------
2022-01-21 19:23:26:INFO:-------------Evaluating models-------------
2022-01-21 19:23:26:INFO:Average Global Accuracy and Loss for Each Task:
2022-01-21 19:23:26:INFO:Accuracy = [0.8982412060301508, 0.8974874371859296, 0.9188442211055277, 0.9052763819095477, 0.907788944723618, 0.9341708542713568, 0.8992462311557788, 0.9110552763819095, 0.9199748743718593, 0.9062814070351759]
2022-01-21 19:23:26:INFO:Loss = [0.29738431007849364, 0.2966632167598111, 0.2387108725668797, 0.290476841168787, 0.29525906865920254, 0.209076040953248, 0.30977602595060916, 0.2518198356107252, 0.20425232286429285, 0.2803960240366471]
2022-01-21 19:23:26:INFO:-------------Training local models-------------
2022-01-21 19:27:14:INFO:-------------Aggregating local models-------------
2022-01-21 19:27:17:INFO:-------------Round number: 39-------------
2022-01-21 19:27:17:INFO:-------------Sending models-------------
2022-01-21 19:27:17:INFO:-------------Evaluating models-------------
2022-01-21 19:27:17:INFO:Average Global Accuracy and Loss for Each Task:
2022-01-21 19:27:17:INFO:Accuracy = [0.8982412060301508, 0.8973618090452261, 0.9192211055276381, 0.9056532663316583, 0.9080402010050251, 0.9347989949748744, 0.8989949748743719, 0.9115577889447236, 0.9202261306532663, 0.9064070351758794]
2022-01-21 19:27:17:INFO:Loss = [0.29624701941844506, 0.2955767299661684, 0.23708171895400962, 0.2892897278819252, 0.2939264693451886, 0.20733339335750695, 0.30832310462716833, 0.2501575502019432, 0.20377873176306335, 0.27885501139128027]
2022-01-21 19:27:17:INFO:-------------Training local models-------------
2022-01-21 19:31:06:INFO:-------------Aggregating local models-------------
