2022-01-20 22:52:02:INFO:-------------Round number: 0-------------
2022-01-20 22:52:02:INFO:-------------Sending models-------------
2022-01-20 22:52:02:INFO:-------------Evaluating models-------------
2022-01-20 22:52:02:INFO:Average Global Accuracy and Loss for Each Task:
2022-01-20 22:52:02:INFO:Accuracy = [0.899631298648095, 0.88529291274068, 0.8955346169602622, 0.8975829578041786, 0.899631298648095, 0.08111429741909054, 0.0962720196640721, 0.10446538303973782, 0.09340434248258911, 0.8975829578041786]
2022-01-20 22:52:02:INFO:Loss = [0.6694261140568928, 0.6529066985696615, 0.6620884674682523, 0.6550320217119578, 0.6637347804406099, 0.7383340320617436, 0.7404487229905037, 0.7411296843798715, 0.7476874158268627, 0.6698590415953027]
2022-01-20 22:52:02:INFO:-------------Training local models-------------
2022-01-20 22:53:15:INFO:-------------Aggregating local models-------------
2022-01-20 22:53:16:INFO:-------------Round number: 1-------------
2022-01-20 22:53:16:INFO:-------------Sending models-------------
2022-01-20 22:53:16:INFO:-------------Evaluating models-------------
2022-01-20 22:53:16:INFO:Average Global Accuracy and Loss for Each Task:
2022-01-20 22:53:16:INFO:Accuracy = [0.899631298648095, 0.8848832445718967, 0.8955346169602622, 0.8975829578041786, 0.898504711183941, 0.9186808684965179, 0.9028062269561655, 0.8948176976648914, 0.9063908234330192, 0.7835927898402294]
2022-01-20 22:53:16:INFO:Loss = [0.421051015672211, 0.46990771208909243, 0.48367972800180786, 0.4505499831321834, 0.47329438154214426, 0.479162840994471, 0.4857578039969005, 0.5041973938931211, 0.4691910535976175, 0.6341915742350328]
2022-01-20 22:53:16:INFO:-------------Training local models-------------
2022-01-20 22:54:28:INFO:-------------Aggregating local models-------------
2022-01-20 22:54:29:INFO:-------------Round number: 2-------------
2022-01-20 22:54:29:INFO:-------------Sending models-------------
2022-01-20 22:54:30:INFO:-------------Evaluating models-------------
2022-01-20 22:54:30:INFO:Average Global Accuracy and Loss for Each Task:
2022-01-20 22:54:30:INFO:Accuracy = [0.899631298648095, 0.8874436706267923, 0.8955346169602622, 0.8975829578041786, 0.899631298648095, 0.9188857025809095, 0.9037279803359279, 0.8955346169602622, 0.9065956575174109, 0.8854977468250717]
2022-01-20 22:54:30:INFO:Loss = [0.3747942745807668, 0.35982193170280935, 0.3835618911812365, 0.3800533646133922, 0.36399099142861047, 0.33652984807309755, 0.373282370418127, 0.37609836851070766, 0.3843440758915208, 0.4825231350106765]
2022-01-20 22:54:30:INFO:-------------Training local models-------------
2022-01-20 22:55:42:INFO:-------------Aggregating local models-------------
2022-01-20 22:55:43:INFO:-------------Round number: 3-------------
2022-01-20 22:55:43:INFO:-------------Sending models-------------
2022-01-20 22:55:43:INFO:-------------Evaluating models-------------
2022-01-20 22:55:44:INFO:Average Global Accuracy and Loss for Each Task:
2022-01-20 22:55:44:INFO:Accuracy = [0.899631298648095, 0.891028267103646, 0.8955346169602622, 0.8975829578041786, 0.899631298648095, 0.9188857025809095, 0.9037279803359279, 0.8955346169602622, 0.9065956575174109, 0.8976853748463745]
2022-01-20 22:55:44:INFO:Loss = [0.38300389575206173, 0.32126602687671113, 0.35830561220890084, 0.374910880363974, 0.33968359739235415, 0.2958486827564628, 0.3509836538447947, 0.3447080698934113, 0.38026117101626067, 0.39573751485516234]
2022-01-20 22:55:44:INFO:-------------Training local models-------------
2022-01-20 22:56:56:INFO:-------------Aggregating local models-------------
2022-01-20 22:56:57:INFO:-------------Round number: 4-------------
2022-01-20 22:56:57:INFO:-------------Sending models-------------
2022-01-20 22:56:57:INFO:-------------Evaluating models-------------
2022-01-20 22:56:58:INFO:Average Global Accuracy and Loss for Each Task:
2022-01-20 22:56:58:INFO:Accuracy = [0.899631298648095, 0.8914379352724293, 0.8955346169602622, 0.8975829578041786, 0.8998361327324866, 0.9188857025809095, 0.9037279803359279, 0.8955346169602622, 0.9065956575174109, 0.8975829578041786]
2022-01-20 22:56:58:INFO:Loss = [0.39119696376607926, 0.308985350295651, 0.3572187721088303, 0.37818782294946635, 0.33970603616644934, 0.2876987744342888, 0.3511148008751801, 0.3421012903855551, 0.38954031708299663, 0.36807571378388104]
2022-01-20 22:56:58:INFO:-------------Training local models-------------
2022-01-20 22:58:10:INFO:-------------Aggregating local models-------------
2022-01-20 22:58:11:INFO:-------------Round number: 5-------------
2022-01-20 22:58:11:INFO:-------------Sending models-------------
2022-01-20 22:58:11:INFO:-------------Evaluating models-------------
2022-01-20 22:58:11:INFO:Average Global Accuracy and Loss for Each Task:
2022-01-20 22:58:11:INFO:Accuracy = [0.899631298648095, 0.891642769356821, 0.8955346169602622, 0.8975829578041786, 0.9008603031544449, 0.9188857025809095, 0.9039328144203196, 0.8955346169602622, 0.9065956575174109, 0.8975829578041786]
2022-01-20 22:58:11:INFO:Loss = [0.39414271496507974, 0.3025431868203201, 0.36047347498289245, 0.379439110768862, 0.34274866091623896, 0.286861368246771, 0.3538863330389671, 0.3442264164125319, 0.39732184436398116, 0.3632011410888225]
2022-01-20 22:58:11:INFO:-------------Training local models-------------
2022-01-20 22:59:24:INFO:-------------Aggregating local models-------------
2022-01-20 22:59:25:INFO:-------------Round number: 6-------------
2022-01-20 22:59:25:INFO:-------------Sending models-------------
2022-01-20 22:59:25:INFO:-------------Evaluating models-------------
2022-01-20 22:59:25:INFO:Average Global Accuracy and Loss for Each Task:
2022-01-20 22:59:25:INFO:Accuracy = [0.899631298648095, 0.892769356820975, 0.8955346169602622, 0.8975829578041786, 0.9008603031544449, 0.9188857025809095, 0.9050594018844735, 0.8955346169602622, 0.9069029086439984, 0.8975829578041786]
2022-01-20 22:59:25:INFO:Loss = [0.39338967302376887, 0.2966283243645512, 0.3633630887156185, 0.3784550732609826, 0.34468340785507784, 0.2872792400261567, 0.35543578734643533, 0.3458093220107822, 0.4022913519314054, 0.3650046681488503]
2022-01-20 22:59:25:INFO:-------------Training local models-------------
2022-01-20 23:00:38:INFO:-------------Aggregating local models-------------
2022-01-20 23:00:39:INFO:-------------Round number: 7-------------
2022-01-20 23:00:39:INFO:-------------Sending models-------------
2022-01-20 23:00:39:INFO:-------------Evaluating models-------------
2022-01-20 23:00:39:INFO:Average Global Accuracy and Loss for Each Task:
2022-01-20 23:00:39:INFO:Accuracy = [0.9016796394920115, 0.8953297828758705, 0.8955346169602622, 0.8975829578041786, 0.9008603031544449, 0.9188857025809095, 0.9073125768127817, 0.8955346169602622, 0.9070053256861942, 0.8977877918885703]
2022-01-20 23:00:39:INFO:Loss = [0.3904382628722544, 0.29028212555769234, 0.36511398829895175, 0.37609462209567823, 0.34509506453834365, 0.2876240788442323, 0.3554785563955782, 0.3460662064983043, 0.40515299181735076, 0.36807542406892446]
2022-01-20 23:00:39:INFO:-------------Training local models-------------
2022-01-20 23:01:52:INFO:-------------Aggregating local models-------------
2022-01-20 23:01:53:INFO:-------------Round number: 8-------------
2022-01-20 23:01:53:INFO:-------------Sending models-------------
2022-01-20 23:01:53:INFO:-------------Evaluating models-------------
2022-01-20 23:01:53:INFO:Average Global Accuracy and Loss for Each Task:
2022-01-20 23:01:53:INFO:Accuracy = [0.9032158951249488, 0.8979926259729619, 0.8955346169602622, 0.8975829578041786, 0.900757886112249, 0.9188857025809095, 0.9086439983613274, 0.895637034002458, 0.9070053256861942, 0.8978902089307661]
2022-01-20 23:01:53:INFO:Loss = [0.3861764082635514, 0.2834976901533368, 0.3658071188916197, 0.37296327285312914, 0.3442337400677115, 0.2876512644448482, 0.354368157052984, 0.34511895897458295, 0.40660696854015194, 0.3707750638621061]
2022-01-20 23:01:53:INFO:-------------Training local models-------------
2022-01-20 23:03:05:INFO:-------------Aggregating local models-------------
2022-01-20 23:03:06:INFO:-------------Round number: 9-------------
2022-01-20 23:03:06:INFO:-------------Sending models-------------
2022-01-20 23:03:07:INFO:-------------Evaluating models-------------
2022-01-20 23:03:07:INFO:Average Global Accuracy and Loss for Each Task:
2022-01-20 23:03:07:INFO:Accuracy = [0.9057763211798443, 0.8999385497746825, 0.895637034002458, 0.8975829578041786, 0.9012699713232282, 0.9188857025809095, 0.9098730028676771, 0.8957394510446538, 0.9066980745596067, 0.8975829578041786]
2022-01-20 23:03:07:INFO:Loss = [0.3811533384205181, 0.2764921399449189, 0.36565004781785926, 0.36938396008629526, 0.3424239997942396, 0.2873760989195843, 0.3524217759638671, 0.3432198580307142, 0.40713842614889234, 0.372728330188113]
2022-01-20 23:03:07:INFO:-------------Training local models-------------
2022-01-20 23:04:19:INFO:-------------Aggregating local models-------------
2022-01-20 23:04:20:INFO:-------------Round number: 10-------------
2022-01-20 23:04:20:INFO:-------------Sending models-------------
2022-01-20 23:04:20:INFO:-------------Evaluating models-------------
2022-01-20 23:04:20:INFO:Average Global Accuracy and Loss for Each Task:
2022-01-20 23:04:20:INFO:Accuracy = [0.9075174108971733, 0.9005530520278574, 0.8958418680868496, 0.8977877918885703, 0.9027038099139697, 0.9188857025809095, 0.9107947562474396, 0.8962515362556329, 0.9065956575174109, 0.8979926259729619]
2022-01-20 23:04:20:INFO:Loss = [0.37568298310334447, 0.26943000458220584, 0.3648263791370763, 0.36554886143698845, 0.3399366209407851, 0.2868390201361034, 0.3498687950565355, 0.3406112009093977, 0.40712216700473397, 0.37391817293197394]
2022-01-20 23:04:20:INFO:-------------Training local models-------------
2022-01-20 23:05:33:INFO:-------------Aggregating local models-------------
2022-01-20 23:05:34:INFO:-------------Round number: 11-------------
2022-01-20 23:05:34:INFO:-------------Sending models-------------
2022-01-20 23:05:34:INFO:-------------Evaluating models-------------
2022-01-20 23:05:34:INFO:Average Global Accuracy and Loss for Each Task:
2022-01-20 23:05:34:INFO:Accuracy = [0.9085415813191315, 0.9011675542810323, 0.8965587873822204, 0.8979926259729619, 0.9039328144203196, 0.9188857025809095, 0.9104875051208521, 0.8978902089307661, 0.9060835723064318, 0.8971732896353953]
2022-01-20 23:05:34:INFO:Loss = [0.3699560768166706, 0.2624717891721428, 0.36345825927001635, 0.36154888992437034, 0.33698543495682115, 0.2860939943628961, 0.34688653435828204, 0.3374562384938422, 0.4067094743424254, 0.37443616966129767]
2022-01-20 23:05:34:INFO:-------------Training local models-------------
2022-01-20 23:06:47:INFO:-------------Aggregating local models-------------
2022-01-20 23:06:48:INFO:-------------Round number: 12-------------
2022-01-20 23:06:48:INFO:-------------Sending models-------------
2022-01-20 23:06:48:INFO:-------------Evaluating models-------------
2022-01-20 23:06:48:INFO:Average Global Accuracy and Loss for Each Task:
2022-01-20 23:06:48:INFO:Accuracy = [0.9085415813191315, 0.9022941417451864, 0.8970708725931995, 0.8989143793527243, 0.9044448996312986, 0.9188857025809095, 0.9094633346988938, 0.8994264645637035, 0.905981155264236, 0.8977877918885703]
2022-01-20 23:06:48:INFO:Loss = [0.3641084952387518, 0.25570771202600695, 0.3616386546140223, 0.3574540726184259, 0.33372528902920773, 0.2851819717518302, 0.3436044270919757, 0.3338913302891497, 0.406031635997852, 0.3743793143723305]
2022-01-20 23:06:48:INFO:-------------Training local models-------------
2022-01-20 23:08:01:INFO:-------------Aggregating local models-------------
2022-01-20 23:08:02:INFO:-------------Round number: 13-------------
2022-01-20 23:08:02:INFO:-------------Sending models-------------
2022-01-20 23:08:02:INFO:-------------Evaluating models-------------
2022-01-20 23:08:02:INFO:Average Global Accuracy and Loss for Each Task:
2022-01-20 23:08:02:INFO:Accuracy = [0.9096681687832855, 0.9034207292093405, 0.8975829578041786, 0.9001433838590741, 0.9047521507578861, 0.9188857025809095, 0.9089512494879148, 0.900757886112249, 0.9058787382220401, 0.8972757066775912]
2022-01-20 23:08:02:INFO:Loss = [0.35820294732272945, 0.2492173961083306, 0.3594450319688714, 0.3533076657114313, 0.3302718701053965, 0.2841275192628165, 0.34012445595477114, 0.3300214174788465, 0.40518922067689145, 0.3738572601257949]
2022-01-20 23:08:02:INFO:-------------Training local models-------------
2022-01-20 23:09:14:INFO:-------------Aggregating local models-------------
2022-01-20 23:09:15:INFO:-------------Round number: 14-------------
2022-01-20 23:09:15:INFO:-------------Sending models-------------
2022-01-20 23:09:15:INFO:-------------Evaluating models-------------
2022-01-20 23:09:16:INFO:Average Global Accuracy and Loss for Each Task:
2022-01-20 23:09:16:INFO:Accuracy = [0.9104875051208521, 0.9042400655469071, 0.8982998770995494, 0.9015772224498156, 0.9049569848422777, 0.9188857025809095, 0.9074149938549775, 0.9010651372388365, 0.9058787382220401, 0.8966612044244162]
2022-01-20 23:09:16:INFO:Loss = [0.35231303670418795, 0.24302620433396074, 0.35693730097546383, 0.3491433629982054, 0.32670483968935266, 0.28294404698462833, 0.33652900136161756, 0.32592347373408354, 0.40423114528778037, 0.37294329645471563]
2022-01-20 23:09:16:INFO:-------------Training local models-------------
2022-01-20 23:10:28:INFO:-------------Aggregating local models-------------
2022-01-20 23:10:29:INFO:-------------Round number: 15-------------
2022-01-20 23:10:29:INFO:-------------Sending models-------------
2022-01-20 23:10:29:INFO:-------------Evaluating models-------------
2022-01-20 23:10:29:INFO:Average Global Accuracy and Loss for Each Task:
2022-01-20 23:10:29:INFO:Accuracy = [0.9113068414584187, 0.9061859893486276, 0.899119213437116, 0.9027038099139697, 0.9054690700532568, 0.9188857025809095, 0.9064932404752151, 0.900757886112249, 0.9051618189266694, 0.8965587873822204]
2022-01-20 23:10:29:INFO:Loss = [0.3465232115539553, 0.23710368484920993, 0.35419206279118204, 0.3449897464137373, 0.3230816782915729, 0.2816653058306947, 0.33288066476333195, 0.3216818208298396, 0.40320571928379684, 0.3717326211488574]
2022-01-20 23:10:29:INFO:-------------Training local models-------------
2022-01-20 23:11:45:INFO:-------------Aggregating local models-------------
2022-01-20 23:11:46:INFO:-------------Round number: 16-------------
2022-01-20 23:11:46:INFO:-------------Sending models-------------
2022-01-20 23:11:46:INFO:-------------Evaluating models-------------
2022-01-20 23:11:46:INFO:Average Global Accuracy and Loss for Each Task:
2022-01-20 23:11:46:INFO:Accuracy = [0.9122285948381811, 0.9082343301925441, 0.8999385497746825, 0.9034207292093405, 0.905981155264236, 0.9188857025809095, 0.9056739041376485, 0.9003482179434658, 0.9056739041376485, 0.8963539532978287]
2022-01-20 23:11:46:INFO:Loss = [0.34083924463285087, 0.23143249943040523, 0.35127529317100287, 0.340865687268379, 0.31942850548204754, 0.2803073574459248, 0.3292304275436071, 0.3173474073898397, 0.4021130631485514, 0.37027409141337664]
2022-01-20 23:11:46:INFO:-------------Training local models-------------
2022-01-20 23:12:58:INFO:-------------Aggregating local models-------------
2022-01-20 23:12:59:INFO:-------------Round number: 17-------------
2022-01-20 23:12:59:INFO:-------------Sending models-------------
2022-01-20 23:12:59:INFO:-------------Evaluating models-------------
2022-01-20 23:13:00:INFO:Average Global Accuracy and Loss for Each Task:
2022-01-20 23:13:00:INFO:Accuracy = [0.9137648504711184, 0.9097705858254813, 0.9010651372388365, 0.9040352314625154, 0.9058787382220401, 0.9188857025809095, 0.9055714870954527, 0.9011675542810323, 0.9057763211798443, 0.8963539532978287]
2022-01-20 23:13:00:INFO:Loss = [0.3352903204251635, 0.22601020284567833, 0.3482232012040837, 0.33677993888788565, 0.3157911755370464, 0.27888590699180954, 0.3256124803282867, 0.31298927293875967, 0.40098089575227647, 0.36862504333929175]
2022-01-20 23:13:00:INFO:-------------Training local models-------------
2022-01-20 23:14:34:INFO:-------------Aggregating local models-------------
2022-01-20 23:14:36:INFO:-------------Round number: 18-------------
2022-01-20 23:14:36:INFO:-------------Sending models-------------
2022-01-20 23:14:36:INFO:-------------Evaluating models-------------
2022-01-20 23:14:36:INFO:Average Global Accuracy and Loss for Each Task:
2022-01-20 23:14:36:INFO:Accuracy = [0.9147890208930766, 0.9108971732896354, 0.9017820565342073, 0.905366653011061, 0.9058787382220401, 0.9191929537074969, 0.905366653011061, 0.9022941417451864, 0.905366653011061, 0.8958418680868496]
2022-01-20 23:14:36:INFO:Loss = [0.3299045092245012, 0.22084141102730495, 0.3450881750237033, 0.3327488225000723, 0.3121983470675253, 0.2774254136612529, 0.32204950451454095, 0.3086507578930958, 0.3998087401176005, 0.36683369814336225]
2022-01-20 23:14:36:INFO:-------------Training local models-------------
2022-01-20 23:16:06:INFO:-------------Aggregating local models-------------
2022-01-20 23:16:07:INFO:-------------Round number: 19-------------
2022-01-20 23:16:07:INFO:-------------Sending models-------------
2022-01-20 23:16:07:INFO:-------------Evaluating models-------------
2022-01-20 23:16:08:INFO:Average Global Accuracy and Loss for Each Task:
2022-01-20 23:16:08:INFO:Accuracy = [0.9159156083572306, 0.9131503482179435, 0.9028062269561655, 0.9064932404752151, 0.9062884063908234, 0.9193977877918885, 0.9054690700532568, 0.9034207292093405, 0.9055714870954527, 0.8954321999180663]
2022-01-20 23:16:08:INFO:Loss = [0.32468191641338995, 0.21593762255384022, 0.3419131977252421, 0.328778243067017, 0.3086629925537603, 0.27593591651514743, 0.3185478556277028, 0.30436285203021357, 0.39857466135404673, 0.3649429003999937]
2022-01-20 23:16:08:INFO:-------------Training local models-------------
2022-01-20 23:17:19:INFO:-------------Aggregating local models-------------
2022-01-20 23:17:20:INFO:-------------Round number: 20-------------
2022-01-20 23:17:20:INFO:-------------Sending models-------------
2022-01-20 23:17:21:INFO:-------------Evaluating models-------------
2022-01-20 23:17:21:INFO:Average Global Accuracy and Loss for Each Task:
2022-01-20 23:17:21:INFO:Accuracy = [0.9171446128635805, 0.9148914379352724, 0.9035231462515363, 0.9079270790659566, 0.9066980745596067, 0.919705038918476, 0.9055714870954527, 0.9036255632937321, 0.9057763211798443, 0.8955346169602622]
2022-01-20 23:17:21:INFO:Loss = [0.3196427062045461, 0.211284076944543, 0.3387425458566154, 0.32486937593230697, 0.3051989810058251, 0.27443033449651005, 0.31510820060461725, 0.30015994235567994, 0.3972947321212093, 0.3629821755849695]
2022-01-20 23:17:21:INFO:-------------Training local models-------------
2022-01-20 23:18:59:INFO:-------------Aggregating local models-------------
2022-01-20 23:19:00:INFO:-------------Round number: 21-------------
2022-01-20 23:19:00:INFO:-------------Sending models-------------
2022-01-20 23:19:00:INFO:-------------Evaluating models-------------
2022-01-20 23:19:00:INFO:Average Global Accuracy and Loss for Each Task:
2022-01-20 23:19:00:INFO:Accuracy = [0.9184760344121262, 0.9160180253994264, 0.9045473166734944, 0.9090536665301107, 0.9068004916018025, 0.9200122900450635, 0.9064932404752151, 0.9049569848422777, 0.905981155264236, 0.895637034002458]
2022-01-20 23:19:00:INFO:Loss = [0.3147948275517485, 0.20685617572832846, 0.33560523466160924, 0.3210231240065017, 0.30181856531251505, 0.27292193893226674, 0.31172511945007425, 0.2960618099686871, 0.3959799296490559, 0.36098665301182487]
2022-01-20 23:19:00:INFO:-------------Training local models-------------
2022-01-20 23:20:40:INFO:-------------Aggregating local models-------------
2022-01-20 23:20:41:INFO:-------------Round number: 22-------------
2022-01-20 23:20:41:INFO:-------------Sending models-------------
2022-01-20 23:20:41:INFO:-------------Evaluating models-------------
2022-01-20 23:20:41:INFO:Average Global Accuracy and Loss for Each Task:
2022-01-20 23:20:41:INFO:Accuracy = [0.9190905366653012, 0.9177591151167555, 0.9049569848422777, 0.9103850880786563, 0.9070053256861942, 0.9206267922982384, 0.9073125768127817, 0.9049569848422777, 0.9055714870954527, 0.8951249487914789]
2022-01-20 23:20:41:INFO:Loss = [0.31014555944866185, 0.20265429275127914, 0.332515539127581, 0.31723418095466155, 0.2985299229988159, 0.27142057341933806, 0.3083975602281675, 0.2920847740825548, 0.3946208685083965, 0.35897505882515474]
2022-01-20 23:20:41:INFO:-------------Training local models-------------
2022-01-20 23:21:52:INFO:-------------Aggregating local models-------------
2022-01-20 23:21:53:INFO:-------------Round number: 23-------------
2022-01-20 23:21:53:INFO:-------------Sending models-------------
2022-01-20 23:21:53:INFO:-------------Evaluating models-------------
2022-01-20 23:21:53:INFO:Average Global Accuracy and Loss for Each Task:
2022-01-20 23:21:53:INFO:Accuracy = [0.9211388775092175, 0.9200122900450635, 0.905366653011061, 0.9112044244162228, 0.9076198279393691, 0.9207292093404342, 0.9076198279393691, 0.9054690700532568, 0.9054690700532568, 0.8957394510446538]
2022-01-20 23:21:53:INFO:Loss = [0.3056878133439251, 0.1986603823611387, 0.3294880287687415, 0.3134927959217614, 0.29534178553320795, 0.26994227160933854, 0.30512154724835033, 0.28823614260506086, 0.39322022296448605, 0.35694982870094655]
2022-01-20 23:21:53:INFO:-------------Training local models-------------
2022-01-20 23:23:05:INFO:-------------Aggregating local models-------------
2022-01-20 23:23:06:INFO:-------------Round number: 24-------------
2022-01-20 23:23:06:INFO:-------------Sending models-------------
2022-01-20 23:23:06:INFO:-------------Evaluating models-------------
2022-01-20 23:23:06:INFO:Average Global Accuracy and Loss for Each Task:
2022-01-20 23:23:06:INFO:Accuracy = [0.9226751331421549, 0.9219582138467841, 0.9069029086439984, 0.9121261777959853, 0.9080294961081524, 0.921446128635805, 0.9082343301925441, 0.907722244981565, 0.9063908234330192, 0.8954321999180663]
2022-01-20 23:23:06:INFO:Loss = [0.30142241819169935, 0.19486843213242117, 0.3265241541942091, 0.30980807745318734, 0.2922486061888828, 0.26849785138039417, 0.3018961421251053, 0.28453064777814724, 0.3917932423362081, 0.3549327371532875]
2022-01-20 23:23:06:INFO:-------------Training local models-------------
2022-01-20 23:24:18:INFO:-------------Aggregating local models-------------
2022-01-20 23:24:19:INFO:-------------Round number: 25-------------
2022-01-20 23:24:19:INFO:-------------Sending models-------------
2022-01-20 23:24:19:INFO:-------------Evaluating models-------------
2022-01-20 23:24:19:INFO:Average Global Accuracy and Loss for Each Task:
2022-01-20 23:24:19:INFO:Accuracy = [0.9246210569438754, 0.9236993035641131, 0.9073125768127817, 0.9129455141335518, 0.9083367472347399, 0.9219582138467841, 0.9089512494879148, 0.9096681687832855, 0.9063908234330192, 0.8948176976648914]
2022-01-20 23:24:19:INFO:Loss = [0.2973528715641845, 0.19127501765878804, 0.32364757978790415, 0.30618003553290046, 0.28925522601644754, 0.26709626300152894, 0.2987166631269387, 0.28096026039633876, 0.390347085012337, 0.35292271820890125]
2022-01-20 23:24:19:INFO:-------------Training local models-------------
2022-01-20 23:25:30:INFO:-------------Aggregating local models-------------
2022-01-20 23:25:31:INFO:-------------Round number: 26-------------
2022-01-20 23:25:31:INFO:-------------Sending models-------------
2022-01-20 23:25:31:INFO:-------------Evaluating models-------------
2022-01-20 23:25:32:INFO:Average Global Accuracy and Loss for Each Task:
2022-01-20 23:25:32:INFO:Accuracy = [0.9255428103236378, 0.9252355591970504, 0.9075174108971733, 0.9131503482179435, 0.908848832445719, 0.9221630479311758, 0.9097705858254813, 0.9118189266693978, 0.9070053256861942, 0.8944080294961082]
2022-01-20 23:25:32:INFO:Loss = [0.2934849441726034, 0.18786932019969324, 0.3208530467142462, 0.30260605040124233, 0.2863590836552434, 0.26574210209556137, 0.29557767430444765, 0.2775242200028952, 0.3888781053848799, 0.350930014065864]
2022-01-20 23:25:32:INFO:-------------Training local models-------------
2022-01-20 23:26:43:INFO:-------------Aggregating local models-------------
2022-01-20 23:26:44:INFO:-------------Round number: 27-------------
2022-01-20 23:26:44:INFO:-------------Sending models-------------
2022-01-20 23:26:44:INFO:-------------Evaluating models-------------
2022-01-20 23:26:44:INFO:Average Global Accuracy and Loss for Each Task:
2022-01-20 23:26:44:INFO:Accuracy = [0.9274887341253585, 0.9257476444080295, 0.9084391642769357, 0.9139696845555101, 0.9085415813191315, 0.9225727160999591, 0.9115116755428103, 0.9126382630069644, 0.9070053256861942, 0.8942031954117166]
2022-01-20 23:26:44:INFO:Loss = [0.2897901875148148, 0.18463978252233612, 0.31813321035967307, 0.299074304964285, 0.2835568176664104, 0.2644405708947851, 0.29247402854413346, 0.2742186770673318, 0.3873845237279685, 0.3489584409811491]
2022-01-20 23:26:44:INFO:-------------Training local models-------------
2022-01-20 23:27:56:INFO:-------------Aggregating local models-------------
2022-01-20 23:27:57:INFO:-------------Round number: 28-------------
2022-01-20 23:27:57:INFO:-------------Sending models-------------
2022-01-20 23:27:57:INFO:-------------Evaluating models-------------
2022-01-20 23:27:57:INFO:Average Global Accuracy and Loss for Each Task:
2022-01-20 23:27:57:INFO:Accuracy = [0.9282056534207292, 0.9272839000409668, 0.9094633346988938, 0.9146866038508807, 0.9092585006145023, 0.9225727160999591, 0.9122285948381811, 0.9147890208930766, 0.9073125768127817, 0.8941007783695207]
2022-01-20 23:27:57:INFO:Loss = [0.28625920024081997, 0.1815803431887111, 0.3154984836293776, 0.2955948246375111, 0.2808503615458155, 0.2631909675375798, 0.2894235382193073, 0.2710358673612794, 0.3858733393008382, 0.3470205378790021]
2022-01-20 23:27:57:INFO:-------------Training local models-------------
2022-01-20 23:29:08:INFO:-------------Aggregating local models-------------
2022-01-20 23:29:09:INFO:-------------Round number: 29-------------
2022-01-20 23:29:09:INFO:-------------Sending models-------------
2022-01-20 23:29:09:INFO:-------------Evaluating models-------------
2022-01-20 23:29:10:INFO:Average Global Accuracy and Loss for Each Task:
2022-01-20 23:29:10:INFO:Accuracy = [0.9290249897582957, 0.927795985251946, 0.909975419909873, 0.9145841868086849, 0.909360917656698, 0.9229823842687424, 0.9135600163867268, 0.9165301106104056, 0.9070053256861942, 0.894510446538304]
2022-01-20 23:29:10:INFO:Loss = [0.2828845067086314, 0.17868733613277582, 0.31294287775216995, 0.2921733710363916, 0.2782359312638329, 0.2619852320299144, 0.28642554738891146, 0.2679771887446002, 0.38435751417801906, 0.3451160905178406]
2022-01-20 23:29:10:INFO:-------------Training local models-------------
2022-01-20 23:30:21:INFO:-------------Aggregating local models-------------
2022-01-20 23:30:22:INFO:-------------Round number: 30-------------
2022-01-20 23:30:22:INFO:-------------Sending models-------------
2022-01-20 23:30:22:INFO:-------------Evaluating models-------------
2022-01-20 23:30:22:INFO:Average Global Accuracy and Loss for Each Task:
2022-01-20 23:30:22:INFO:Accuracy = [0.9301515772224498, 0.9282056534207292, 0.9107947562474396, 0.9145841868086849, 0.9096681687832855, 0.9232896353953298, 0.9138672675133143, 0.9175542810323638, 0.9068004916018025, 0.8947152806226956]
2022-01-20 23:30:22:INFO:Loss = [0.2796596527009568, 0.17594613376028137, 0.31045925594326024, 0.2888083218435487, 0.2757122529512641, 0.2608258162919225, 0.28347540528897697, 0.265041630293156, 0.38283282324529816, 0.34324892739422347]
2022-01-20 23:30:22:INFO:-------------Training local models-------------
2022-01-20 23:31:34:INFO:-------------Aggregating local models-------------
2022-01-20 23:31:35:INFO:-------------Round number: 31-------------
2022-01-20 23:31:35:INFO:-------------Sending models-------------
2022-01-20 23:31:35:INFO:-------------Evaluating models-------------
2022-01-20 23:31:35:INFO:Average Global Accuracy and Loss for Each Task:
2022-01-20 23:31:35:INFO:Accuracy = [0.9312781646866038, 0.9291274068004916, 0.911102007374027, 0.9143793527242933, 0.909360917656698, 0.9229823842687424, 0.9146866038508807, 0.9184760344121262, 0.9070053256861942, 0.8948176976648914]
2022-01-20 23:31:35:INFO:Loss = [0.2765717588377287, 0.17334699192584563, 0.3080442314345614, 0.28549963520326266, 0.27327007227582994, 0.25971035767663864, 0.28056921978930943, 0.26221166593463313, 0.3813069880648052, 0.34142050063271884]
2022-01-20 23:31:35:INFO:-------------Training local models-------------
2022-01-20 23:32:46:INFO:-------------Aggregating local models-------------
2022-01-20 23:32:47:INFO:-------------Round number: 32-------------
2022-01-20 23:32:47:INFO:-------------Sending models-------------
2022-01-20 23:32:47:INFO:-------------Evaluating models-------------
2022-01-20 23:32:48:INFO:Average Global Accuracy and Loss for Each Task:
2022-01-20 23:32:48:INFO:Accuracy = [0.9316878328553871, 0.9296394920114707, 0.9126382630069644, 0.9153011061040557, 0.9100778369520688, 0.9224702990577632, 0.915096272019664, 0.9191929537074969, 0.9068004916018025, 0.8944080294961082]
2022-01-20 23:32:48:INFO:Loss = [0.2736167140703363, 0.17088127776519507, 0.3056939696936591, 0.28224350882420185, 0.2709100988709941, 0.25863647608789964, 0.27769955192547213, 0.2594849762813154, 0.3797714637688009, 0.33962490961462294]
2022-01-20 23:32:48:INFO:-------------Training local models-------------
2022-01-20 23:34:41:INFO:-------------Aggregating local models-------------
2022-01-20 23:34:43:INFO:-------------Round number: 33-------------
2022-01-20 23:34:43:INFO:-------------Sending models-------------
2022-01-20 23:34:44:INFO:-------------Evaluating models-------------
2022-01-20 23:34:44:INFO:Average Global Accuracy and Loss for Each Task:
2022-01-20 23:34:44:INFO:Accuracy = [0.9320975010241704, 0.9303564113068414, 0.9132527652601393, 0.9158131913150348, 0.9101802539942646, 0.9225727160999591, 0.9158131913150348, 0.9195002048340843, 0.9064932404752151, 0.8943056124539124]
2022-01-20 23:34:44:INFO:Loss = [0.2707854685862348, 0.16854269809018255, 0.30341088835917646, 0.2790461793184793, 0.2686290671008867, 0.25760319163064416, 0.2748753662461118, 0.25684897245786587, 0.37822693792840034, 0.33786814806495274]
2022-01-20 23:34:44:INFO:-------------Training local models-------------
2022-01-20 23:37:08:INFO:-------------Aggregating local models-------------
2022-01-20 23:37:10:INFO:-------------Round number: 34-------------
2022-01-20 23:37:10:INFO:-------------Sending models-------------
2022-01-20 23:37:10:INFO:-------------Evaluating models-------------
2022-01-20 23:37:10:INFO:Average Global Accuracy and Loss for Each Task:
2022-01-20 23:37:10:INFO:Accuracy = [0.9326095862351496, 0.9307660794756247, 0.9145841868086849, 0.9165301106104056, 0.9101802539942646, 0.9229823842687424, 0.9163252765260139, 0.9203195411716509, 0.9061859893486276, 0.8941007783695207]
2022-01-20 23:37:10:INFO:Loss = [0.2680727789637857, 0.16632090684481268, 0.30119516399705426, 0.27590875928425634, 0.26641662128877075, 0.2566029112414358, 0.27210211803139306, 0.25430611636953576, 0.3766851727161114, 0.33615438693074456]
2022-01-20 23:37:10:INFO:-------------Training local models-------------
2022-01-20 23:39:34:INFO:-------------Aggregating local models-------------
2022-01-20 23:39:37:INFO:-------------Round number: 35-------------
2022-01-20 23:39:37:INFO:-------------Sending models-------------
2022-01-20 23:39:37:INFO:-------------Evaluating models-------------
2022-01-20 23:39:37:INFO:Average Global Accuracy and Loss for Each Task:
2022-01-20 23:39:37:INFO:Accuracy = [0.9333265055305203, 0.9316878328553871, 0.9149938549774682, 0.9170421958213847, 0.9107947562474396, 0.9233920524375256, 0.9164276935682097, 0.9215485456780008, 0.9064932404752151, 0.8939983613273249]
2022-01-20 23:39:37:INFO:Loss = [0.2654789770659195, 0.16420624134943823, 0.2990446012697592, 0.2728339549915583, 0.2642723203608854, 0.25564044085615323, 0.2693766239772611, 0.251850034517344, 0.37515372985372847, 0.33448088170624035]
2022-01-20 23:39:37:INFO:-------------Training local models-------------
2022-01-20 23:42:01:INFO:-------------Aggregating local models-------------
2022-01-20 23:42:03:INFO:-------------Round number: 36-------------
2022-01-20 23:42:03:INFO:-------------Sending models-------------
2022-01-20 23:42:03:INFO:-------------Evaluating models-------------
2022-01-20 23:42:03:INFO:Average Global Accuracy and Loss for Each Task:
2022-01-20 23:42:03:INFO:Accuracy = [0.9336337566571078, 0.9331216714461287, 0.9162228594838181, 0.917451863990168, 0.9113068414584187, 0.9233920524375256, 0.9164276935682097, 0.9223678820155674, 0.9066980745596067, 0.8937935272429333]
2022-01-20 23:42:03:INFO:Loss = [0.2629964985132724, 0.1621930481956044, 0.2969556900747777, 0.2698243831935621, 0.26219460139999573, 0.2547142409729464, 0.26670191420523764, 0.24947973318773428, 0.3736318413247646, 0.33284573683065743]
2022-01-20 23:42:03:INFO:-------------Training local models-------------
2022-01-20 23:44:27:INFO:-------------Aggregating local models-------------
2022-01-20 23:44:29:INFO:-------------Round number: 37-------------
2022-01-20 23:44:29:INFO:-------------Sending models-------------
2022-01-20 23:44:29:INFO:-------------Evaluating models-------------
2022-01-20 23:44:30:INFO:Average Global Accuracy and Loss for Each Task:
2022-01-20 23:44:30:INFO:Accuracy = [0.9342482589102826, 0.9337361736993036, 0.9165301106104056, 0.917451863990168, 0.911716509627202, 0.9236993035641131, 0.9165301106104056, 0.9226751331421549, 0.9069029086439984, 0.8942031954117166]
2022-01-20 23:44:30:INFO:Loss = [0.260618685270457, 0.16028285915560833, 0.29492295569053856, 0.26687651058748235, 0.26018149339712604, 0.2538173584245374, 0.2640783298624827, 0.24718837827727938, 0.3721206523039745, 0.33125147885509026]
2022-01-20 23:44:30:INFO:-------------Training local models-------------
2022-01-20 23:46:54:INFO:-------------Aggregating local models-------------
2022-01-20 23:46:56:INFO:-------------Round number: 38-------------
2022-01-20 23:46:56:INFO:-------------Sending models-------------
2022-01-20 23:46:56:INFO:-------------Evaluating models-------------
2022-01-20 23:46:57:INFO:Average Global Accuracy and Loss for Each Task:
2022-01-20 23:46:57:INFO:Accuracy = [0.9352724293322409, 0.9347603441212617, 0.9171446128635805, 0.9180663662433429, 0.9118189266693978, 0.9235968865219173, 0.9170421958213847, 0.9232896353953298, 0.90710774272839, 0.894510446538304]
2022-01-20 23:46:57:INFO:Loss = [0.25834096677789053, 0.15847426931732797, 0.29295209799814986, 0.26400026645158853, 0.2582325698935268, 0.25294550338851335, 0.2615075592601741, 0.24497414213505644, 0.370620790551705, 0.3296993259021563]
2022-01-20 23:46:57:INFO:-------------Training local models-------------
2022-01-20 23:49:20:INFO:-------------Aggregating local models-------------
2022-01-20 23:49:23:INFO:-------------Round number: 39-------------
2022-01-20 23:49:23:INFO:-------------Sending models-------------
2022-01-20 23:49:23:INFO:-------------Evaluating models-------------
2022-01-20 23:49:23:INFO:Average Global Accuracy and Loss for Each Task:
2022-01-20 23:49:23:INFO:Accuracy = [0.9354772634166325, 0.9349651782056534, 0.9179639492011471, 0.9184760344121262, 0.9123310118803769, 0.9235968865219173, 0.9180663662433429, 0.9239041376485048, 0.9073125768127817, 0.894510446538304]
2022-01-20 23:49:23:INFO:Loss = [0.2561603022032692, 0.1567492091223988, 0.29103727105948485, 0.26118053760820603, 0.25633978112442407, 0.25209939590496655, 0.25897940970035493, 0.24283404105229608, 0.3691261265960925, 0.3281911256074881]
2022-01-20 23:49:23:INFO:-------------Training local models-------------
2022-01-20 23:51:47:INFO:-------------Aggregating local models-------------
