2022-01-20 23:33:36:INFO:-------------Round number: 0-------------
2022-01-20 23:33:36:INFO:-------------Sending models-------------
2022-01-20 23:33:37:INFO:-------------Evaluating models-------------
2022-01-20 23:33:37:INFO:Average Global Accuracy and Loss for Each Task:
2022-01-20 23:33:37:INFO:Accuracy = [1.0, 0.8888888888888888, 0.8888888888888888, 0.8888888888888888, 0.8888888888888888, 0.1111111111111111, 0.1111111111111111, 0.1111111111111111, 0.1111111111111111, 0.8888888888888888]
2022-01-20 23:33:37:INFO:Loss = [0.6536805897951126, 0.6547451406717301, 0.6675596982240677, 0.6587128430604935, 0.6619914144277572, 0.7371926099061966, 0.7397926986217499, 0.7415143549442291, 0.74186392724514, 0.6697678864002228]
2022-01-20 23:33:37:INFO:-------------Training local models-------------
2022-01-20 23:37:07:INFO:-------------Aggregating local models-------------
2022-01-20 23:37:09:INFO:-------------Round number: 1-------------
2022-01-20 23:37:09:INFO:-------------Sending models-------------
2022-01-20 23:37:10:INFO:-------------Evaluating models-------------
2022-01-20 23:37:10:INFO:Average Global Accuracy and Loss for Each Task:
2022-01-20 23:37:10:INFO:Accuracy = [1.0, 0.8763888888888889, 0.8888888888888888, 0.8880555555555556, 0.8890277777777778, 0.8888888888888888, 0.8888888888888888, 0.88875, 0.8888888888888888, 0.8430555555555556]
2022-01-20 23:37:10:INFO:Loss = [0.17053275518119335, 0.48282587379217146, 0.46717878580093386, 0.4171440839767456, 0.4412397712469101, 0.4650319337844849, 0.43777756839990617, 0.47498019635677335, 0.41535486578941344, 0.5635470822453499]
2022-01-20 23:37:10:INFO:-------------Training local models-------------
2022-01-20 23:40:40:INFO:-------------Aggregating local models-------------
2022-01-20 23:40:43:INFO:-------------Round number: 2-------------
2022-01-20 23:40:43:INFO:-------------Sending models-------------
2022-01-20 23:40:43:INFO:-------------Evaluating models-------------
2022-01-20 23:40:43:INFO:Average Global Accuracy and Loss for Each Task:
2022-01-20 23:40:43:INFO:Accuracy = [1.0, 0.8763888888888889, 0.8888888888888888, 0.88875, 0.8898611111111111, 0.8888888888888888, 0.8888888888888888, 0.8888888888888888, 0.8888888888888888, 0.8516666666666667]
2022-01-20 23:40:43:INFO:Loss = [0.05878105740994215, 0.4161510065197945, 0.39004688858985903, 0.3693697422742844, 0.3755194410681725, 0.38653410226106644, 0.3654670834541321, 0.3793561652302742, 0.35488915890455247, 0.4100279822945595]
2022-01-20 23:40:43:INFO:-------------Training local models-------------
2022-01-20 23:44:14:INFO:-------------Aggregating local models-------------
2022-01-20 23:44:16:INFO:-------------Round number: 3-------------
2022-01-20 23:44:16:INFO:-------------Sending models-------------
2022-01-20 23:44:17:INFO:-------------Evaluating models-------------
2022-01-20 23:44:17:INFO:Average Global Accuracy and Loss for Each Task:
2022-01-20 23:44:17:INFO:Accuracy = [1.0, 0.8788888888888889, 0.8888888888888888, 0.8888888888888888, 0.88875, 0.8888888888888888, 0.8888888888888888, 0.8888888888888888, 0.8888888888888888, 0.8651388888888889]
2022-01-20 23:44:17:INFO:Loss = [0.03171059899032116, 0.40835206359624865, 0.3797144144773483, 0.3662004813551903, 0.3734840914607048, 0.3780843585729599, 0.35762451589107513, 0.36629591733217237, 0.35240385085344317, 0.36105374842882154]
2022-01-20 23:44:17:INFO:-------------Training local models-------------
2022-01-20 23:47:47:INFO:-------------Aggregating local models-------------
2022-01-20 23:47:49:INFO:-------------Round number: 4-------------
2022-01-20 23:47:49:INFO:-------------Sending models-------------
2022-01-20 23:47:50:INFO:-------------Evaluating models-------------
2022-01-20 23:47:50:INFO:Average Global Accuracy and Loss for Each Task:
2022-01-20 23:47:50:INFO:Accuracy = [1.0, 0.88, 0.8888888888888888, 0.8888888888888888, 0.8869444444444444, 0.8888888888888888, 0.8888888888888888, 0.8888888888888888, 0.8888888888888888, 0.88]
2022-01-20 23:47:50:INFO:Loss = [0.021834034007042646, 0.40881660133600234, 0.3811964511871338, 0.36467007398605344, 0.377648101747036, 0.37898803502321243, 0.3577942714095116, 0.36606309562921524, 0.3539716675877571, 0.3473198637366295]
2022-01-20 23:47:50:INFO:-------------Training local models-------------
2022-01-20 23:51:20:INFO:-------------Aggregating local models-------------
2022-01-20 23:51:22:INFO:-------------Round number: 5-------------
2022-01-20 23:51:22:INFO:-------------Sending models-------------
2022-01-20 23:51:22:INFO:-------------Evaluating models-------------
2022-01-20 23:51:23:INFO:Average Global Accuracy and Loss for Each Task:
2022-01-20 23:51:23:INFO:Accuracy = [1.0, 0.8805555555555555, 0.8888888888888888, 0.8893055555555556, 0.8856944444444445, 0.8888888888888888, 0.8888888888888888, 0.8888888888888888, 0.8891666666666667, 0.8877777777777778]
2022-01-20 23:51:23:INFO:Loss = [0.01698180423118174, 0.4093715101480484, 0.3836128175258636, 0.36146482527256013, 0.3801888316869736, 0.38005069345235826, 0.3579028949141502, 0.3669045403599739, 0.3540601715445518, 0.34124349504709245]
2022-01-20 23:51:23:INFO:-------------Training local models-------------
2022-01-20 23:53:20:INFO:-------------Aggregating local models-------------
2022-01-20 23:53:21:INFO:-------------Round number: 6-------------
2022-01-20 23:53:21:INFO:-------------Sending models-------------
2022-01-20 23:53:21:INFO:-------------Evaluating models-------------
2022-01-20 23:53:21:INFO:Average Global Accuracy and Loss for Each Task:
2022-01-20 23:53:21:INFO:Accuracy = [1.0, 0.8805555555555555, 0.8888888888888888, 0.8902777777777777, 0.8859722222222223, 0.8888888888888888, 0.8888888888888888, 0.8888888888888888, 0.8891666666666667, 0.8915277777777778]
2022-01-20 23:53:21:INFO:Loss = [0.01411294424906373, 0.4090789437294006, 0.38524666279554365, 0.3569232404232025, 0.3807359725236893, 0.380108979344368, 0.35696443617343904, 0.36718218177556994, 0.35269945561885835, 0.33626570701599123]
2022-01-20 23:53:21:INFO:-------------Training local models-------------
2022-01-20 23:55:29:INFO:-------------Aggregating local models-------------
2022-01-20 23:55:30:INFO:-------------Round number: 7-------------
2022-01-20 23:55:30:INFO:-------------Sending models-------------
2022-01-20 23:55:30:INFO:-------------Evaluating models-------------
2022-01-20 23:55:30:INFO:Average Global Accuracy and Loss for Each Task:
2022-01-20 23:55:30:INFO:Accuracy = [1.0, 0.8798611111111111, 0.8888888888888888, 0.8911111111111111, 0.88625, 0.8888888888888888, 0.8888888888888888, 0.8888888888888888, 0.8895833333333333, 0.8943055555555556]
2022-01-20 23:55:30:INFO:Loss = [0.01220479435287416, 0.40800999850034714, 0.38599328249692916, 0.3515319898724556, 0.37980598360300066, 0.37923027724027636, 0.3550714910030365, 0.3667962238192558, 0.3503386199474335, 0.33113684356212614]
2022-01-20 23:55:30:INFO:-------------Training local models-------------
2022-01-20 23:57:29:INFO:-------------Aggregating local models-------------
2022-01-20 23:57:31:INFO:-------------Round number: 8-------------
2022-01-20 23:57:31:INFO:-------------Sending models-------------
2022-01-20 23:57:31:INFO:-------------Evaluating models-------------
2022-01-20 23:57:32:INFO:Average Global Accuracy and Loss for Each Task:
2022-01-20 23:57:32:INFO:Accuracy = [1.0, 0.8798611111111111, 0.8888888888888888, 0.8909722222222223, 0.8863888888888889, 0.8888888888888888, 0.8888888888888888, 0.8888888888888888, 0.8898611111111111, 0.8948611111111111]
2022-01-20 23:57:32:INFO:Loss = [0.010837661707773805, 0.40631345063447954, 0.38598456233739853, 0.34568133801221845, 0.37788970321416854, 0.37762472331523894, 0.35240084677934647, 0.3658774733543396, 0.34733536541461946, 0.3257765084505081]
2022-01-20 23:57:32:INFO:-------------Training local models-------------
2022-01-20 23:59:23:INFO:-------------Aggregating local models-------------
2022-01-20 23:59:24:INFO:-------------Round number: 9-------------
2022-01-20 23:59:24:INFO:-------------Sending models-------------
2022-01-20 23:59:24:INFO:-------------Evaluating models-------------
2022-01-20 23:59:24:INFO:Average Global Accuracy and Loss for Each Task:
2022-01-20 23:59:24:INFO:Accuracy = [1.0, 0.88, 0.8888888888888888, 0.8918055555555555, 0.8866666666666667, 0.8888888888888888, 0.8897222222222222, 0.8888888888888888, 0.8905555555555555, 0.8955555555555555]
2022-01-20 23:59:24:INFO:Loss = [0.009799775225110352, 0.4041629210114479, 0.3853609263896942, 0.33963062837719915, 0.3753405138850212, 0.3754512116312981, 0.3490914538502693, 0.36456658244132994, 0.34395470172166825, 0.32041536271572113]
2022-01-20 23:59:24:INFO:-------------Training local models-------------
2022-01-21 00:01:08:INFO:-------------Aggregating local models-------------
2022-01-21 00:01:09:INFO:-------------Round number: 10-------------
2022-01-21 00:01:09:INFO:-------------Sending models-------------
2022-01-21 00:01:09:INFO:-------------Evaluating models-------------
2022-01-21 00:01:09:INFO:Average Global Accuracy and Loss for Each Task:
2022-01-21 00:01:09:INFO:Accuracy = [1.0, 0.88, 0.8890277777777778, 0.8925, 0.8872222222222222, 0.8880555555555556, 0.8905555555555555, 0.8888888888888888, 0.8908333333333334, 0.8954166666666666]
2022-01-21 00:01:09:INFO:Loss = [0.008978887903504073, 0.4016966626048088, 0.38422502875328063, 0.33354463130235673, 0.37241628021001816, 0.3728263661265373, 0.34523665606975557, 0.36295910775661466, 0.340377701818943, 0.3152064561843872]
2022-01-21 00:01:09:INFO:-------------Training local models-------------
2022-01-21 00:02:52:INFO:-------------Aggregating local models-------------
2022-01-21 00:02:53:INFO:-------------Round number: 11-------------
2022-01-21 00:02:53:INFO:-------------Sending models-------------
2022-01-21 00:02:53:INFO:-------------Evaluating models-------------
2022-01-21 00:02:53:INFO:Average Global Accuracy and Loss for Each Task:
2022-01-21 00:02:53:INFO:Accuracy = [1.0, 0.8797222222222222, 0.8895833333333333, 0.8947222222222222, 0.8869444444444444, 0.8876388888888889, 0.8915277777777778, 0.8888888888888888, 0.8909722222222223, 0.8958333333333334]
2022-01-21 00:02:53:INFO:Loss = [0.00830696658231318, 0.39903476685285566, 0.3826598674058914, 0.32754166424274445, 0.36930214762687685, 0.36986613273620605, 0.34089681059122084, 0.3611144036054611, 0.33673129975795746, 0.3102297253906727]
2022-01-21 00:02:53:INFO:-------------Training local models-------------
2022-01-21 00:04:37:INFO:-------------Aggregating local models-------------
2022-01-21 00:04:38:INFO:-------------Round number: 12-------------
2022-01-21 00:04:38:INFO:-------------Sending models-------------
2022-01-21 00:04:38:INFO:-------------Evaluating models-------------
2022-01-21 00:04:38:INFO:Average Global Accuracy and Loss for Each Task:
2022-01-21 00:04:38:INFO:Accuracy = [1.0, 0.8797222222222222, 0.8897222222222222, 0.8958333333333334, 0.8881944444444444, 0.8879166666666667, 0.8925, 0.8888888888888888, 0.8909722222222223, 0.8963888888888889]
2022-01-21 00:04:38:INFO:Loss = [0.007741189864464104, 0.3962732881307602, 0.38074757903814316, 0.3217250630259514, 0.3660948395729065, 0.36665003150701525, 0.33614346385002136, 0.35907994359731676, 0.3330520957708359, 0.3054911993443966]
2022-01-21 00:04:38:INFO:-------------Training local models-------------
2022-01-21 00:06:21:INFO:-------------Aggregating local models-------------
2022-01-21 00:06:22:INFO:-------------Round number: 13-------------
2022-01-21 00:06:22:INFO:-------------Sending models-------------
2022-01-21 00:06:22:INFO:-------------Evaluating models-------------
2022-01-21 00:06:22:INFO:Average Global Accuracy and Loss for Each Task:
2022-01-21 00:06:22:INFO:Accuracy = [1.0, 0.8791666666666667, 0.8894444444444445, 0.8976388888888889, 0.89, 0.8888888888888888, 0.8929166666666667, 0.8888888888888888, 0.8913888888888889, 0.8968055555555555]
2022-01-21 00:06:22:INFO:Loss = [0.007254340476356447, 0.3935066878795624, 0.3785387337207794, 0.31615096926689146, 0.3628550574183464, 0.36325600147247317, 0.33102528303861617, 0.356920325756073, 0.3294042006134987, 0.3009656772017479]
2022-01-21 00:06:22:INFO:-------------Training local models-------------
2022-01-21 00:08:05:INFO:-------------Aggregating local models-------------
2022-01-21 00:08:06:INFO:-------------Round number: 14-------------
2022-01-21 00:08:06:INFO:-------------Sending models-------------
2022-01-21 00:08:07:INFO:-------------Evaluating models-------------
2022-01-21 00:08:07:INFO:Average Global Accuracy and Loss for Each Task:
2022-01-21 00:08:07:INFO:Accuracy = [1.0, 0.87875, 0.8893055555555556, 0.89875, 0.8904166666666666, 0.8888888888888888, 0.8936111111111111, 0.8897222222222222, 0.8919444444444444, 0.8966666666666666]
2022-01-21 00:08:07:INFO:Loss = [0.006829577102325857, 0.3907895296812057, 0.37609176635742186, 0.31085270196199416, 0.359648497402668, 0.3597577214241028, 0.3256060525774956, 0.3546544462442398, 0.3258139953017235, 0.29662669375538825]
2022-01-21 00:08:07:INFO:-------------Training local models-------------
2022-01-21 00:09:50:INFO:-------------Aggregating local models-------------
2022-01-21 00:09:51:INFO:-------------Round number: 15-------------
2022-01-21 00:09:51:INFO:-------------Sending models-------------
2022-01-21 00:09:51:INFO:-------------Evaluating models-------------
2022-01-21 00:09:51:INFO:Average Global Accuracy and Loss for Each Task:
2022-01-21 00:09:51:INFO:Accuracy = [1.0, 0.8788888888888889, 0.8897222222222222, 0.9018055555555555, 0.8915277777777778, 0.88875, 0.8951388888888889, 0.8898611111111111, 0.8923611111111112, 0.8966666666666666]
2022-01-21 00:09:51:INFO:Loss = [0.0064528259914368395, 0.3881535679101944, 0.3734495848417282, 0.3058524802327156, 0.3564970001578331, 0.35620866566896436, 0.3199710935354233, 0.3523125633597374, 0.3223086215555668, 0.2924742065370083]
2022-01-21 00:09:51:INFO:-------------Training local models-------------
2022-01-21 00:11:34:INFO:-------------Aggregating local models-------------
2022-01-21 00:11:35:INFO:-------------Round number: 16-------------
2022-01-21 00:11:35:INFO:-------------Sending models-------------
2022-01-21 00:11:35:INFO:-------------Evaluating models-------------
2022-01-21 00:11:35:INFO:Average Global Accuracy and Loss for Each Task:
2022-01-21 00:11:35:INFO:Accuracy = [1.0, 0.8786111111111111, 0.8894444444444445, 0.9033333333333333, 0.8919444444444444, 0.89, 0.8956944444444445, 0.8901388888888889, 0.8931944444444444, 0.8966666666666666]
2022-01-21 00:11:35:INFO:Loss = [0.006113569741137326, 0.385606886446476, 0.3706662118434906, 0.3011855326592922, 0.3534273996949196, 0.3526610732078552, 0.31419712156057356, 0.3499129682779312, 0.31890334710478785, 0.2885443739593029]
2022-01-21 00:11:35:INFO:-------------Training local models-------------
2022-01-21 00:13:19:INFO:-------------Aggregating local models-------------
2022-01-21 00:13:20:INFO:-------------Round number: 17-------------
2022-01-21 00:13:20:INFO:-------------Sending models-------------
2022-01-21 00:13:20:INFO:-------------Evaluating models-------------
2022-01-21 00:13:20:INFO:Average Global Accuracy and Loss for Each Task:
2022-01-21 00:13:20:INFO:Accuracy = [1.0, 0.8786111111111111, 0.8890277777777778, 0.9045833333333333, 0.8926388888888889, 0.8893055555555556, 0.8958333333333334, 0.8904166666666666, 0.89375, 0.8968055555555555]
2022-01-21 00:13:20:INFO:Loss = [0.005806528823450207, 0.3831535384058952, 0.36777555048465727, 0.29684198796749117, 0.350443883985281, 0.3491372011601925, 0.3083345636725426, 0.3474823758006096, 0.3156106799840927, 0.2848155103623867]
2022-01-21 00:13:20:INFO:-------------Training local models-------------
2022-01-21 00:15:03:INFO:-------------Aggregating local models-------------
2022-01-21 00:15:04:INFO:-------------Round number: 18-------------
2022-01-21 00:15:04:INFO:-------------Sending models-------------
2022-01-21 00:15:04:INFO:-------------Evaluating models-------------
2022-01-21 00:15:04:INFO:Average Global Accuracy and Loss for Each Task:
2022-01-21 00:15:04:INFO:Accuracy = [1.0, 0.8781944444444445, 0.8895833333333333, 0.9063888888888889, 0.8926388888888889, 0.8891666666666667, 0.8968055555555555, 0.8902777777777777, 0.8936111111111111, 0.8976388888888889]
2022-01-21 00:15:04:INFO:Loss = [0.005524727108422667, 0.3807765319943428, 0.36482367664575577, 0.29281128123402594, 0.34757393822073934, 0.34568030536174776, 0.30244930610060694, 0.345040588080883, 0.31243701577186583, 0.2812952190637589]
2022-01-21 00:15:04:INFO:-------------Training local models-------------
2022-01-21 00:16:48:INFO:-------------Aggregating local models-------------
2022-01-21 00:16:49:INFO:-------------Round number: 19-------------
2022-01-21 00:16:49:INFO:-------------Sending models-------------
2022-01-21 00:16:49:INFO:-------------Evaluating models-------------
2022-01-21 00:16:49:INFO:Average Global Accuracy and Loss for Each Task:
2022-01-21 00:16:49:INFO:Accuracy = [1.0, 0.8793055555555556, 0.89, 0.9061111111111111, 0.89375, 0.8904166666666666, 0.8979166666666667, 0.8906944444444445, 0.8943055555555556, 0.8981944444444444]
2022-01-21 00:16:49:INFO:Loss = [0.005266458529513329, 0.37848123013973234, 0.36184881180524825, 0.28906638994812967, 0.3447895169258118, 0.3423184141516685, 0.2966013066470623, 0.3426059991121292, 0.309378357976675, 0.27797259092330934]
2022-01-21 00:16:49:INFO:-------------Training local models-------------
2022-01-21 00:18:32:INFO:-------------Aggregating local models-------------
2022-01-21 00:18:33:INFO:-------------Round number: 20-------------
2022-01-21 00:18:33:INFO:-------------Sending models-------------
2022-01-21 00:18:33:INFO:-------------Evaluating models-------------
2022-01-21 00:18:33:INFO:Average Global Accuracy and Loss for Each Task:
2022-01-21 00:18:33:INFO:Accuracy = [1.0, 0.8788888888888889, 0.8897222222222222, 0.9068055555555555, 0.89375, 0.8913888888888889, 0.9, 0.8922222222222222, 0.8951388888888889, 0.8990277777777778]
2022-01-21 00:18:33:INFO:Loss = [0.005029135977383703, 0.37625940442085265, 0.3588684394955635, 0.2855811186134815, 0.3420915886759758, 0.3390652760863304, 0.2908282861113548, 0.34018333405256274, 0.3064394392073154, 0.27484479621052743]
2022-01-21 00:18:33:INFO:-------------Training local models-------------
2022-01-21 00:20:16:INFO:-------------Aggregating local models-------------
2022-01-21 00:20:17:INFO:-------------Round number: 21-------------
2022-01-21 00:20:17:INFO:-------------Sending models-------------
2022-01-21 00:20:18:INFO:-------------Evaluating models-------------
2022-01-21 00:20:18:INFO:Average Global Accuracy and Loss for Each Task:
2022-01-21 00:20:18:INFO:Accuracy = [1.0, 0.8783333333333333, 0.8902777777777777, 0.9084722222222222, 0.8940277777777778, 0.8913888888888889, 0.90125, 0.8919444444444444, 0.8959722222222222, 0.8994444444444445]
2022-01-21 00:20:18:INFO:Loss = [0.00480917354580015, 0.3740968152880669, 0.35590255856513975, 0.28233336433768275, 0.33947221413254736, 0.3359380759298801, 0.2851677805185318, 0.3377766698598862, 0.3036181628704071, 0.2719325520098209]
2022-01-21 00:20:18:INFO:-------------Training local models-------------
2022-01-21 00:22:01:INFO:-------------Aggregating local models-------------
2022-01-21 00:22:02:INFO:-------------Round number: 22-------------
2022-01-21 00:22:02:INFO:-------------Sending models-------------
2022-01-21 00:22:02:INFO:-------------Evaluating models-------------
2022-01-21 00:22:02:INFO:Average Global Accuracy and Loss for Each Task:
2022-01-21 00:22:02:INFO:Accuracy = [1.0, 0.8777777777777778, 0.8911111111111111, 0.9098611111111111, 0.8941666666666667, 0.8919444444444444, 0.9036111111111111, 0.8923611111111112, 0.8966666666666666, 0.9002777777777777]
2022-01-21 00:22:02:INFO:Loss = [0.004604183416813612, 0.371999292075634, 0.35297046303749086, 0.2793085053563118, 0.3369369477033615, 0.33293796256184577, 0.2796636469662189, 0.33539735078811644, 0.3009153224527836, 0.26921704933047297]
2022-01-21 00:22:02:INFO:-------------Training local models-------------
2022-01-21 00:23:45:INFO:-------------Aggregating local models-------------
2022-01-21 00:23:46:INFO:-------------Round number: 23-------------
2022-01-21 00:23:46:INFO:-------------Sending models-------------
2022-01-21 00:23:46:INFO:-------------Evaluating models-------------
2022-01-21 00:23:46:INFO:Average Global Accuracy and Loss for Each Task:
2022-01-21 00:23:46:INFO:Accuracy = [1.0, 0.8775, 0.8901388888888889, 0.91125, 0.8947222222222222, 0.8940277777777778, 0.9051388888888889, 0.8919444444444444, 0.8977777777777778, 0.9006944444444445]
2022-01-21 00:23:46:INFO:Loss = [0.004413101135287434, 0.36995793879032135, 0.3500897005200386, 0.27647931426763533, 0.3344884097576141, 0.330073282122612, 0.2743316486477852, 0.3330592080950737, 0.2983366400003433, 0.26668313071131705]
2022-01-21 00:23:46:INFO:-------------Training local models-------------
2022-01-21 00:25:30:INFO:-------------Aggregating local models-------------
2022-01-21 00:25:31:INFO:-------------Round number: 24-------------
2022-01-21 00:25:31:INFO:-------------Sending models-------------
2022-01-21 00:25:31:INFO:-------------Evaluating models-------------
2022-01-21 00:25:31:INFO:Average Global Accuracy and Loss for Each Task:
2022-01-21 00:25:31:INFO:Accuracy = [1.0, 0.8776388888888889, 0.8908333333333334, 0.9123611111111111, 0.895, 0.8954166666666666, 0.9068055555555555, 0.8918055555555555, 0.8986111111111111, 0.9013888888888889]
2022-01-21 00:25:31:INFO:Loss = [0.004235512483865023, 0.36796964854002, 0.34728205353021624, 0.27382431775331495, 0.332115226238966, 0.32733848989009856, 0.2691846273839474, 0.3307535991072655, 0.2958634212613106, 0.2643118627369404]
2022-01-21 00:25:31:INFO:-------------Training local models-------------
2022-01-21 00:27:14:INFO:-------------Aggregating local models-------------
2022-01-21 00:27:15:INFO:-------------Round number: 25-------------
2022-01-21 00:27:15:INFO:-------------Sending models-------------
2022-01-21 00:27:15:INFO:-------------Evaluating models-------------
2022-01-21 00:27:15:INFO:Average Global Accuracy and Loss for Each Task:
2022-01-21 00:27:15:INFO:Accuracy = [1.0, 0.8776388888888889, 0.8908333333333334, 0.9133333333333333, 0.8961111111111111, 0.8969444444444444, 0.9086111111111111, 0.89125, 0.8994444444444445, 0.9022222222222223]
2022-01-21 00:27:15:INFO:Loss = [0.004070658690761775, 0.3660336583852768, 0.34455559849739076, 0.27131867706775664, 0.32981680482625964, 0.324737361818552, 0.2642370879650116, 0.32849553376436236, 0.29348754957318307, 0.2620821714401245]
2022-01-21 00:27:15:INFO:-------------Training local models-------------
2022-01-21 00:28:59:INFO:-------------Aggregating local models-------------
2022-01-21 00:29:00:INFO:-------------Round number: 26-------------
2022-01-21 00:29:00:INFO:-------------Sending models-------------
2022-01-21 00:29:00:INFO:-------------Evaluating models-------------
2022-01-21 00:29:00:INFO:Average Global Accuracy and Loss for Each Task:
2022-01-21 00:29:00:INFO:Accuracy = [1.0, 0.8766666666666667, 0.8915277777777778, 0.9145833333333333, 0.8958333333333334, 0.8973611111111112, 0.9098611111111111, 0.8911111111111111, 0.8997222222222222, 0.9031944444444444]
2022-01-21 00:29:00:INFO:Loss = [0.003916590753942728, 0.3641443759202957, 0.34190824776887896, 0.2689555063843727, 0.3275865413248539, 0.3222614787518978, 0.25950108766555785, 0.32628001272678375, 0.29121225103735926, 0.2599867843091488]
2022-01-21 00:29:00:INFO:-------------Training local models-------------
2022-01-21 00:30:43:INFO:-------------Aggregating local models-------------
2022-01-21 00:30:44:INFO:-------------Round number: 27-------------
2022-01-21 00:30:44:INFO:-------------Sending models-------------
2022-01-21 00:30:44:INFO:-------------Evaluating models-------------
2022-01-21 00:30:44:INFO:Average Global Accuracy and Loss for Each Task:
2022-01-21 00:30:44:INFO:Accuracy = [1.0, 0.8773611111111111, 0.89125, 0.9155555555555556, 0.8963888888888889, 0.89875, 0.9109722222222222, 0.8918055555555555, 0.8997222222222222, 0.9044444444444445]
2022-01-21 00:30:44:INFO:Loss = [0.003772063506767154, 0.36229539662599564, 0.33934176713228226, 0.2667217418551445, 0.32543235197663306, 0.31990992203354834, 0.2549761287868023, 0.3241149142384529, 0.2890327759087086, 0.258024175465107]
2022-01-21 00:30:44:INFO:-------------Training local models-------------
2022-01-21 00:32:27:INFO:-------------Aggregating local models-------------
2022-01-21 00:32:28:INFO:-------------Round number: 28-------------
2022-01-21 00:32:28:INFO:-------------Sending models-------------
2022-01-21 00:32:28:INFO:-------------Evaluating models-------------
2022-01-21 00:32:29:INFO:Average Global Accuracy and Loss for Each Task:
2022-01-21 00:32:29:INFO:Accuracy = [1.0, 0.8776388888888889, 0.8911111111111111, 0.91625, 0.8965277777777778, 0.8990277777777778, 0.9123611111111111, 0.8933333333333333, 0.8994444444444445, 0.9061111111111111]
2022-01-21 00:32:29:INFO:Loss = [0.0036364239058457315, 0.3604809269309044, 0.33685671389102934, 0.2645968161523342, 0.32335521280765533, 0.31766163781285284, 0.25066244676709176, 0.32200056612491607, 0.28694669902324677, 0.2561893254518509]
2022-01-21 00:32:29:INFO:-------------Training local models-------------
2022-01-21 00:34:12:INFO:-------------Aggregating local models-------------
2022-01-21 00:34:13:INFO:-------------Round number: 29-------------
2022-01-21 00:34:13:INFO:-------------Sending models-------------
2022-01-21 00:34:13:INFO:-------------Evaluating models-------------
2022-01-21 00:34:13:INFO:Average Global Accuracy and Loss for Each Task:
2022-01-21 00:34:13:INFO:Accuracy = [1.0, 0.8772222222222222, 0.89125, 0.9172222222222223, 0.8973611111111112, 0.9, 0.9134722222222222, 0.8934722222222222, 0.8998611111111111, 0.9077777777777778]
2022-01-21 00:34:13:INFO:Loss = [0.003509242436848581, 0.3587084263563156, 0.33445815965533254, 0.262575114518404, 0.3213521748781204, 0.31551802083849906, 0.24656590446829796, 0.3199358329176903, 0.28495403528213503, 0.25447128117084505]
2022-01-21 00:34:13:INFO:-------------Training local models-------------
2022-01-21 00:35:56:INFO:-------------Aggregating local models-------------
2022-01-21 00:35:57:INFO:-------------Round number: 30-------------
2022-01-21 00:35:57:INFO:-------------Sending models-------------
2022-01-21 00:35:57:INFO:-------------Evaluating models-------------
2022-01-21 00:35:57:INFO:Average Global Accuracy and Loss for Each Task:
2022-01-21 00:35:57:INFO:Accuracy = [1.0, 0.8779166666666667, 0.8916666666666667, 0.9186111111111112, 0.8979166666666667, 0.8991666666666667, 0.9151388888888888, 0.8940277777777778, 0.8998611111111111, 0.9088888888888889]
2022-01-21 00:35:57:INFO:Loss = [0.0033894821419380603, 0.35697204768657687, 0.3321453623473644, 0.2606553114950657, 0.3194227710366249, 0.31347204819321633, 0.24268659576773643, 0.31792222410440446, 0.28304564133286475, 0.252864670753479]
2022-01-21 00:35:57:INFO:-------------Training local models-------------
2022-01-21 00:37:41:INFO:-------------Aggregating local models-------------
2022-01-21 00:37:42:INFO:-------------Round number: 31-------------
2022-01-21 00:37:42:INFO:-------------Sending models-------------
2022-01-21 00:37:42:INFO:-------------Evaluating models-------------
2022-01-21 00:37:42:INFO:Average Global Accuracy and Loss for Each Task:
2022-01-21 00:37:42:INFO:Accuracy = [1.0, 0.8783333333333333, 0.8919444444444444, 0.9190277777777778, 0.8988888888888888, 0.89875, 0.9155555555555556, 0.8947222222222222, 0.9008333333333334, 0.9091666666666667]
2022-01-21 00:37:42:INFO:Loss = [0.0032772370439488442, 0.35527921468019485, 0.32991400435566903, 0.25882145315408706, 0.31755841001868246, 0.3115133628249168, 0.2390071913599968, 0.3159612074494362, 0.28121784552931783, 0.2513431005179882]
2022-01-21 00:37:42:INFO:-------------Training local models-------------
2022-01-21 00:39:25:INFO:-------------Aggregating local models-------------
2022-01-21 00:39:26:INFO:-------------Round number: 32-------------
2022-01-21 00:39:26:INFO:-------------Sending models-------------
2022-01-21 00:39:26:INFO:-------------Evaluating models-------------
2022-01-21 00:39:26:INFO:Average Global Accuracy and Loss for Each Task:
2022-01-21 00:39:26:INFO:Accuracy = [1.0, 0.8780555555555556, 0.8925, 0.9194444444444444, 0.8997222222222222, 0.8994444444444445, 0.9156944444444445, 0.8952777777777777, 0.9011111111111111, 0.9098611111111111]
2022-01-21 00:39:26:INFO:Loss = [0.0031717599544208498, 0.3536356121301651, 0.32776650190353396, 0.2570685282349586, 0.3157592758536339, 0.3096384845674038, 0.23551964536309242, 0.3140465930104256, 0.27946405336260793, 0.24990260675549508]
2022-01-21 00:39:26:INFO:-------------Training local models-------------
2022-01-21 00:41:09:INFO:-------------Aggregating local models-------------
2022-01-21 00:41:10:INFO:-------------Round number: 33-------------
2022-01-21 00:41:10:INFO:-------------Sending models-------------
2022-01-21 00:41:10:INFO:-------------Evaluating models-------------
2022-01-21 00:41:11:INFO:Average Global Accuracy and Loss for Each Task:
2022-01-21 00:41:11:INFO:Accuracy = [1.0, 0.8784722222222222, 0.8936111111111111, 0.9193055555555556, 0.9002777777777777, 0.9005555555555556, 0.9169444444444445, 0.895, 0.9018055555555555, 0.9101388888888889]
2022-01-21 00:41:11:INFO:Loss = [0.0030726350378245115, 0.35203088372945784, 0.32569032683968546, 0.25538842007517815, 0.3140228472650051, 0.3078439705073833, 0.2322171449661255, 0.3121796749532223, 0.2777839988470078, 0.2485363084822893]
2022-01-21 00:41:11:INFO:-------------Training local models-------------
2022-01-21 00:42:54:INFO:-------------Aggregating local models-------------
2022-01-21 00:42:55:INFO:-------------Round number: 34-------------
2022-01-21 00:42:55:INFO:-------------Sending models-------------
2022-01-21 00:42:55:INFO:-------------Evaluating models-------------
2022-01-21 00:42:55:INFO:Average Global Accuracy and Loss for Each Task:
2022-01-21 00:42:55:INFO:Accuracy = [1.0, 0.8780555555555556, 0.8943055555555556, 0.9190277777777778, 0.9005555555555556, 0.9009722222222222, 0.9172222222222223, 0.8944444444444445, 0.9022222222222223, 0.9105555555555556]
2022-01-21 00:42:55:INFO:Loss = [0.002978992782300338, 0.3504820756614208, 0.323697154968977, 0.2537757895886898, 0.31235193833708763, 0.3061173468828201, 0.22909069210290908, 0.31037062779068947, 0.27616933435201646, 0.24724637530744076]
2022-01-21 00:42:55:INFO:-------------Training local models-------------
2022-01-21 00:44:38:INFO:-------------Aggregating local models-------------
2022-01-21 00:44:39:INFO:-------------Round number: 35-------------
2022-01-21 00:44:39:INFO:-------------Sending models-------------
2022-01-21 00:44:39:INFO:-------------Evaluating models-------------
2022-01-21 00:44:39:INFO:Average Global Accuracy and Loss for Each Task:
2022-01-21 00:44:39:INFO:Accuracy = [1.0, 0.8780555555555556, 0.8943055555555556, 0.9195833333333333, 0.90125, 0.9019444444444444, 0.9172222222222223, 0.8948611111111111, 0.9025, 0.9113888888888889]
2022-01-21 00:44:39:INFO:Loss = [0.0028905795363243668, 0.3489692360162735, 0.3217693030834198, 0.2522253006696701, 0.3107394725084305, 0.3044606648385525, 0.22612436711788178, 0.3086077019572258, 0.2746221624314785, 0.24602451734244823]
2022-01-21 00:44:39:INFO:-------------Training local models-------------
2022-01-21 00:46:23:INFO:-------------Aggregating local models-------------
2022-01-21 00:46:24:INFO:-------------Round number: 36-------------
2022-01-21 00:46:24:INFO:-------------Sending models-------------
2022-01-21 00:46:24:INFO:-------------Evaluating models-------------
2022-01-21 00:46:24:INFO:Average Global Accuracy and Loss for Each Task:
2022-01-21 00:46:24:INFO:Accuracy = [1.0, 0.8786111111111111, 0.8944444444444445, 0.9202777777777778, 0.9015277777777778, 0.9026388888888889, 0.9183333333333333, 0.8952777777777777, 0.9034722222222222, 0.9129166666666667]
2022-01-21 00:46:24:INFO:Loss = [0.0028072636167053135, 0.3475052610039711, 0.31990498304367065, 0.25073181129992006, 0.30918578878045083, 0.3028630055487156, 0.2233102448284626, 0.306898494809866, 0.27314378693699837, 0.24485973715782167]
2022-01-21 00:46:24:INFO:-------------Training local models-------------
2022-01-21 00:48:07:INFO:-------------Aggregating local models-------------
2022-01-21 00:48:08:INFO:-------------Round number: 37-------------
2022-01-21 00:48:08:INFO:-------------Sending models-------------
2022-01-21 00:48:08:INFO:-------------Evaluating models-------------
2022-01-21 00:48:08:INFO:Average Global Accuracy and Loss for Each Task:
2022-01-21 00:48:08:INFO:Accuracy = [1.0, 0.8793055555555556, 0.895, 0.9205555555555556, 0.9023611111111111, 0.9036111111111111, 0.9194444444444444, 0.89625, 0.9041666666666667, 0.9133333333333333]
2022-01-21 00:48:08:INFO:Loss = [0.0027285994321573524, 0.3460840493440628, 0.3181060001254082, 0.24928717240691184, 0.3076799280941486, 0.3013230666518211, 0.2206317238509655, 0.3052397549152374, 0.27171931639313696, 0.2437495980411768]
2022-01-21 00:48:08:INFO:-------------Training local models-------------
2022-01-21 00:49:51:INFO:-------------Aggregating local models-------------
2022-01-21 00:49:52:INFO:-------------Round number: 38-------------
2022-01-21 00:49:52:INFO:-------------Sending models-------------
2022-01-21 00:49:53:INFO:-------------Evaluating models-------------
2022-01-21 00:49:53:INFO:Average Global Accuracy and Loss for Each Task:
2022-01-21 00:49:53:INFO:Accuracy = [1.0, 0.8795833333333334, 0.8955555555555555, 0.9206944444444445, 0.9027777777777778, 0.90375, 0.9202777777777778, 0.8966666666666666, 0.9044444444444445, 0.9140277777777778]
2022-01-21 00:49:53:INFO:Loss = [0.0026543398620560766, 0.34469960182905196, 0.31637022122740743, 0.2478926286101341, 0.3062275558710098, 0.2998349145054817, 0.21809047907590867, 0.30362768545746804, 0.27034785896539687, 0.2426906418055296]
2022-01-21 00:49:53:INFO:-------------Training local models-------------
2022-01-21 00:51:36:INFO:-------------Aggregating local models-------------
2022-01-21 00:51:37:INFO:-------------Round number: 39-------------
2022-01-21 00:51:37:INFO:-------------Sending models-------------
2022-01-21 00:51:37:INFO:-------------Evaluating models-------------
2022-01-21 00:51:37:INFO:Average Global Accuracy and Loss for Each Task:
2022-01-21 00:51:37:INFO:Accuracy = [1.0, 0.8793055555555556, 0.8961111111111111, 0.9208333333333333, 0.9030555555555555, 0.9040277777777778, 0.9211111111111111, 0.8968055555555555, 0.9048611111111111, 0.9143055555555556]
2022-01-21 00:51:37:INFO:Loss = [0.0025840079062618313, 0.34335268214344977, 0.314690874516964, 0.2465457037091255, 0.30482097193598745, 0.2983944728970528, 0.21567200720310212, 0.30206764340400694, 0.26903357580304144, 0.24168453328311443]
2022-01-21 00:51:37:INFO:-------------Training local models-------------
2022-01-21 00:53:20:INFO:-------------Aggregating local models-------------
