2022-01-20 22:50:13:INFO:-------------Round number: 0-------------
2022-01-20 22:50:13:INFO:-------------Sending models-------------
2022-01-20 22:50:13:INFO:-------------Evaluating models-------------
2022-01-20 22:50:14:INFO:Average Global Accuracy and Loss for Each Task:
2022-01-20 22:50:14:INFO:Accuracy = [0.8984360278876955, 0.8839268890145091, 0.8846806105144149, 0.9057848125117769, 0.9261352930092331, 0.0746184284906727, 0.11513095911060862, 0.10570944036178632, 0.09044657998869418, 0.8869417750141323]
2022-01-20 22:50:14:INFO:Loss = [0.6698315352150921, 0.6535867544269076, 0.6625111897674145, 0.6538707435928497, 0.6621472520726716, 0.7392828428455501, 0.7384982380980216, 0.7415181731063587, 0.7481898140251378, 0.6703967377585567]
2022-01-20 22:50:14:INFO:-------------Training local models-------------
2022-01-20 22:52:40:INFO:-------------Aggregating local models-------------
2022-01-20 22:52:43:INFO:-------------Round number: 1-------------
2022-01-20 22:52:43:INFO:-------------Sending models-------------
2022-01-20 22:52:43:INFO:-------------Evaluating models-------------
2022-01-20 22:52:43:INFO:Average Global Accuracy and Loss for Each Task:
2022-01-20 22:52:43:INFO:Accuracy = [0.8486904088939137, 0.8596193706425476, 0.8620689655172413, 0.8729979272658752, 0.8584887883926889, 0.8215564348973055, 0.8191068400226117, 0.796872055775391, 0.8534011682683249, 0.7152817034105898]
2022-01-20 22:52:43:INFO:Loss = [0.4500040924223956, 0.483932042048322, 0.4917355269272269, 0.4677350447073211, 0.45768502227286734, 0.528600922117962, 0.5287082668401571, 0.5371305368263685, 0.5057329390698488, 0.6147917872187735]
2022-01-20 22:52:43:INFO:-------------Training local models-------------
2022-01-20 22:55:10:INFO:-------------Aggregating local models-------------
2022-01-20 22:55:13:INFO:-------------Round number: 2-------------
2022-01-20 22:55:13:INFO:-------------Sending models-------------
2022-01-20 22:55:13:INFO:-------------Evaluating models-------------
2022-01-20 22:55:13:INFO:Average Global Accuracy and Loss for Each Task:
2022-01-20 22:55:13:INFO:Accuracy = [0.863576408517053, 0.8554739023930658, 0.8554739023930658, 0.8692293197663463, 0.8526474467684191, 0.8701714716412285, 0.8460523836442434, 0.8338044092707745, 0.875824382890522, 0.781232334652346]
2022-01-20 22:55:13:INFO:Loss = [0.4288687263661934, 0.4057663839439568, 0.4401750981022218, 0.40931402747902756, 0.3802923005578268, 0.42752425833857055, 0.47283507588164875, 0.46940737550076855, 0.4542392590859723, 0.5335060946709337]
2022-01-20 22:55:13:INFO:-------------Training local models-------------
2022-01-20 22:57:40:INFO:-------------Aggregating local models-------------
2022-01-20 22:57:43:INFO:-------------Round number: 3-------------
2022-01-20 22:57:43:INFO:-------------Sending models-------------
2022-01-20 22:57:43:INFO:-------------Evaluating models-------------
2022-01-20 22:57:43:INFO:Average Global Accuracy and Loss for Each Task:
2022-01-20 22:57:43:INFO:Accuracy = [0.8662144337667232, 0.8477482570190314, 0.8498209911437724, 0.872055775390993, 0.8556623327680422, 0.8752590917655926, 0.8419069153947616, 0.8392688901450914, 0.879216129640098, 0.8264556246466931]
2022-01-20 22:57:43:INFO:Loss = [0.4332011618372597, 0.36442702165354673, 0.4317322687663746, 0.3854282892754697, 0.3480865834909101, 0.3806122800937919, 0.46100603140060886, 0.43667357944131785, 0.4320713983968375, 0.5027134819010658]
2022-01-20 22:57:43:INFO:-------------Training local models-------------
2022-01-20 23:00:10:INFO:-------------Aggregating local models-------------
2022-01-20 23:00:12:INFO:-------------Round number: 4-------------
2022-01-20 23:00:12:INFO:-------------Sending models-------------
2022-01-20 23:00:13:INFO:-------------Evaluating models-------------
2022-01-20 23:00:13:INFO:Average Global Accuracy and Loss for Each Task:
2022-01-20 23:00:13:INFO:Accuracy = [0.8641416996419823, 0.8518937252685133, 0.8485019785189373, 0.8709251931411344, 0.8616921047672885, 0.8762012436404748, 0.8422837761447145, 0.8420953457697381, 0.8797814207650273, 0.8417184850197852]
2022-01-20 23:00:13:INFO:Loss = [0.4376713476112716, 0.3374202966166052, 0.4302374636898295, 0.3715238637519558, 0.32618289482952656, 0.35753709372692477, 0.45644003312647996, 0.4125954178954254, 0.4179459384507239, 0.4903597106758048]
2022-01-20 23:00:13:INFO:-------------Training local models-------------
2022-01-20 23:02:40:INFO:-------------Aggregating local models-------------
2022-01-20 23:02:42:INFO:-------------Round number: 5-------------
2022-01-20 23:02:42:INFO:-------------Sending models-------------
2022-01-20 23:02:43:INFO:-------------Evaluating models-------------
2022-01-20 23:02:43:INFO:Average Global Accuracy and Loss for Each Task:
2022-01-20 23:02:43:INFO:Accuracy = [0.853024307518372, 0.858111927642736, 0.8486904088939137, 0.8731863576408517, 0.8650838515168645, 0.8748822310156397, 0.8432259280195967, 0.8428490672696438, 0.8797814207650273, 0.8486904088939137]
2022-01-20 23:02:43:INFO:Loss = [0.44131033813204623, 0.31924409701915174, 0.4287018687836334, 0.3629090967911905, 0.3098822589410005, 0.3463393723090613, 0.45330158319757363, 0.3939475913159865, 0.4086475101515787, 0.484728032159397]
2022-01-20 23:02:43:INFO:-------------Training local models-------------
2022-01-20 23:05:10:INFO:-------------Aggregating local models-------------
2022-01-20 23:05:12:INFO:-------------Round number: 6-------------
2022-01-20 23:05:12:INFO:-------------Sending models-------------
2022-01-20 23:05:12:INFO:-------------Evaluating models-------------
2022-01-20 23:05:13:INFO:Average Global Accuracy and Loss for Each Task:
2022-01-20 23:05:13:INFO:Accuracy = [0.8322969662709628, 0.8611268136423591, 0.849255700018843, 0.8777086866402865, 0.8714904842660637, 0.8718673450160166, 0.8460523836442434, 0.8443565102694555, 0.8797814207650273, 0.8526474467684191]
2022-01-20 23:05:13:INFO:Loss = [0.44443266924454167, 0.307413419860408, 0.4269604461787215, 0.3571123878775326, 0.2982693873697708, 0.34124562134574915, 0.45121276442351815, 0.37973152079261646, 0.4027853659053186, 0.4815999693278485]
2022-01-20 23:05:13:INFO:-------------Training local models-------------
2022-01-20 23:07:40:INFO:-------------Aggregating local models-------------
2022-01-20 23:07:42:INFO:-------------Round number: 7-------------
2022-01-20 23:07:42:INFO:-------------Sending models-------------
2022-01-20 23:07:42:INFO:-------------Evaluating models-------------
2022-01-20 23:07:43:INFO:Average Global Accuracy and Loss for Each Task:
2022-01-20 23:07:43:INFO:Accuracy = [0.821368004522329, 0.8616921047672885, 0.8511400037686075, 0.8865649142641794, 0.8775202562653099, 0.8709251931411344, 0.8501978518937253, 0.8447333710194084, 0.8797814207650273, 0.8539664593932542]
2022-01-20 23:07:43:INFO:Loss = [0.44691415761709063, 0.30013035719147974, 0.42552830651841195, 0.3527947826124447, 0.2902106683359862, 0.33947573647019563, 0.44993553635656736, 0.36883033613620114, 0.3991581232495647, 0.47950138774773643]
2022-01-20 23:07:43:INFO:-------------Training local models-------------
2022-01-20 23:10:10:INFO:-------------Aggregating local models-------------
2022-01-20 23:10:12:INFO:-------------Round number: 8-------------
2022-01-20 23:10:12:INFO:-------------Sending models-------------
2022-01-20 23:10:12:INFO:-------------Evaluating models-------------
2022-01-20 23:10:13:INFO:Average Global Accuracy and Loss for Each Task:
2022-01-20 23:10:13:INFO:Accuracy = [0.8177878273977766, 0.861503674392312, 0.8535895986433013, 0.893159977388355, 0.8837384586395327, 0.8697946108912756, 0.8562276238929716, 0.8460523836442434, 0.8797814207650273, 0.8543433201432071]
2022-01-20 23:10:13:INFO:Loss = [0.4484667462213514, 0.29584724094256454, 0.4245430779683193, 0.3492735192214427, 0.2846043779105313, 0.3395006129195602, 0.4492083185775139, 0.3602145060175875, 0.39686444981137037, 0.47791223618775236]
2022-01-20 23:10:13:INFO:-------------Training local models-------------
2022-01-20 23:12:39:INFO:-------------Aggregating local models-------------
2022-01-20 23:12:42:INFO:-------------Round number: 9-------------
2022-01-20 23:12:42:INFO:-------------Sending models-------------
2022-01-20 23:12:42:INFO:-------------Evaluating models-------------
2022-01-20 23:12:42:INFO:Average Global Accuracy and Loss for Each Task:
2022-01-20 23:12:42:INFO:Accuracy = [0.8206142830224232, 0.861503674392312, 0.8571697757678538, 0.8971170152628604, 0.8880723572639909, 0.8694177501413228, 0.8616921047672885, 0.8496325607687959, 0.8797814207650273, 0.8550970416431128]
2022-01-20 23:12:42:INFO:Loss = [0.44896541806209017, 0.2933579502370688, 0.42387825116499017, 0.34627069126753535, 0.28063429073922497, 0.34035939043547464, 0.4488435489583051, 0.3531468733516912, 0.39528914865464165, 0.4765688162505843]
2022-01-20 23:12:42:INFO:-------------Training local models-------------
2022-01-20 23:15:09:INFO:-------------Aggregating local models-------------
2022-01-20 23:15:12:INFO:-------------Round number: 10-------------
2022-01-20 23:15:12:INFO:-------------Sending models-------------
2022-01-20 23:15:12:INFO:-------------Evaluating models-------------
2022-01-20 23:15:12:INFO:Average Global Accuracy and Loss for Each Task:
2022-01-20 23:15:12:INFO:Accuracy = [0.8232523082720935, 0.8616921047672885, 0.8611268136423591, 0.9001319012624835, 0.8937252685132844, 0.8690408893913699, 0.8645185603919352, 0.853024307518372, 0.8797814207650273, 0.8558507631430187]
2022-01-20 23:15:12:INFO:Loss = [0.4485022350429747, 0.29180151735021276, 0.42339549407568083, 0.3436349962993478, 0.2777414542414646, 0.3415149279094605, 0.4487112156928515, 0.3471099305216175, 0.3940405511942297, 0.475353985310439]
2022-01-20 23:15:12:INFO:-------------Training local models-------------
2022-01-20 23:17:39:INFO:-------------Aggregating local models-------------
2022-01-20 23:17:41:INFO:-------------Round number: 11-------------
2022-01-20 23:17:41:INFO:-------------Sending models-------------
2022-01-20 23:17:42:INFO:-------------Evaluating models-------------
2022-01-20 23:17:42:INFO:Average Global Accuracy and Loss for Each Task:
2022-01-20 23:17:42:INFO:Accuracy = [0.8257019031467873, 0.8618805351422649, 0.8656491426417938, 0.9005087620124365, 0.8990013190126248, 0.8692293197663463, 0.868664028641417, 0.8592425098925947, 0.8801582815149802, 0.8560391935179951]
2022-01-20 23:17:42:INFO:Loss = [0.4472672230083787, 0.29065217704005714, 0.4229766479033074, 0.3412955182431459, 0.27554339633318164, 0.34267597321216636, 0.44870289375197225, 0.34175396223142057, 0.39290897573815775, 0.4742289115039522]
2022-01-20 23:17:42:INFO:-------------Training local models-------------
2022-01-20 23:20:09:INFO:-------------Aggregating local models-------------
2022-01-20 23:20:11:INFO:-------------Round number: 12-------------
2022-01-20 23:20:11:INFO:-------------Sending models-------------
2022-01-20 23:20:11:INFO:-------------Evaluating models-------------
2022-01-20 23:20:12:INFO:Average Global Accuracy and Loss for Each Task:
2022-01-20 23:20:12:INFO:Accuracy = [0.8287167891464104, 0.8620689655172413, 0.8701714716412285, 0.8995666101375541, 0.9031467872621066, 0.8694177501413228, 0.8728094968908988, 0.8667797248916526, 0.8805351422649331, 0.8560391935179951]
2022-01-20 23:20:12:INFO:Loss = [0.4454664868083808, 0.28965043832362997, 0.4224901375998603, 0.33923167532902343, 0.27378804916303606, 0.3436424091077684, 0.4487110095429237, 0.3368637423448346, 0.3918057335711316, 0.4731307001255343]
2022-01-20 23:20:12:INFO:-------------Training local models-------------
2022-01-20 23:22:38:INFO:-------------Aggregating local models-------------
2022-01-20 23:22:41:INFO:-------------Round number: 13-------------
2022-01-20 23:22:41:INFO:-------------Sending models-------------
2022-01-20 23:22:41:INFO:-------------Evaluating models-------------
2022-01-20 23:22:41:INFO:Average Global Accuracy and Loss for Each Task:
2022-01-20 23:22:41:INFO:Accuracy = [0.8313548143960806, 0.863576408517053, 0.875824382890522, 0.899943470887507, 0.9072922555115884, 0.868664028641417, 0.8767665347654042, 0.8718673450160166, 0.880912003014886, 0.8560391935179951]
2022-01-20 23:22:41:INFO:Loss = [0.4432131467719282, 0.2886884206292099, 0.4218959256947681, 0.3373992924018413, 0.2722965550241458, 0.3442996162797909, 0.4486849529274539, 0.3323417976135121, 0.39070298767992423, 0.47203544920897567]
2022-01-20 23:22:41:INFO:-------------Training local models-------------
2022-01-20 23:25:08:INFO:-------------Aggregating local models-------------
2022-01-20 23:25:10:INFO:-------------Round number: 14-------------
2022-01-20 23:25:10:INFO:-------------Sending models-------------
2022-01-20 23:25:11:INFO:-------------Evaluating models-------------
2022-01-20 23:25:11:INFO:Average Global Accuracy and Loss for Each Task:
2022-01-20 23:25:11:INFO:Accuracy = [0.8332391181458451, 0.8641416996419823, 0.8807235726399095, 0.9012624835123422, 0.9103071415112116, 0.8697946108912756, 0.8803467118899566, 0.8811004333898624, 0.8816657245147917, 0.8567929150179009]
2022-01-20 23:25:11:INFO:Loss = [0.4406185259848457, 0.2876627695095566, 0.42121271287871653, 0.33574280690491115, 0.2709627774764431, 0.3446768336819349, 0.44861752119777676, 0.32804684775652193, 0.38957374634385983, 0.4709501837889852]
2022-01-20 23:25:11:INFO:-------------Training local models-------------
2022-01-20 23:27:36:INFO:-------------Aggregating local models-------------
2022-01-20 23:27:38:INFO:-------------Round number: 15-------------
2022-01-20 23:27:38:INFO:-------------Sending models-------------
2022-01-20 23:27:38:INFO:-------------Evaluating models-------------
2022-01-20 23:27:39:INFO:Average Global Accuracy and Loss for Each Task:
2022-01-20 23:27:39:INFO:Accuracy = [0.837384586395327, 0.8652722818918409, 0.8854343320143208, 0.902016205012248, 0.9131335971358583, 0.8707367627661579, 0.882607876389674, 0.8882607876389674, 0.8816657245147917, 0.8567929150179009]
2022-01-20 23:27:39:INFO:Loss = [0.43782489008138764, 0.2865581833673664, 0.4204218284348831, 0.33426465443651354, 0.26971475105902554, 0.34476766816194027, 0.4485246646414111, 0.32393880997675545, 0.38840492721307013, 0.46985770395123533]
2022-01-20 23:27:39:INFO:-------------Training local models-------------
2022-01-20 23:30:03:INFO:-------------Aggregating local models-------------
2022-01-20 23:30:05:INFO:-------------Round number: 16-------------
2022-01-20 23:30:05:INFO:-------------Sending models-------------
2022-01-20 23:30:05:INFO:-------------Evaluating models-------------
2022-01-20 23:30:06:INFO:Average Global Accuracy and Loss for Each Task:
2022-01-20 23:30:06:INFO:Accuracy = [0.8413416242698323, 0.8677218767665348, 0.8867533446391558, 0.9022046353872244, 0.9163369135104579, 0.8707367627661579, 0.884303749764462, 0.8952327115130959, 0.882607876389674, 0.8569813453928773]
2022-01-20 23:30:06:INFO:Loss = [0.43485361205924, 0.28538791685126386, 0.41952707316935806, 0.33292096844771313, 0.26850113234666884, 0.34456926926891335, 0.4483744182030505, 0.3199976938081953, 0.38717705220540266, 0.46874474426794643]
2022-01-20 23:30:06:INFO:-------------Training local models-------------
2022-01-20 23:32:30:INFO:-------------Aggregating local models-------------
2022-01-20 23:32:33:INFO:-------------Round number: 17-------------
2022-01-20 23:32:33:INFO:-------------Sending models-------------
2022-01-20 23:32:33:INFO:-------------Evaluating models-------------
2022-01-20 23:32:33:INFO:Average Global Accuracy and Loss for Each Task:
2022-01-20 23:32:33:INFO:Accuracy = [0.8454870925193141, 0.8709251931411344, 0.8884492180139438, 0.9033352176370831, 0.9191633691351045, 0.8713020538910873, 0.8867533446391558, 0.8995666101375541, 0.8827963067646505, 0.8569813453928773]
2022-01-20 23:32:33:INFO:Loss = [0.4317682750376074, 0.2841843875223632, 0.41856477181947505, 0.33169637143394126, 0.2673011838095171, 0.3441347251936217, 0.4482108672978316, 0.316229007453376, 0.38591342075876256, 0.46763020475630707]
2022-01-20 23:32:33:INFO:-------------Training local models-------------
2022-01-20 23:34:57:INFO:-------------Aggregating local models-------------
2022-01-20 23:35:00:INFO:-------------Round number: 18-------------
2022-01-20 23:35:00:INFO:-------------Sending models-------------
2022-01-20 23:35:00:INFO:-------------Evaluating models-------------
2022-01-20 23:35:00:INFO:Average Global Accuracy and Loss for Each Task:
2022-01-20 23:35:00:INFO:Accuracy = [0.8483135481439608, 0.8735632183908046, 0.8892029395138497, 0.9039005087620124, 0.9208592425098926, 0.8714904842660637, 0.8880723572639909, 0.9023930657622009, 0.8829847371396269, 0.8573582061428302]
2022-01-20 23:35:00:INFO:Loss = [0.4286094157360666, 0.282969498246318, 0.4175229594498397, 0.33058833316282116, 0.26610637460539577, 0.3434811384610243, 0.4480385444032171, 0.3126394228630427, 0.3846033632324058, 0.4665013008278645]
2022-01-20 23:35:00:INFO:-------------Training local models-------------
2022-01-20 23:37:25:INFO:-------------Aggregating local models-------------
2022-01-20 23:37:27:INFO:-------------Round number: 19-------------
2022-01-20 23:37:27:INFO:-------------Sending models-------------
2022-01-20 23:37:27:INFO:-------------Evaluating models-------------
2022-01-20 23:37:28:INFO:Average Global Accuracy and Loss for Each Task:
2022-01-20 23:37:28:INFO:Accuracy = [0.8520821556434898, 0.8760128132654984, 0.8903335217637083, 0.9042773695119654, 0.9221782551347277, 0.8726210665159224, 0.889391369888826, 0.9048426606368947, 0.8831731675146034, 0.8575466365178067]
2022-01-20 23:37:28:INFO:Loss = [0.42538939458284714, 0.2817442222137595, 0.4164320921725812, 0.32957034210301284, 0.264908665394109, 0.3426272086473173, 0.4478499954635239, 0.30919446072624795, 0.38323813276998914, 0.4653643931817444]
2022-01-20 23:37:28:INFO:-------------Training local models-------------
2022-01-20 23:39:52:INFO:-------------Aggregating local models-------------
2022-01-20 23:39:55:INFO:-------------Round number: 20-------------
2022-01-20 23:39:55:INFO:-------------Sending models-------------
2022-01-20 23:39:55:INFO:-------------Evaluating models-------------
2022-01-20 23:39:55:INFO:Average Global Accuracy and Loss for Each Task:
2022-01-20 23:39:55:INFO:Accuracy = [0.8550970416431128, 0.8784624081401922, 0.8903335217637083, 0.9050310910118711, 0.922743546259657, 0.8743169398907104, 0.8901450913887319, 0.9076691162615413, 0.8833615978895798, 0.8575466365178067]
2022-01-20 23:39:55:INFO:Loss = [0.4221337874591002, 0.2805534282158325, 0.41531810751200615, 0.32863254247368223, 0.26370725912107856, 0.34161999765128975, 0.44766738920249516, 0.30591326307298117, 0.3818476555786459, 0.46421749778357774]
2022-01-20 23:39:55:INFO:-------------Training local models-------------
2022-01-20 23:42:19:INFO:-------------Aggregating local models-------------
2022-01-20 23:42:22:INFO:-------------Round number: 21-------------
2022-01-20 23:42:22:INFO:-------------Sending models-------------
2022-01-20 23:42:22:INFO:-------------Evaluating models-------------
2022-01-20 23:42:22:INFO:Average Global Accuracy and Loss for Each Task:
2022-01-20 23:42:22:INFO:Accuracy = [0.8571697757678538, 0.879216129640098, 0.8910872432636141, 0.9055963821368005, 0.9240625588844922, 0.8752590917655926, 0.8907103825136612, 0.9087996985114001, 0.8835500282645562, 0.8577350668927831]
2022-01-20 23:42:22:INFO:Loss = [0.41887080878362765, 0.2793736443738387, 0.41422005411249235, 0.32776460456138484, 0.26252230194613385, 0.3405003707185746, 0.44748285273111943, 0.30281261364750245, 0.3804314790390927, 0.46305929486170716]
2022-01-20 23:42:22:INFO:-------------Training local models-------------
2022-01-20 23:44:47:INFO:-------------Aggregating local models-------------
2022-01-20 23:44:49:INFO:-------------Round number: 22-------------
2022-01-20 23:44:49:INFO:-------------Sending models-------------
2022-01-20 23:44:49:INFO:-------------Evaluating models-------------
2022-01-20 23:44:50:INFO:Average Global Accuracy and Loss for Each Task:
2022-01-20 23:44:50:INFO:Accuracy = [0.8592425098925947, 0.8822310156397212, 0.8907103825136612, 0.9061616732617298, 0.9250047107593744, 0.875824382890522, 0.8908988128886377, 0.9101187111362352, 0.8837384586395327, 0.8579234972677595]
2022-01-20 23:44:50:INFO:Loss = [0.41560762765168824, 0.27821685097966325, 0.4131245199479354, 0.3269618178523832, 0.26134835153339747, 0.33924151010133413, 0.44726992692296125, 0.2998777864137968, 0.37898464791036424, 0.46186344535726176]
2022-01-20 23:44:50:INFO:-------------Training local models-------------
2022-01-20 23:47:14:INFO:-------------Aggregating local models-------------
2022-01-20 23:47:17:INFO:-------------Round number: 23-------------
2022-01-20 23:47:17:INFO:-------------Sending models-------------
2022-01-20 23:47:17:INFO:-------------Evaluating models-------------
2022-01-20 23:47:17:INFO:Average Global Accuracy and Loss for Each Task:
2022-01-20 23:47:17:INFO:Accuracy = [0.8622573958922178, 0.8859996231392501, 0.8910872432636141, 0.9069153947616356, 0.9257584322592802, 0.8763896740154513, 0.8912756736385905, 0.9112492933860938, 0.8835500282645562, 0.8579234972677595]
2022-01-20 23:47:17:INFO:Loss = [0.4123695467925081, 0.27711274676946324, 0.4120448114002004, 0.326212665132129, 0.2602022123659807, 0.3378680035431466, 0.44704766499768506, 0.29710159522905466, 0.37754633079112454, 0.46065962002782873]
2022-01-20 23:47:17:INFO:-------------Training local models-------------
2022-01-20 23:49:41:INFO:-------------Aggregating local models-------------
2022-01-20 23:49:44:INFO:-------------Round number: 24-------------
2022-01-20 23:49:44:INFO:-------------Sending models-------------
2022-01-20 23:49:44:INFO:-------------Evaluating models-------------
2022-01-20 23:49:44:INFO:Average Global Accuracy and Loss for Each Task:
2022-01-20 23:49:44:INFO:Accuracy = [0.8647069907669116, 0.8878839268890145, 0.891464104013567, 0.907103825136612, 0.9263237233842095, 0.8773318258903335, 0.8912756736385905, 0.912568306010929, 0.8835500282645562, 0.8579234972677595]
2022-01-20 23:49:44:INFO:Loss = [0.40914996154708344, 0.27604897714597554, 0.41099296655097095, 0.3255148633129062, 0.2590708964396617, 0.33640718051098234, 0.44678414165277847, 0.2944816399514895, 0.3761184149749171, 0.45942841299639464]
2022-01-20 23:49:44:INFO:-------------Training local models-------------
2022-01-20 23:52:09:INFO:-------------Aggregating local models-------------
2022-01-20 23:52:11:INFO:-------------Round number: 25-------------
2022-01-20 23:52:11:INFO:-------------Sending models-------------
2022-01-20 23:52:11:INFO:-------------Evaluating models-------------
2022-01-20 23:52:12:INFO:Average Global Accuracy and Loss for Each Task:
2022-01-20 23:52:12:INFO:Accuracy = [0.866591294516676, 0.8903335217637083, 0.8922178255134727, 0.9074806858865649, 0.9270774448841154, 0.8777086866402865, 0.891464104013567, 0.9136988882607876, 0.8837384586395327, 0.858111927642736]
2022-01-20 23:52:12:INFO:Loss = [0.4059577920466303, 0.27502573993851454, 0.40999371939751056, 0.32486483026031787, 0.25796969743949477, 0.3348721092310984, 0.44650662900488286, 0.29201109879244136, 0.37469836949912055, 0.4581961831061174]
2022-01-20 23:52:12:INFO:-------------Training local models-------------
2022-01-20 23:54:36:INFO:-------------Aggregating local models-------------
2022-01-20 23:54:39:INFO:-------------Round number: 26-------------
2022-01-20 23:54:39:INFO:-------------Sending models-------------
2022-01-20 23:54:39:INFO:-------------Evaluating models-------------
2022-01-20 23:54:39:INFO:Average Global Accuracy and Loss for Each Task:
2022-01-20 23:54:39:INFO:Accuracy = [0.8694177501413228, 0.8912756736385905, 0.8922178255134727, 0.9086112681364236, 0.9276427360090447, 0.8797814207650273, 0.8920293951384963, 0.9138873186357641, 0.8839268890145091, 0.858111927642736]
2022-01-20 23:54:39:INFO:Loss = [0.40282522638089313, 0.27404692256467816, 0.409041372766832, 0.3242685317437564, 0.2569083127676561, 0.33328948746848536, 0.4462080641152326, 0.28968817562001997, 0.3732954910825035, 0.45695243514334566]
2022-01-20 23:54:39:INFO:-------------Training local models-------------
2022-01-20 23:57:03:INFO:-------------Aggregating local models-------------
2022-01-20 23:57:06:INFO:-------------Round number: 27-------------
2022-01-20 23:57:06:INFO:-------------Sending models-------------
2022-01-20 23:57:06:INFO:-------------Evaluating models-------------
2022-01-20 23:57:06:INFO:Average Global Accuracy and Loss for Each Task:
2022-01-20 23:57:06:INFO:Accuracy = [0.8713020538910873, 0.8922178255134727, 0.8920293951384963, 0.9106840022611645, 0.9285848878839269, 0.8812888637648388, 0.8922178255134727, 0.9152063312605992, 0.8839268890145091, 0.858111927642736]
2022-01-20 23:57:06:INFO:Loss = [0.3997418026582146, 0.2731081904602678, 0.40815424946875495, 0.32371209880546564, 0.25587045784748524, 0.33168139781295114, 0.44589423623201174, 0.28750581551735727, 0.3719250532126761, 0.4557138067196433]
2022-01-20 23:57:06:INFO:-------------Training local models-------------
2022-01-20 23:59:31:INFO:-------------Aggregating local models-------------
2022-01-20 23:59:33:INFO:-------------Round number: 28-------------
2022-01-20 23:59:33:INFO:-------------Sending models-------------
2022-01-20 23:59:33:INFO:-------------Evaluating models-------------
2022-01-20 23:59:34:INFO:Average Global Accuracy and Loss for Each Task:
2022-01-20 23:59:34:INFO:Accuracy = [0.8733747880158281, 0.8933484077633315, 0.8925946862634256, 0.9129451667608819, 0.9295270397588091, 0.8820425852647447, 0.8929715470133786, 0.9169022046353872, 0.8841153193894856, 0.858111927642736]
2022-01-20 23:59:34:INFO:Loss = [0.39672375591148673, 0.2722126265571142, 0.4073209378072321, 0.32320341699900496, 0.2548681579038803, 0.33006612732886703, 0.4455646442080333, 0.2854552572277738, 0.37060395112642297, 0.4544821085653752]
2022-01-20 23:59:34:INFO:-------------Training local models-------------
2022-01-21 00:01:58:INFO:-------------Aggregating local models-------------
2022-01-21 00:02:01:INFO:-------------Round number: 29-------------
2022-01-21 00:02:01:INFO:-------------Sending models-------------
2022-01-21 00:02:01:INFO:-------------Evaluating models-------------
2022-01-21 00:02:01:INFO:Average Global Accuracy and Loss for Each Task:
2022-01-21 00:02:01:INFO:Accuracy = [0.8750706613906162, 0.8944789900131901, 0.8920293951384963, 0.9135104578858112, 0.9304691916336914, 0.8831731675146034, 0.8933484077633315, 0.9182212172602223, 0.884303749764462, 0.858111927642736]
2022-01-21 00:02:01:INFO:Loss = [0.393779579724585, 0.2713692949133258, 0.40656381915852097, 0.3227303880515602, 0.2539119910947202, 0.3284786345609763, 0.44525307269566167, 0.28354715588199647, 0.3693605617232921, 0.4532733182292516]
2022-01-21 00:02:01:INFO:-------------Training local models-------------
2022-01-21 00:04:25:INFO:-------------Aggregating local models-------------
2022-01-21 00:04:28:INFO:-------------Round number: 30-------------
2022-01-21 00:04:28:INFO:-------------Sending models-------------
2022-01-21 00:04:28:INFO:-------------Evaluating models-------------
2022-01-21 00:04:28:INFO:Average Global Accuracy and Loss for Each Task:
2022-01-21 00:04:28:INFO:Accuracy = [0.8767665347654042, 0.8971170152628604, 0.8922178255134727, 0.9138873186357641, 0.9310344827586207, 0.8833615978895798, 0.8937252685132844, 0.9189749387601281, 0.8848690408893913, 0.858111927642736]
2022-01-21 00:04:28:INFO:Loss = [0.39089784986814735, 0.2705558907308829, 0.4058715306166151, 0.3222969860154016, 0.25300029302800997, 0.32693022574118297, 0.44495270419336747, 0.2817601487289715, 0.3681820803622314, 0.4520816915932308]
2022-01-21 00:04:28:INFO:-------------Training local models-------------
2022-01-21 00:06:53:INFO:-------------Aggregating local models-------------
2022-01-21 00:06:55:INFO:-------------Round number: 31-------------
2022-01-21 00:06:55:INFO:-------------Sending models-------------
2022-01-21 00:06:55:INFO:-------------Evaluating models-------------
2022-01-21 00:06:56:INFO:Average Global Accuracy and Loss for Each Task:
2022-01-21 00:06:56:INFO:Accuracy = [0.8780855473902393, 0.8990013190126248, 0.8924062558884492, 0.9146410401356698, 0.93159977388355, 0.8841153193894856, 0.8937252685132844, 0.9212361032598455, 0.8850574712643678, 0.8586772187676653]
2022-01-21 00:06:56:INFO:Loss = [0.38807545879398647, 0.26976474164607817, 0.40522892016864204, 0.3218807666354323, 0.2521269315529191, 0.3253939814486488, 0.4446626918866233, 0.28007757156261737, 0.36706747519061755, 0.4508849314560674]
2022-01-21 00:06:56:INFO:-------------Training local models-------------
2022-01-21 00:09:20:INFO:-------------Aggregating local models-------------
2022-01-21 00:09:22:INFO:-------------Round number: 32-------------
2022-01-21 00:09:22:INFO:-------------Sending models-------------
2022-01-21 00:09:23:INFO:-------------Evaluating models-------------
2022-01-21 00:09:23:INFO:Average Global Accuracy and Loss for Each Task:
2022-01-21 00:09:23:INFO:Accuracy = [0.8797814207650273, 0.90032033163746, 0.8927831166384022, 0.9152063312605992, 0.9321650650084794, 0.8852459016393442, 0.8941021292632373, 0.9216129640097984, 0.8852459016393442, 0.8586772187676653]
2022-01-21 00:09:23:INFO:Loss = [0.38531633927762793, 0.2690040820441389, 0.4046339207781487, 0.3214914746062094, 0.25128673055484607, 0.3238720462944393, 0.4443666956326741, 0.2784943884996803, 0.36602587453983776, 0.44969190034436407]
2022-01-21 00:09:23:INFO:-------------Training local models-------------
2022-01-21 00:11:47:INFO:-------------Aggregating local models-------------
2022-01-21 00:11:50:INFO:-------------Round number: 33-------------
2022-01-21 00:11:50:INFO:-------------Sending models-------------
2022-01-21 00:11:50:INFO:-------------Evaluating models-------------
2022-01-21 00:11:50:INFO:Average Global Accuracy and Loss for Each Task:
2022-01-21 00:11:50:INFO:Accuracy = [0.8805351422649331, 0.9014509138873187, 0.8933484077633315, 0.9153947616355756, 0.9323534953834558, 0.8859996231392501, 0.8942905596382137, 0.9223666855097041, 0.8858111927642736, 0.8588656491426417]
2022-01-21 00:11:50:INFO:Loss = [0.3826205530766323, 0.2682770260034673, 0.40408073749494744, 0.3211212111287334, 0.25047710237784, 0.3223766954652565, 0.4440665869527067, 0.2770070964088816, 0.3650662277473803, 0.44851023955425956]
2022-01-21 00:11:50:INFO:-------------Training local models-------------
2022-01-21 00:14:14:INFO:-------------Aggregating local models-------------
2022-01-21 00:14:17:INFO:-------------Round number: 34-------------
2022-01-21 00:14:17:INFO:-------------Sending models-------------
2022-01-21 00:14:17:INFO:-------------Evaluating models-------------
2022-01-21 00:14:17:INFO:Average Global Accuracy and Loss for Each Task:
2022-01-21 00:14:17:INFO:Accuracy = [0.8814772941398153, 0.9022046353872244, 0.8935368381383079, 0.915960052760505, 0.9329187865083851, 0.886376483889203, 0.8942905596382137, 0.9225551158846806, 0.8871302053891087, 0.8586772187676653]
2022-01-21 00:14:17:INFO:Loss = [0.37998116753269284, 0.26757315829236683, 0.4035593161258479, 0.32077355997654944, 0.24969617106513006, 0.32091372211644764, 0.44375652930206516, 0.2756047710951029, 0.36419111026455114, 0.44732729834951923]
2022-01-21 00:14:17:INFO:-------------Training local models-------------
2022-01-21 00:16:42:INFO:-------------Aggregating local models-------------
2022-01-21 00:16:44:INFO:-------------Round number: 35-------------
2022-01-21 00:16:44:INFO:-------------Sending models-------------
2022-01-21 00:16:44:INFO:-------------Evaluating models-------------
2022-01-21 00:16:45:INFO:Average Global Accuracy and Loss for Each Task:
2022-01-21 00:16:45:INFO:Accuracy = [0.8827963067646505, 0.9023930657622009, 0.8941021292632373, 0.9157716223855286, 0.9334840776333145, 0.8867533446391558, 0.894855850763143, 0.92312040700961, 0.8888260787638967, 0.8583003580177124]
2022-01-21 00:16:45:INFO:Loss = [0.3774018509852151, 0.26689278138056943, 0.40307476135833403, 0.3204479830330382, 0.2489417171905777, 0.31947710224454834, 0.44344407932178087, 0.27428528206013025, 0.36340973702606305, 0.44615365242495075]
2022-01-21 00:16:45:INFO:-------------Training local models-------------
2022-01-21 00:18:17:INFO:-------------Aggregating local models-------------
2022-01-21 00:18:18:INFO:-------------Round number: 36-------------
2022-01-21 00:18:18:INFO:-------------Sending models-------------
2022-01-21 00:18:18:INFO:-------------Evaluating models-------------
2022-01-21 00:18:18:INFO:Average Global Accuracy and Loss for Each Task:
2022-01-21 00:18:18:INFO:Accuracy = [0.8839268890145091, 0.9039005087620124, 0.8942905596382137, 0.9157716223855286, 0.9334840776333145, 0.8871302053891087, 0.8952327115130959, 0.9242509892594686, 0.889391369888826, 0.8583003580177124]
2022-01-21 00:18:18:INFO:Loss = [0.37487833051268105, 0.2662334279106, 0.40261742209098544, 0.32014226112133265, 0.24821403612237186, 0.3180753968185795, 0.443122436173707, 0.27304348419199964, 0.3626965675304822, 0.44498900786095386]
2022-01-21 00:18:18:INFO:-------------Training local models-------------
2022-01-21 00:19:30:INFO:-------------Aggregating local models-------------
2022-01-21 00:19:31:INFO:-------------Round number: 37-------------
2022-01-21 00:19:31:INFO:-------------Sending models-------------
2022-01-21 00:19:31:INFO:-------------Evaluating models-------------
2022-01-21 00:19:31:INFO:Average Global Accuracy and Loss for Each Task:
2022-01-21 00:19:31:INFO:Accuracy = [0.884303749764462, 0.9050310910118711, 0.8942905596382137, 0.9163369135104579, 0.9336725080082909, 0.8878839268890145, 0.8956095722630488, 0.924816280384398, 0.8901450913887319, 0.8577350668927831]
2022-01-21 00:19:31:INFO:Loss = [0.37241442494002197, 0.26559622953972295, 0.4021904165224339, 0.3198557940121499, 0.24751444298569164, 0.31670699927325247, 0.4427943417280328, 0.27187479101311174, 0.3620630617012886, 0.443838697538413]
2022-01-21 00:19:31:INFO:-------------Training local models-------------
2022-01-21 00:20:43:INFO:-------------Aggregating local models-------------
2022-01-21 00:20:44:INFO:-------------Round number: 38-------------
2022-01-21 00:20:44:INFO:-------------Sending models-------------
2022-01-21 00:20:44:INFO:-------------Evaluating models-------------
2022-01-21 00:20:44:INFO:Average Global Accuracy and Loss for Each Task:
2022-01-21 00:20:44:INFO:Accuracy = [0.8848690408893913, 0.9061616732617298, 0.8950442811381195, 0.9161484831354815, 0.9348030902581496, 0.8890145091388731, 0.8959864330130017, 0.9259468626342566, 0.8903335217637083, 0.8571697757678538]
2022-01-21 00:20:44:INFO:Loss = [0.3700108105366312, 0.26497842425658213, 0.4017773269385588, 0.31957698433214843, 0.24683904798448658, 0.3153815180916916, 0.442461312761829, 0.27077573716015246, 0.3615115188093757, 0.44270652879371014]
2022-01-21 00:20:44:INFO:-------------Training local models-------------
2022-01-21 00:21:56:INFO:-------------Aggregating local models-------------
2022-01-21 00:21:57:INFO:-------------Round number: 39-------------
2022-01-21 00:21:57:INFO:-------------Sending models-------------
2022-01-21 00:21:57:INFO:-------------Evaluating models-------------
2022-01-21 00:21:57:INFO:Average Global Accuracy and Loss for Each Task:
2022-01-21 00:21:57:INFO:Accuracy = [0.8854343320143208, 0.9067269643866591, 0.8952327115130959, 0.915960052760505, 0.9355568117580554, 0.8899566610137554, 0.8959864330130017, 0.9263237233842095, 0.8907103825136612, 0.8575466365178067]
2022-01-21 00:21:57:INFO:Loss = [0.3676664639486427, 0.26438112227063526, 0.40138929096717507, 0.3193071372200271, 0.24618995853991976, 0.3140853324587775, 0.4421279294494752, 0.26973620152602995, 0.3610367882937658, 0.4415886145185257]
2022-01-21 00:21:57:INFO:-------------Training local models-------------
2022-01-21 00:23:09:INFO:-------------Aggregating local models-------------
