2022-01-21 17:00:03:INFO:-------------Round number: 0-------------
2022-01-21 17:00:03:INFO:-------------Sending models-------------
2022-01-21 17:00:03:INFO:-------------Evaluating models-------------
2022-01-21 17:00:03:INFO:Average Global Accuracy and Loss for Each Task:
2022-01-21 17:00:03:INFO:Accuracy = [0.9024390243902439, 0.9512195121951219, 0.9024390243902439, 0.926829268292683, 0.8902439024390244, 0.12195121951219512, 0.06097560975609756, 0.0975609756097561, 0.15853658536585366, 0.8658536585365854]
2022-01-21 17:00:03:INFO:Loss = [0.6595523241089611, 0.6490991856993699, 0.6653380895533213, 0.6559262580987884, 0.6616098270183657, 0.7369798937948738, 0.7463275339545273, 0.7422468640455385, 0.7358006944016713, 0.6709854769997481]
2022-01-21 17:00:03:INFO:-------------Training local models-------------
2022-01-21 17:01:59:INFO:-------------Aggregating local models-------------
2022-01-21 17:02:00:INFO:-------------Round number: 1-------------
2022-01-21 17:02:00:INFO:-------------Sending models-------------
2022-01-21 17:02:00:INFO:-------------Evaluating models-------------
2022-01-21 17:02:01:INFO:Average Global Accuracy and Loss for Each Task:
2022-01-21 17:02:01:INFO:Accuracy = [0.8807926829268292, 0.9036585365853659, 0.8304878048780487, 0.9210365853658536, 0.7524390243902439, 0.7826219512195122, 0.838109756097561, 0.7225609756097561, 0.8033536585365854, 0.7152439024390244]
2022-01-21 17:02:01:INFO:Loss = [0.49827273935079575, 0.459736253339343, 0.4539926588171866, 0.38921602606409933, 0.5065935501238195, 0.48208211862095973, 0.42529246928851777, 0.5033353674339085, 0.5244784879430038, 0.5612865233021539]
2022-01-21 17:02:01:INFO:-------------Training local models-------------
2022-01-21 17:03:56:INFO:-------------Aggregating local models-------------
2022-01-21 17:03:57:INFO:-------------Round number: 2-------------
2022-01-21 17:03:57:INFO:-------------Sending models-------------
2022-01-21 17:03:57:INFO:-------------Evaluating models-------------
2022-01-21 17:03:57:INFO:Average Global Accuracy and Loss for Each Task:
2022-01-21 17:03:57:INFO:Accuracy = [0.8710365853658537, 0.911280487804878, 0.8390243902439024, 0.927439024390244, 0.738719512195122, 0.7990853658536585, 0.8658536585365854, 0.7820121951219512, 0.8307926829268293, 0.7597560975609756]
2022-01-21 17:03:57:INFO:Loss = [0.5274200283059078, 0.39119433074417276, 0.42090901003287334, 0.34999228832198354, 0.4923286783713393, 0.4308640076778829, 0.3620421940392656, 0.46529559376535984, 0.5207822417340627, 0.534090382342295]
2022-01-21 17:03:57:INFO:-------------Training local models-------------
2022-01-21 17:05:53:INFO:-------------Aggregating local models-------------
2022-01-21 17:05:54:INFO:-------------Round number: 3-------------
2022-01-21 17:05:54:INFO:-------------Sending models-------------
2022-01-21 17:05:54:INFO:-------------Evaluating models-------------
2022-01-21 17:05:54:INFO:Average Global Accuracy and Loss for Each Task:
2022-01-21 17:05:54:INFO:Accuracy = [0.8695121951219512, 0.9152439024390244, 0.8536585365853658, 0.9329268292682927, 0.7304878048780488, 0.8207317073170731, 0.8795731707317073, 0.7926829268292683, 0.8454268292682927, 0.7789634146341463]
2022-01-21 17:05:54:INFO:Loss = [0.5386445277495446, 0.3598919360126119, 0.4058617201588321, 0.33855570337121804, 0.4916297449139742, 0.40379459852148303, 0.3402235801218123, 0.4483511819640493, 0.5147001114560337, 0.5349295213591398]
2022-01-21 17:05:54:INFO:-------------Training local models-------------
2022-01-21 17:08:28:INFO:-------------Aggregating local models-------------
2022-01-21 17:08:30:INFO:-------------Round number: 4-------------
2022-01-21 17:08:30:INFO:-------------Sending models-------------
2022-01-21 17:08:30:INFO:-------------Evaluating models-------------
2022-01-21 17:08:31:INFO:Average Global Accuracy and Loss for Each Task:
2022-01-21 17:08:31:INFO:Accuracy = [0.8753048780487804, 0.9192073170731707, 0.8670731707317073, 0.9353658536585366, 0.7317073170731707, 0.836890243902439, 0.8881097560975609, 0.811280487804878, 0.8521341463414634, 0.7939024390243903]
2022-01-21 17:08:31:INFO:Loss = [0.5429274071484986, 0.34070621596694717, 0.3950063336935894, 0.3327292247175625, 0.4921883593835845, 0.3834739836364439, 0.32961780971438603, 0.43395733705540074, 0.5067698692721201, 0.5372583543223034]
2022-01-21 17:08:31:INFO:-------------Training local models-------------
2022-01-21 17:12:22:INFO:-------------Aggregating local models-------------
2022-01-21 17:12:24:INFO:-------------Round number: 5-------------
2022-01-21 17:12:24:INFO:-------------Sending models-------------
2022-01-21 17:12:25:INFO:-------------Evaluating models-------------
2022-01-21 17:12:25:INFO:Average Global Accuracy and Loss for Each Task:
2022-01-21 17:12:25:INFO:Accuracy = [0.8774390243902439, 0.9219512195121952, 0.8682926829268293, 0.9371951219512196, 0.7344512195121952, 0.848170731707317, 0.8954268292682926, 0.8246951219512195, 0.8600609756097561, 0.7957317073170732]
2022-01-21 17:12:25:INFO:Loss = [0.5448980233830786, 0.32750667612886103, 0.3869166667090456, 0.3290847585672831, 0.4927850123296106, 0.3667929999575746, 0.32430485848950724, 0.4208180102031315, 0.49921031450716463, 0.5367903069752019]
2022-01-21 17:12:25:INFO:-------------Training local models-------------
2022-01-21 17:16:16:INFO:-------------Aggregating local models-------------
2022-01-21 17:16:19:INFO:-------------Round number: 6-------------
2022-01-21 17:16:19:INFO:-------------Sending models-------------
2022-01-21 17:16:19:INFO:-------------Evaluating models-------------
2022-01-21 17:16:19:INFO:Average Global Accuracy and Loss for Each Task:
2022-01-21 17:16:19:INFO:Accuracy = [0.8792682926829268, 0.9237804878048781, 0.8661585365853659, 0.9371951219512196, 0.7365853658536585, 0.8588414634146342, 0.8990853658536585, 0.8423780487804878, 0.8612804878048781, 0.7975609756097561]
2022-01-21 17:16:19:INFO:Loss = [0.5460109266426937, 0.3181420179259986, 0.38074860898153173, 0.32679394619516666, 0.4930577182875401, 0.35281915489368415, 0.3212633515969373, 0.4094341652604138, 0.4923081965321993, 0.5334647512120172]
2022-01-21 17:16:19:INFO:-------------Training local models-------------
2022-01-21 17:20:07:INFO:-------------Aggregating local models-------------
2022-01-21 17:20:10:INFO:-------------Round number: 7-------------
2022-01-21 17:20:10:INFO:-------------Sending models-------------
2022-01-21 17:20:10:INFO:-------------Evaluating models-------------
2022-01-21 17:20:10:INFO:Average Global Accuracy and Loss for Each Task:
2022-01-21 17:20:10:INFO:Accuracy = [0.8801829268292682, 0.925, 0.8661585365853659, 0.938109756097561, 0.7378048780487805, 0.8725609756097561, 0.9030487804878049, 0.8576219512195122, 0.863109756097561, 0.7990853658536585]
2022-01-21 17:20:10:INFO:Loss = [0.5467750490330751, 0.3114898664218078, 0.37589444108051817, 0.32544500030372747, 0.49296863044316813, 0.34135313774743004, 0.31904877991864183, 0.40019087850757895, 0.48596086889141943, 0.5283978824083488]
2022-01-21 17:20:10:INFO:-------------Training local models-------------
2022-01-21 17:23:58:INFO:-------------Aggregating local models-------------
2022-01-21 17:24:00:INFO:-------------Round number: 8-------------
2022-01-21 17:24:00:INFO:-------------Sending models-------------
2022-01-21 17:24:01:INFO:-------------Evaluating models-------------
2022-01-21 17:24:01:INFO:Average Global Accuracy and Loss for Each Task:
2022-01-21 17:24:01:INFO:Accuracy = [0.8804878048780488, 0.9271341463414634, 0.8667682926829269, 0.9378048780487804, 0.7396341463414634, 0.8832317073170731, 0.9042682926829269, 0.8695121951219512, 0.8667682926829269, 0.8048780487804879]
2022-01-21 17:24:01:INFO:Loss = [0.5475471964270648, 0.3068971650209278, 0.37198481908374714, 0.32474696454194535, 0.49271296438471435, 0.3323047503732463, 0.31708377855829895, 0.3932235851619824, 0.4802475851824189, 0.5227048040379021]
2022-01-21 17:24:01:INFO:-------------Training local models-------------
2022-01-21 17:27:49:INFO:-------------Aggregating local models-------------
2022-01-21 17:27:51:INFO:-------------Round number: 9-------------
2022-01-21 17:27:51:INFO:-------------Sending models-------------
2022-01-21 17:27:51:INFO:-------------Evaluating models-------------
2022-01-21 17:27:52:INFO:Average Global Accuracy and Loss for Each Task:
2022-01-21 17:27:52:INFO:Accuracy = [0.8810975609756098, 0.9283536585365854, 0.8658536585365854, 0.9378048780487804, 0.7417682926829269, 0.8893292682926829, 0.9076219512195122, 0.8783536585365853, 0.8682926829268293, 0.8115853658536586]
2022-01-21 17:27:52:INFO:Loss = [0.5482315339443342, 0.30389285922652426, 0.36873781182178544, 0.3244399662248836, 0.49254080622099206, 0.3253901308919189, 0.31507551187092847, 0.38819781655485447, 0.47501077878902237, 0.5171147990778725]
2022-01-21 17:27:52:INFO:-------------Training local models-------------
2022-01-21 17:31:39:INFO:-------------Aggregating local models-------------
2022-01-21 17:31:42:INFO:-------------Round number: 10-------------
2022-01-21 17:31:42:INFO:-------------Sending models-------------
2022-01-21 17:31:42:INFO:-------------Evaluating models-------------
2022-01-21 17:31:42:INFO:Average Global Accuracy and Loss for Each Task:
2022-01-21 17:31:42:INFO:Accuracy = [0.8814024390243902, 0.9301829268292683, 0.864939024390244, 0.938109756097561, 0.7451219512195122, 0.8914634146341464, 0.9070121951219512, 0.886890243902439, 0.8692073170731708, 0.8155487804878049]
2022-01-21 17:31:42:INFO:Loss = [0.5487382376265553, 0.30201035272046106, 0.3659417692191399, 0.32433338848612747, 0.4924132903901542, 0.3201718473332798, 0.31308190310629447, 0.38453239162321906, 0.47021635062424694, 0.5119502913723586]
2022-01-21 17:31:42:INFO:-------------Training local models-------------
2022-01-21 17:35:30:INFO:-------------Aggregating local models-------------
2022-01-21 17:35:33:INFO:-------------Round number: 11-------------
2022-01-21 17:35:33:INFO:-------------Sending models-------------
2022-01-21 17:35:33:INFO:-------------Evaluating models-------------
2022-01-21 17:35:33:INFO:Average Global Accuracy and Loss for Each Task:
2022-01-21 17:35:33:INFO:Accuracy = [0.8814024390243902, 0.9323170731707318, 0.863109756097561, 0.938109756097561, 0.7472560975609757, 0.8935975609756097, 0.9079268292682927, 0.8902439024390244, 0.8701219512195122, 0.8192073170731707]
2022-01-21 17:35:33:INFO:Loss = [0.549013514646681, 0.30089781255313625, 0.3633897636517337, 0.3243263949236901, 0.4923729725443281, 0.31619243869535263, 0.3110467894158962, 0.381746640017188, 0.46580500819538606, 0.5072570569449808]
2022-01-21 17:35:33:INFO:-------------Training local models-------------
2022-01-21 17:39:21:INFO:-------------Aggregating local models-------------
2022-01-21 17:39:23:INFO:-------------Round number: 12-------------
2022-01-21 17:39:23:INFO:-------------Sending models-------------
2022-01-21 17:39:23:INFO:-------------Evaluating models-------------
2022-01-21 17:39:24:INFO:Average Global Accuracy and Loss for Each Task:
2022-01-21 17:39:24:INFO:Accuracy = [0.8814024390243902, 0.9332317073170732, 0.8628048780487805, 0.938109756097561, 0.751219512195122, 0.8932926829268293, 0.9091463414634147, 0.8926829268292683, 0.8698170731707318, 0.8292682926829268]
2022-01-21 17:39:24:INFO:Loss = [0.5489943400096353, 0.3002378958867999, 0.36100683893253116, 0.32433722098357975, 0.4923855241433513, 0.3130908322722151, 0.30895413059482874, 0.3794684733048354, 0.4616725680577319, 0.5029796397898392]
2022-01-21 17:39:24:INFO:-------------Training local models-------------
2022-01-21 17:43:12:INFO:-------------Aggregating local models-------------
2022-01-21 17:43:14:INFO:-------------Round number: 13-------------
2022-01-21 17:43:14:INFO:-------------Sending models-------------
2022-01-21 17:43:14:INFO:-------------Evaluating models-------------
2022-01-21 17:43:15:INFO:Average Global Accuracy and Loss for Each Task:
2022-01-21 17:43:15:INFO:Accuracy = [0.8817073170731707, 0.9341463414634147, 0.8612804878048781, 0.938109756097561, 0.7551829268292682, 0.8942073170731707, 0.9097560975609756, 0.8954268292682926, 0.8695121951219512, 0.8359756097560975]
2022-01-21 17:43:15:INFO:Loss = [0.5487344173576808, 0.2998327657214093, 0.3587272219472031, 0.3243255632696673, 0.4924883556058176, 0.3105870453887846, 0.30676425595358925, 0.3774513418476733, 0.4577925477472202, 0.4990474380518696]
2022-01-21 17:43:15:INFO:-------------Training local models-------------
2022-01-21 17:47:02:INFO:-------------Aggregating local models-------------
2022-01-21 17:47:04:INFO:-------------Round number: 14-------------
2022-01-21 17:47:04:INFO:-------------Sending models-------------
2022-01-21 17:47:05:INFO:-------------Evaluating models-------------
2022-01-21 17:47:05:INFO:Average Global Accuracy and Loss for Each Task:
2022-01-21 17:47:05:INFO:Accuracy = [0.8817073170731707, 0.9341463414634147, 0.863109756097561, 0.938109756097561, 0.760670731707317, 0.8942073170731707, 0.9103658536585366, 0.8960365853658536, 0.8698170731707318, 0.8439024390243902]
2022-01-21 17:47:05:INFO:Loss = [0.5482750582691884, 0.29954243335935354, 0.3565467831702823, 0.3243066514160757, 0.492627422146431, 0.30849502006085683, 0.3045359400346614, 0.37556192535827526, 0.4541323268161405, 0.4954060873544843]
2022-01-21 17:47:05:INFO:-------------Training local models-------------
2022-01-21 17:50:53:INFO:-------------Aggregating local models-------------
2022-01-21 17:50:55:INFO:-------------Round number: 15-------------
2022-01-21 17:50:55:INFO:-------------Sending models-------------
2022-01-21 17:50:55:INFO:-------------Evaluating models-------------
2022-01-21 17:50:56:INFO:Average Global Accuracy and Loss for Each Task:
2022-01-21 17:50:56:INFO:Accuracy = [0.8820121951219512, 0.9347560975609757, 0.8640243902439024, 0.938109756097561, 0.7628048780487805, 0.8942073170731707, 0.9103658536585366, 0.8969512195121951, 0.8698170731707318, 0.8469512195121951]
2022-01-21 17:50:56:INFO:Loss = [0.5476318596203517, 0.29926514344874816, 0.35452112597384966, 0.3243381795359821, 0.4928376070726322, 0.30670075048550555, 0.30227866885749194, 0.3737571437306498, 0.45058897398014713, 0.49203650251871384]
2022-01-21 17:50:56:INFO:-------------Training local models-------------
2022-01-21 17:54:43:INFO:-------------Aggregating local models-------------
2022-01-21 17:54:45:INFO:-------------Round number: 16-------------
2022-01-21 17:54:45:INFO:-------------Sending models-------------
2022-01-21 17:54:46:INFO:-------------Evaluating models-------------
2022-01-21 17:54:46:INFO:Average Global Accuracy and Loss for Each Task:
2022-01-21 17:54:46:INFO:Accuracy = [0.8823170731707317, 0.9353658536585366, 0.8652439024390244, 0.938109756097561, 0.7676829268292683, 0.8942073170731707, 0.911280487804878, 0.8969512195121951, 0.8698170731707318, 0.85]
2022-01-21 17:54:46:INFO:Loss = [0.5468384703783113, 0.2989823189819595, 0.35261232873762777, 0.32432672797940765, 0.4930767009592695, 0.3050783757963672, 0.30003022214698766, 0.37196160683326035, 0.4471960968973978, 0.4889013726922979]
2022-01-21 17:54:46:INFO:-------------Training local models-------------
2022-01-21 17:58:34:INFO:-------------Aggregating local models-------------
2022-01-21 17:58:36:INFO:-------------Round number: 17-------------
2022-01-21 17:58:36:INFO:-------------Sending models-------------
2022-01-21 17:58:36:INFO:-------------Evaluating models-------------
2022-01-21 17:58:37:INFO:Average Global Accuracy and Loss for Each Task:
2022-01-21 17:58:37:INFO:Accuracy = [0.8826219512195121, 0.9353658536585366, 0.8661585365853659, 0.938109756097561, 0.7722560975609756, 0.8954268292682926, 0.9121951219512195, 0.8975609756097561, 0.8692073170731708, 0.8524390243902439]
2022-01-21 17:58:37:INFO:Loss = [0.5458912014217321, 0.2986440038679043, 0.3508340708929875, 0.32425174613131164, 0.49334872632128435, 0.30356179363031804, 0.2977795287868769, 0.37013581812753704, 0.44391804384976263, 0.4859726690465766]
2022-01-21 17:58:37:INFO:-------------Training local models-------------
2022-01-21 18:02:24:INFO:-------------Aggregating local models-------------
2022-01-21 18:02:27:INFO:-------------Round number: 18-------------
2022-01-21 18:02:27:INFO:-------------Sending models-------------
2022-01-21 18:02:27:INFO:-------------Evaluating models-------------
2022-01-21 18:02:27:INFO:Average Global Accuracy and Loss for Each Task:
2022-01-21 18:02:27:INFO:Accuracy = [0.8826219512195121, 0.9353658536585366, 0.8667682926829269, 0.938109756097561, 0.7759146341463414, 0.8960365853658536, 0.9125, 0.8978658536585366, 0.8695121951219512, 0.8554878048780488]
2022-01-21 18:02:27:INFO:Loss = [0.544796680841345, 0.29819921256758547, 0.34916189589563235, 0.3240971268799224, 0.49368831066687296, 0.30208697936514667, 0.2954212977939921, 0.36827677873491377, 0.44073898289579805, 0.4832073449776167]
2022-01-21 18:02:27:INFO:-------------Training local models-------------
2022-01-21 18:06:15:INFO:-------------Aggregating local models-------------
2022-01-21 18:06:17:INFO:-------------Round number: 19-------------
2022-01-21 18:06:17:INFO:-------------Sending models-------------
2022-01-21 18:06:18:INFO:-------------Evaluating models-------------
2022-01-21 18:06:18:INFO:Average Global Accuracy and Loss for Each Task:
2022-01-21 18:06:18:INFO:Accuracy = [0.8826219512195121, 0.9359756097560976, 0.8679878048780488, 0.938109756097561, 0.7780487804878049, 0.8972560975609756, 0.9137195121951219, 0.8978658536585366, 0.8698170731707318, 0.8576219512195122]
2022-01-21 18:06:18:INFO:Loss = [0.543650056453416, 0.2976971014449657, 0.34761624832257126, 0.3238590736433341, 0.4941904497142631, 0.30062433438753233, 0.2929702613874702, 0.3663795918855169, 0.4376729069243571, 0.48060177899215645]
2022-01-21 18:06:18:INFO:-------------Training local models-------------
2022-01-21 18:10:06:INFO:-------------Aggregating local models-------------
2022-01-21 18:10:08:INFO:-------------Round number: 20-------------
2022-01-21 18:10:08:INFO:-------------Sending models-------------
2022-01-21 18:10:08:INFO:-------------Evaluating models-------------
2022-01-21 18:10:09:INFO:Average Global Accuracy and Loss for Each Task:
2022-01-21 18:10:09:INFO:Accuracy = [0.8826219512195121, 0.936280487804878, 0.8701219512195122, 0.9378048780487804, 0.7804878048780488, 0.8975609756097561, 0.9146341463414634, 0.8981707317073171, 0.8695121951219512, 0.8609756097560975]
2022-01-21 18:10:09:INFO:Loss = [0.542478967107344, 0.2971741755325461, 0.3461949375881132, 0.3235593801179742, 0.4947589368768116, 0.29916504852150044, 0.2905421878371626, 0.3644520651972171, 0.4347199275124273, 0.4781690638018318]
2022-01-21 18:10:09:INFO:-------------Training local models-------------
2022-01-21 18:13:56:INFO:-------------Aggregating local models-------------
2022-01-21 18:13:59:INFO:-------------Round number: 21-------------
2022-01-21 18:13:59:INFO:-------------Sending models-------------
2022-01-21 18:13:59:INFO:-------------Evaluating models-------------
2022-01-21 18:13:59:INFO:Average Global Accuracy and Loss for Each Task:
2022-01-21 18:13:59:INFO:Accuracy = [0.8826219512195121, 0.936280487804878, 0.8722560975609757, 0.9378048780487804, 0.7838414634146341, 0.8978658536585366, 0.9158536585365854, 0.8984756097560975, 0.8695121951219512, 0.8621951219512195]
2022-01-21 18:13:59:INFO:Loss = [0.5412673952488126, 0.29658800862848805, 0.3449067997344395, 0.32322000866477585, 0.49538243953820044, 0.2976959707008152, 0.2881463502537993, 0.362506867304768, 0.4318583546683374, 0.4758770555121506]
2022-01-21 18:13:59:INFO:-------------Training local models-------------
2022-01-21 18:17:47:INFO:-------------Aggregating local models-------------
2022-01-21 18:17:49:INFO:-------------Round number: 22-------------
2022-01-21 18:17:49:INFO:-------------Sending models-------------
2022-01-21 18:17:49:INFO:-------------Evaluating models-------------
2022-01-21 18:17:50:INFO:Average Global Accuracy and Loss for Each Task:
2022-01-21 18:17:50:INFO:Accuracy = [0.8823170731707317, 0.9365853658536586, 0.8731707317073171, 0.9375, 0.7850609756097561, 0.8981707317073171, 0.9155487804878049, 0.9, 0.8698170731707318, 0.8640243902439024]
2022-01-21 18:17:50:INFO:Loss = [0.5400263748107558, 0.2959416520089002, 0.34376214287050705, 0.32285364904787345, 0.4960633359512984, 0.29622250056127086, 0.2857971517000029, 0.3605710423278918, 0.4290507572799603, 0.47369609526131395]
2022-01-21 18:17:50:INFO:-------------Training local models-------------
2022-01-21 18:21:38:INFO:-------------Aggregating local models-------------
2022-01-21 18:21:40:INFO:-------------Round number: 23-------------
2022-01-21 18:21:40:INFO:-------------Sending models-------------
2022-01-21 18:21:40:INFO:-------------Evaluating models-------------
2022-01-21 18:21:40:INFO:Average Global Accuracy and Loss for Each Task:
2022-01-21 18:21:40:INFO:Accuracy = [0.8823170731707317, 0.9371951219512196, 0.875, 0.9375, 0.7871951219512195, 0.8981707317073171, 0.9161585365853658, 0.9009146341463414, 0.8698170731707318, 0.8661585365853659]
2022-01-21 18:21:40:INFO:Loss = [0.5387545490961113, 0.2952553511876897, 0.34271961846672816, 0.3224726546706246, 0.4967729418904793, 0.29474616079540106, 0.28352437859327284, 0.35862430474769164, 0.42628037986038936, 0.4715723368650155]
2022-01-21 18:21:40:INFO:-------------Training local models-------------
2022-01-21 18:25:28:INFO:-------------Aggregating local models-------------
2022-01-21 18:25:31:INFO:-------------Round number: 24-------------
2022-01-21 18:25:31:INFO:-------------Sending models-------------
2022-01-21 18:25:31:INFO:-------------Evaluating models-------------
2022-01-21 18:25:31:INFO:Average Global Accuracy and Loss for Each Task:
2022-01-21 18:25:31:INFO:Accuracy = [0.8823170731707317, 0.9371951219512196, 0.8759146341463414, 0.9375, 0.7878048780487805, 0.8987804878048781, 0.9167682926829268, 0.9015243902439024, 0.8701219512195122, 0.8664634146341463]
2022-01-21 18:25:31:INFO:Loss = [0.5374518052686188, 0.2945345682560512, 0.34178359526395513, 0.3220864989647142, 0.49767479822309346, 0.29326916068491365, 0.2811900909142512, 0.35668789240156823, 0.4235926786233194, 0.4695215533060169]
2022-01-21 18:25:31:INFO:-------------Training local models-------------
2022-01-21 18:29:19:INFO:-------------Aggregating local models-------------
2022-01-21 18:29:21:INFO:-------------Round number: 25-------------
2022-01-21 18:29:21:INFO:-------------Sending models-------------
2022-01-21 18:29:22:INFO:-------------Evaluating models-------------
2022-01-21 18:29:22:INFO:Average Global Accuracy and Loss for Each Task:
2022-01-21 18:29:22:INFO:Accuracy = [0.8823170731707317, 0.9375, 0.8753048780487804, 0.9375, 0.7878048780487805, 0.8984756097560975, 0.9170731707317074, 0.9021341463414634, 0.8701219512195122, 0.8670731707317073]
2022-01-21 18:29:22:INFO:Loss = [0.5361349203250451, 0.29377294395391534, 0.34095051310879815, 0.3217094563595133, 0.498659422988833, 0.29179616946451614, 0.2788588578604082, 0.3547624195656149, 0.4209983236846378, 0.4675331052034957]
2022-01-21 18:29:22:INFO:-------------Training local models-------------
2022-01-21 18:33:09:INFO:-------------Aggregating local models-------------
2022-01-21 18:33:12:INFO:-------------Round number: 26-------------
2022-01-21 18:33:12:INFO:-------------Sending models-------------
2022-01-21 18:33:12:INFO:-------------Evaluating models-------------
2022-01-21 18:33:12:INFO:Average Global Accuracy and Loss for Each Task:
2022-01-21 18:33:12:INFO:Accuracy = [0.8826219512195121, 0.9375, 0.8765243902439024, 0.9375, 0.788109756097561, 0.8990853658536585, 0.9173780487804878, 0.9024390243902439, 0.8698170731707318, 0.8664634146341463]
2022-01-21 18:33:12:INFO:Loss = [0.5348813786844314, 0.29300249338564577, 0.340209927005628, 0.32136637509357546, 0.49981625233464533, 0.2903475479610412, 0.2764914880983003, 0.3528613862510566, 0.4185340173482872, 0.4655919347161416]
2022-01-21 18:33:12:INFO:-------------Training local models-------------
2022-01-21 18:37:00:INFO:-------------Aggregating local models-------------
2022-01-21 18:37:03:INFO:-------------Round number: 27-------------
2022-01-21 18:37:03:INFO:-------------Sending models-------------
2022-01-21 18:37:03:INFO:-------------Evaluating models-------------
2022-01-21 18:37:03:INFO:Average Global Accuracy and Loss for Each Task:
2022-01-21 18:37:03:INFO:Accuracy = [0.8829268292682927, 0.9378048780487804, 0.8765243902439024, 0.9375, 0.7871951219512195, 0.899390243902439, 0.9182926829268293, 0.9033536585365853, 0.8695121951219512, 0.8667682926829269]
2022-01-21 18:37:03:INFO:Loss = [0.5336381560652914, 0.2922233022897073, 0.339545445721852, 0.32101935345009425, 0.5010018755473117, 0.2889102158798955, 0.2741779759057752, 0.35098143503220364, 0.416179034901533, 0.46372024050385624]
2022-01-21 18:37:03:INFO:-------------Training local models-------------
2022-01-21 18:40:51:INFO:-------------Aggregating local models-------------
2022-01-21 18:40:53:INFO:-------------Round number: 28-------------
2022-01-21 18:40:53:INFO:-------------Sending models-------------
2022-01-21 18:40:53:INFO:-------------Evaluating models-------------
2022-01-21 18:40:54:INFO:Average Global Accuracy and Loss for Each Task:
2022-01-21 18:40:54:INFO:Accuracy = [0.8826219512195121, 0.9384146341463414, 0.8783536585365853, 0.9375, 0.7890243902439025, 0.899390243902439, 0.9189024390243903, 0.9039634146341463, 0.8704268292682927, 0.8670731707317073]
2022-01-21 18:40:54:INFO:Loss = [0.532499794240987, 0.2914379824736587, 0.3389319787788625, 0.3206540084566081, 0.5021633849118654, 0.28747169707622094, 0.2719498714992901, 0.3491332062641471, 0.4139064969083226, 0.4618864709514239]
2022-01-21 18:40:54:INFO:-------------Training local models-------------
2022-01-21 18:44:42:INFO:-------------Aggregating local models-------------
2022-01-21 18:44:44:INFO:-------------Round number: 29-------------
2022-01-21 18:44:44:INFO:-------------Sending models-------------
2022-01-21 18:44:44:INFO:-------------Evaluating models-------------
2022-01-21 18:44:45:INFO:Average Global Accuracy and Loss for Each Task:
2022-01-21 18:44:45:INFO:Accuracy = [0.8829268292682927, 0.938109756097561, 0.8795731707317073, 0.9371951219512196, 0.7890243902439025, 0.8990853658536585, 0.9189024390243903, 0.9039634146341463, 0.8719512195121951, 0.8676829268292683]
2022-01-21 18:44:45:INFO:Loss = [0.5314235306066666, 0.29065557753897225, 0.3383654332556478, 0.3202961462027416, 0.5033614337678556, 0.28606170955647875, 0.26982313254493195, 0.34731560610958784, 0.4117247574499854, 0.46007339790656526]
2022-01-21 18:44:45:INFO:-------------Training local models-------------
2022-01-21 18:48:32:INFO:-------------Aggregating local models-------------
2022-01-21 18:48:35:INFO:-------------Round number: 30-------------
2022-01-21 18:48:35:INFO:-------------Sending models-------------
2022-01-21 18:48:35:INFO:-------------Evaluating models-------------
2022-01-21 18:48:35:INFO:Average Global Accuracy and Loss for Each Task:
2022-01-21 18:48:35:INFO:Accuracy = [0.8826219512195121, 0.9384146341463414, 0.8814024390243902, 0.9371951219512196, 0.7887195121951219, 0.9, 0.9189024390243903, 0.9039634146341463, 0.8725609756097561, 0.8692073170731708]
2022-01-21 18:48:35:INFO:Loss = [0.5302855705458347, 0.2898605367730985, 0.33783199521038604, 0.31992705731664034, 0.5046250380677875, 0.28468372816682747, 0.26773915076365684, 0.3454997253784535, 0.40961323178333525, 0.45828524084403977]
2022-01-21 18:48:35:INFO:-------------Training local models-------------
2022-01-21 18:52:23:INFO:-------------Aggregating local models-------------
2022-01-21 18:52:25:INFO:-------------Round number: 31-------------
2022-01-21 18:52:25:INFO:-------------Sending models-------------
2022-01-21 18:52:26:INFO:-------------Evaluating models-------------
2022-01-21 18:52:26:INFO:Average Global Accuracy and Loss for Each Task:
2022-01-21 18:52:26:INFO:Accuracy = [0.8826219512195121, 0.9384146341463414, 0.8817073170731707, 0.9371951219512196, 0.788109756097561, 0.9003048780487805, 0.9195121951219513, 0.9042682926829269, 0.8725609756097561, 0.8701219512195122]
2022-01-21 18:52:26:INFO:Loss = [0.5291694805168734, 0.2891081225442155, 0.33734762039718436, 0.31956492265027653, 0.5059781983528832, 0.28334035223425175, 0.2656739326669528, 0.3437021848534109, 0.4075717702252427, 0.45651407515070763]
2022-01-21 18:52:26:INFO:-------------Training local models-------------
2022-01-21 18:56:13:INFO:-------------Aggregating local models-------------
2022-01-21 18:56:16:INFO:-------------Round number: 32-------------
2022-01-21 18:56:16:INFO:-------------Sending models-------------
2022-01-21 18:56:16:INFO:-------------Evaluating models-------------
2022-01-21 18:56:16:INFO:Average Global Accuracy and Loss for Each Task:
2022-01-21 18:56:16:INFO:Accuracy = [0.8829268292682927, 0.9384146341463414, 0.8820121951219512, 0.9371951219512196, 0.7887195121951219, 0.9009146341463414, 0.9198170731707317, 0.9045731707317073, 0.8731707317073171, 0.8698170731707318]
2022-01-21 18:56:16:INFO:Loss = [0.5280695137466309, 0.28839214234939414, 0.3368859998636919, 0.31920388616513595, 0.5073612625969761, 0.282033857962233, 0.2636568511647411, 0.34190615994689655, 0.4056170062110873, 0.4547682741469499]
2022-01-21 18:56:16:INFO:-------------Training local models-------------
2022-01-21 19:00:04:INFO:-------------Aggregating local models-------------
2022-01-21 19:00:07:INFO:-------------Round number: 33-------------
2022-01-21 19:00:07:INFO:-------------Sending models-------------
2022-01-21 19:00:07:INFO:-------------Evaluating models-------------
2022-01-21 19:00:07:INFO:Average Global Accuracy and Loss for Each Task:
2022-01-21 19:00:07:INFO:Accuracy = [0.8829268292682927, 0.9384146341463414, 0.8820121951219512, 0.9371951219512196, 0.7896341463414634, 0.9015243902439024, 0.9207317073170732, 0.9045731707317073, 0.8734756097560976, 0.8698170731707318]
2022-01-21 19:00:07:INFO:Loss = [0.52700365953738, 0.2876749990803258, 0.33648219317760003, 0.3188488236628473, 0.5087195400545436, 0.280768028710665, 0.2617450474343325, 0.3401389823784262, 0.40374445605443837, 0.45306923013129385]
2022-01-21 19:00:07:INFO:-------------Training local models-------------
2022-01-21 19:03:55:INFO:-------------Aggregating local models-------------
2022-01-21 19:03:57:INFO:-------------Round number: 34-------------
2022-01-21 19:03:57:INFO:-------------Sending models-------------
2022-01-21 19:03:58:INFO:-------------Evaluating models-------------
2022-01-21 19:03:58:INFO:Average Global Accuracy and Loss for Each Task:
2022-01-21 19:03:58:INFO:Accuracy = [0.8832317073170731, 0.9384146341463414, 0.8829268292682927, 0.9371951219512196, 0.7902439024390244, 0.901829268292683, 0.9207317073170732, 0.9045731707317073, 0.8725609756097561, 0.8701219512195122]
2022-01-21 19:03:58:INFO:Loss = [0.5259764175496502, 0.2869970275716652, 0.3360914082778192, 0.3185031931469694, 0.5100966900375546, 0.2795306408050947, 0.2598958131033791, 0.33838252855603945, 0.40194165538116244, 0.45137473270325446]
2022-01-21 19:03:58:INFO:-------------Training local models-------------
2022-01-21 19:07:46:INFO:-------------Aggregating local models-------------
2022-01-21 19:07:48:INFO:-------------Round number: 35-------------
2022-01-21 19:07:48:INFO:-------------Sending models-------------
2022-01-21 19:07:48:INFO:-------------Evaluating models-------------
2022-01-21 19:07:49:INFO:Average Global Accuracy and Loss for Each Task:
2022-01-21 19:07:49:INFO:Accuracy = [0.8829268292682927, 0.938719512195122, 0.8835365853658537, 0.9371951219512196, 0.7920731707317074, 0.901829268292683, 0.9213414634146342, 0.9048780487804878, 0.8725609756097561, 0.8707317073170732]
2022-01-21 19:07:49:INFO:Loss = [0.5249405622733586, 0.2862843903414791, 0.33573402138604364, 0.3181690848943573, 0.5112726816718705, 0.27831519531049176, 0.2582247488231898, 0.33665445457225407, 0.4001652945454868, 0.4496702417005819]
2022-01-21 19:07:49:INFO:-------------Training local models-------------
2022-01-21 19:11:37:INFO:-------------Aggregating local models-------------
2022-01-21 19:11:39:INFO:-------------Round number: 36-------------
2022-01-21 19:11:39:INFO:-------------Sending models-------------
2022-01-21 19:11:39:INFO:-------------Evaluating models-------------
2022-01-21 19:11:39:INFO:Average Global Accuracy and Loss for Each Task:
2022-01-21 19:11:39:INFO:Accuracy = [0.8829268292682927, 0.938719512195122, 0.8847560975609756, 0.9371951219512196, 0.7929878048780488, 0.901829268292683, 0.9213414634146342, 0.9048780487804878, 0.8731707317073171, 0.8707317073170732]
2022-01-21 19:11:39:INFO:Loss = [0.5239290559459222, 0.2856273949749643, 0.33539681112863656, 0.31785526122931934, 0.5126309147979156, 0.2771416237807077, 0.2565296999240584, 0.3349639946341418, 0.39843400060795475, 0.4480064843977211]
2022-01-21 19:11:39:INFO:-------------Training local models-------------
2022-01-21 19:15:27:INFO:-------------Aggregating local models-------------
2022-01-21 19:15:30:INFO:-------------Round number: 37-------------
2022-01-21 19:15:30:INFO:-------------Sending models-------------
2022-01-21 19:15:30:INFO:-------------Evaluating models-------------
2022-01-21 19:15:30:INFO:Average Global Accuracy and Loss for Each Task:
2022-01-21 19:15:30:INFO:Accuracy = [0.8832317073170731, 0.9390243902439024, 0.8844512195121951, 0.9371951219512196, 0.7932926829268293, 0.9015243902439024, 0.9228658536585366, 0.9048780487804878, 0.8725609756097561, 0.8707317073170732]
2022-01-21 19:15:30:INFO:Loss = [0.5230157456897404, 0.28498412855998784, 0.3350982852979342, 0.3176175340876642, 0.5140802574691096, 0.27601953494794124, 0.2549220728045528, 0.3333035489674175, 0.39687680969122663, 0.4464264894117283]
2022-01-21 19:15:30:INFO:-------------Training local models-------------
2022-01-21 19:19:18:INFO:-------------Aggregating local models-------------
2022-01-21 19:19:20:INFO:-------------Round number: 38-------------
2022-01-21 19:19:20:INFO:-------------Sending models-------------
2022-01-21 19:19:21:INFO:-------------Evaluating models-------------
2022-01-21 19:19:21:INFO:Average Global Accuracy and Loss for Each Task:
2022-01-21 19:19:21:INFO:Accuracy = [0.8838414634146341, 0.9390243902439024, 0.8847560975609756, 0.9371951219512196, 0.7932926829268293, 0.901829268292683, 0.9231707317073171, 0.9051829268292683, 0.8719512195121951, 0.8707317073170732]
2022-01-21 19:19:21:INFO:Loss = [0.5221541192068111, 0.2844431437896252, 0.3348137433480943, 0.3173302343419026, 0.5152808453627896, 0.27492294023409714, 0.25346354251938996, 0.3316601720271581, 0.39532710438758906, 0.44481905846055825]
2022-01-21 19:19:21:INFO:-------------Training local models-------------
2022-01-21 19:23:09:INFO:-------------Aggregating local models-------------
2022-01-21 19:23:11:INFO:-------------Round number: 39-------------
2022-01-21 19:23:11:INFO:-------------Sending models-------------
2022-01-21 19:23:11:INFO:-------------Evaluating models-------------
2022-01-21 19:23:12:INFO:Average Global Accuracy and Loss for Each Task:
2022-01-21 19:23:12:INFO:Accuracy = [0.8838414634146341, 0.9396341463414634, 0.885060975609756, 0.9371951219512196, 0.7939024390243903, 0.9024390243902439, 0.9234756097560975, 0.9051829268292683, 0.8725609756097561, 0.8707317073170732]
2022-01-21 19:23:12:INFO:Loss = [0.5213309589918226, 0.2839245247695788, 0.33456054245187083, 0.3170775078611857, 0.5165638656908413, 0.2738842680232554, 0.2520475089173798, 0.3300521969181207, 0.3938765424451359, 0.44321965494849036]
2022-01-21 19:23:12:INFO:-------------Training local models-------------
2022-01-21 19:26:59:INFO:-------------Aggregating local models-------------
