2022-01-21 17:07:31:INFO:-------------Round number: 0-------------
2022-01-21 17:07:31:INFO:-------------Sending models-------------
2022-01-21 17:07:31:INFO:-------------Evaluating models-------------
2022-01-21 17:07:31:INFO:Average Global Accuracy and Loss for Each Task:
2022-01-21 17:07:31:INFO:Accuracy = [0.9, 0.9, 0.9, 0.9, 0.9, 0.1, 0.1, 0.1, 0.1, 0.9]
2022-01-21 17:07:31:INFO:Loss = [0.6600896209478379, 0.6541326016187667, 0.6659501135349274, 0.658126226067543, 0.6607228547334671, 0.7393991678953171, 0.7416691154241561, 0.7426417410373688, 0.742569524049759, 0.6688573807477951]
2022-01-21 17:07:31:INFO:-------------Training local models-------------
2022-01-21 17:15:13:INFO:-------------Aggregating local models-------------
2022-01-21 17:15:14:INFO:-------------Round number: 1-------------
2022-01-21 17:15:14:INFO:-------------Sending models-------------
2022-01-21 17:15:14:INFO:-------------Evaluating models-------------
2022-01-21 17:15:15:INFO:Average Global Accuracy and Loss for Each Task:
2022-01-21 17:15:15:INFO:Accuracy = [0.914375, 0.9225, 0.903125, 0.908125, 0.906875, 0.910625, 0.908125, 0.909375, 0.9325, 0.883125]
2022-01-21 17:15:15:INFO:Loss = [0.21254358703736215, 0.26985824801959096, 0.28320931633934376, 0.24456155782099814, 0.2601278163027018, 0.2765178573550656, 0.2685682362876832, 0.27770968452095984, 0.23659876890014858, 0.34183754920959475]
2022-01-21 17:15:15:INFO:-------------Training local models-------------
2022-01-21 17:22:56:INFO:-------------Aggregating local models-------------
2022-01-21 17:22:58:INFO:-------------Round number: 2-------------
2022-01-21 17:22:58:INFO:-------------Sending models-------------
2022-01-21 17:22:58:INFO:-------------Evaluating models-------------
2022-01-21 17:22:58:INFO:Average Global Accuracy and Loss for Each Task:
2022-01-21 17:22:58:INFO:Accuracy = [0.918125, 0.916875, 0.900625, 0.911875, 0.918125, 0.916875, 0.9125, 0.91625, 0.945, 0.9275]
2022-01-21 17:22:58:INFO:Loss = [0.15036838656524196, 0.18001000066287814, 0.19341690379660575, 0.1620066763367504, 0.16354228047421202, 0.1736795528791845, 0.19834982736501844, 0.20059106489643455, 0.15526050562039018, 0.2244736886350438]
2022-01-21 17:22:58:INFO:-------------Training local models-------------
2022-01-21 17:30:40:INFO:-------------Aggregating local models-------------
2022-01-21 17:30:41:INFO:-------------Round number: 3-------------
2022-01-21 17:30:41:INFO:-------------Sending models-------------
2022-01-21 17:30:41:INFO:-------------Evaluating models-------------
2022-01-21 17:30:41:INFO:Average Global Accuracy and Loss for Each Task:
2022-01-21 17:30:41:INFO:Accuracy = [0.93875, 0.93, 0.924375, 0.94625, 0.95, 0.95625, 0.93125, 0.933125, 0.953125, 0.941875]
2022-01-21 17:30:41:INFO:Loss = [0.11552921156981029, 0.1348963399999775, 0.14310151292593218, 0.11959262549062259, 0.11600558196660131, 0.12347923339693807, 0.15959506910294294, 0.1578789229504764, 0.12172447070479393, 0.1674724669312127]
2022-01-21 17:30:41:INFO:-------------Training local models-------------
2022-01-21 17:38:19:INFO:-------------Aggregating local models-------------
2022-01-21 17:38:20:INFO:-------------Round number: 4-------------
2022-01-21 17:38:20:INFO:-------------Sending models-------------
2022-01-21 17:38:20:INFO:-------------Evaluating models-------------
2022-01-21 17:38:20:INFO:Average Global Accuracy and Loss for Each Task:
2022-01-21 17:38:20:INFO:Accuracy = [0.953125, 0.951875, 0.946875, 0.963125, 0.9575, 0.9725, 0.93875, 0.938125, 0.958125, 0.948125]
2022-01-21 17:38:20:INFO:Loss = [0.09233666466898285, 0.10645276861032471, 0.11301879569655285, 0.09570553208468482, 0.09042223211145028, 0.09554288840736262, 0.13651835201308132, 0.13332614942337387, 0.10508945820620283, 0.13660211313981563]
2022-01-21 17:38:20:INFO:-------------Training local models-------------
2022-01-21 17:45:57:INFO:-------------Aggregating local models-------------
2022-01-21 17:45:58:INFO:-------------Round number: 5-------------
2022-01-21 17:45:58:INFO:-------------Sending models-------------
2022-01-21 17:45:58:INFO:-------------Evaluating models-------------
2022-01-21 17:45:59:INFO:Average Global Accuracy and Loss for Each Task:
2022-01-21 17:45:59:INFO:Accuracy = [0.96, 0.958125, 0.96375, 0.9725, 0.963125, 0.9675, 0.940625, 0.94125, 0.960625, 0.950625]
2022-01-21 17:45:59:INFO:Loss = [0.078988825660781, 0.08950721874425653, 0.09359715128084645, 0.08044989093323238, 0.0762466775777284, 0.08007460834633093, 0.12110601039021276, 0.11751084270654247, 0.09520801112812478, 0.1186685144668445]
2022-01-21 17:45:59:INFO:-------------Training local models-------------
2022-01-21 17:53:35:INFO:-------------Aggregating local models-------------
2022-01-21 17:53:36:INFO:-------------Round number: 6-------------
2022-01-21 17:53:36:INFO:-------------Sending models-------------
2022-01-21 17:53:36:INFO:-------------Evaluating models-------------
2022-01-21 17:53:36:INFO:Average Global Accuracy and Loss for Each Task:
2022-01-21 17:53:36:INFO:Accuracy = [0.969375, 0.96375, 0.970625, 0.976875, 0.96875, 0.9675, 0.941875, 0.94125, 0.96375, 0.95125]
2022-01-21 17:53:36:INFO:Loss = [0.07123742681287695, 0.07945804715272971, 0.07981597526522818, 0.06951223375508561, 0.0676219733635662, 0.07102796520193806, 0.11003814201103523, 0.10646849296172149, 0.08865183238813187, 0.10727194694627543]
2022-01-21 17:53:36:INFO:-------------Training local models-------------
2022-01-21 18:01:13:INFO:-------------Aggregating local models-------------
2022-01-21 18:01:14:INFO:-------------Round number: 7-------------
2022-01-21 18:01:14:INFO:-------------Sending models-------------
2022-01-21 18:01:14:INFO:-------------Evaluating models-------------
2022-01-21 18:01:14:INFO:Average Global Accuracy and Loss for Each Task:
2022-01-21 18:01:14:INFO:Accuracy = [0.973125, 0.96625, 0.975625, 0.97875, 0.97, 0.968125, 0.9425, 0.94125, 0.9675, 0.954375]
2022-01-21 18:01:14:INFO:Loss = [0.06616322016925551, 0.07303942184371408, 0.06930602609063499, 0.06110417115560267, 0.06184288580552675, 0.06522596821305342, 0.1019273091078503, 0.09841679321834818, 0.08405368890380487, 0.09949058337660972]
2022-01-21 18:01:14:INFO:-------------Training local models-------------
2022-01-21 18:08:51:INFO:-------------Aggregating local models-------------
2022-01-21 18:08:52:INFO:-------------Round number: 8-------------
2022-01-21 18:08:52:INFO:-------------Sending models-------------
2022-01-21 18:08:52:INFO:-------------Evaluating models-------------
2022-01-21 18:08:53:INFO:Average Global Accuracy and Loss for Each Task:
2022-01-21 18:08:53:INFO:Accuracy = [0.976875, 0.97, 0.978125, 0.98, 0.97625, 0.97, 0.9425, 0.941875, 0.965, 0.95625]
2022-01-21 18:08:53:INFO:Loss = [0.06234092174272519, 0.0684575925610261, 0.06104731260857079, 0.05446711587428581, 0.057703500785282816, 0.06120093287026975, 0.09555609139497392, 0.09201161154778674, 0.08072480956761866, 0.09388765246840194]
2022-01-21 18:08:53:INFO:-------------Training local models-------------
2022-01-21 18:16:28:INFO:-------------Aggregating local models-------------
2022-01-21 18:16:30:INFO:-------------Round number: 9-------------
2022-01-21 18:16:30:INFO:-------------Sending models-------------
2022-01-21 18:16:30:INFO:-------------Evaluating models-------------
2022-01-21 18:16:30:INFO:Average Global Accuracy and Loss for Each Task:
2022-01-21 18:16:30:INFO:Accuracy = [0.979375, 0.973125, 0.980625, 0.9825, 0.980625, 0.97375, 0.943125, 0.943125, 0.965, 0.9575]
2022-01-21 18:16:30:INFO:Loss = [0.0591296366212191, 0.06481338911980856, 0.054501034939312375, 0.0491587060445454, 0.05461999686813215, 0.05824756395741133, 0.08999974262551405, 0.08636363353580237, 0.07827484907174949, 0.08969106122822268]
2022-01-21 18:16:30:INFO:-------------Training local models-------------
2022-01-21 18:24:05:INFO:-------------Aggregating local models-------------
2022-01-21 18:24:07:INFO:-------------Round number: 10-------------
2022-01-21 18:24:07:INFO:-------------Sending models-------------
2022-01-21 18:24:07:INFO:-------------Evaluating models-------------
2022-01-21 18:24:07:INFO:Average Global Accuracy and Loss for Each Task:
2022-01-21 18:24:07:INFO:Accuracy = [0.981875, 0.97625, 0.983125, 0.984375, 0.983125, 0.9775, 0.94375, 0.943125, 0.96625, 0.9625]
2022-01-21 18:24:07:INFO:Loss = [0.05623847505339654, 0.06165787557401927, 0.04927677426458103, 0.04486232793424279, 0.05229801238165237, 0.05604071703055524, 0.08473202547756956, 0.08099957416125107, 0.07649871580651961, 0.08647732502577128]
2022-01-21 18:24:07:INFO:-------------Training local models-------------
2022-01-21 18:31:41:INFO:-------------Aggregating local models-------------
2022-01-21 18:31:43:INFO:-------------Round number: 11-------------
2022-01-21 18:31:43:INFO:-------------Sending models-------------
2022-01-21 18:31:43:INFO:-------------Evaluating models-------------
2022-01-21 18:31:43:INFO:Average Global Accuracy and Loss for Each Task:
2022-01-21 18:31:43:INFO:Accuracy = [0.98375, 0.978125, 0.98375, 0.985625, 0.985, 0.981875, 0.94375, 0.9475, 0.96875, 0.965625]
2022-01-21 18:31:43:INFO:Loss = [0.05356426550715696, 0.0587957696581725, 0.045054356535547416, 0.04132891281042248, 0.05059256088716211, 0.0544292445978499, 0.07950083000177983, 0.07571143168315757, 0.0751871522385045, 0.0839127325132722]
2022-01-21 18:31:43:INFO:-------------Training local models-------------
2022-01-21 18:39:18:INFO:-------------Aggregating local models-------------
2022-01-21 18:39:19:INFO:-------------Round number: 12-------------
2022-01-21 18:39:19:INFO:-------------Sending models-------------
2022-01-21 18:39:19:INFO:-------------Evaluating models-------------
2022-01-21 18:39:19:INFO:Average Global Accuracy and Loss for Each Task:
2022-01-21 18:39:19:INFO:Accuracy = [0.983125, 0.980625, 0.984375, 0.9875, 0.98625, 0.983125, 0.94875, 0.9525, 0.969375, 0.966875]
2022-01-21 18:39:19:INFO:Loss = [0.05108515936808544, 0.05615103211894166, 0.04160199336038204, 0.03839022138272412, 0.049353643516951706, 0.05327090547652915, 0.07424332939990563, 0.07046931359654991, 0.0744128043159435, 0.08199696560186567]
2022-01-21 18:39:19:INFO:-------------Training local models-------------
2022-01-21 18:46:53:INFO:-------------Aggregating local models-------------
2022-01-21 18:46:55:INFO:-------------Round number: 13-------------
2022-01-21 18:46:55:INFO:-------------Sending models-------------
2022-01-21 18:46:55:INFO:-------------Evaluating models-------------
2022-01-21 18:46:55:INFO:Average Global Accuracy and Loss for Each Task:
2022-01-21 18:46:55:INFO:Accuracy = [0.984375, 0.981875, 0.98625, 0.988125, 0.9875, 0.983125, 0.954375, 0.960625, 0.968125, 0.96625]
2022-01-21 18:46:55:INFO:Loss = [0.04877466389370966, 0.05366512429609429, 0.03873580576400855, 0.03591440815580427, 0.04849416523356922, 0.05247735438824748, 0.06899123938928824, 0.065318587407819, 0.07429660166817484, 0.08080923966190312]
2022-01-21 18:46:55:INFO:-------------Training local models-------------
2022-01-21 18:54:30:INFO:-------------Aggregating local models-------------
2022-01-21 18:54:31:INFO:-------------Round number: 14-------------
2022-01-21 18:54:31:INFO:-------------Sending models-------------
2022-01-21 18:54:31:INFO:-------------Evaluating models-------------
2022-01-21 18:54:31:INFO:Average Global Accuracy and Loss for Each Task:
2022-01-21 18:54:31:INFO:Accuracy = [0.985, 0.981875, 0.98625, 0.988125, 0.985625, 0.98375, 0.959375, 0.965, 0.96875, 0.96625]
2022-01-21 18:54:31:INFO:Loss = [0.04663905792040168, 0.05134271618080675, 0.036316568481561264, 0.0337975164380623, 0.04796851159044309, 0.0520060271708644, 0.06385455930721946, 0.06037747836089693, 0.07428965329527273, 0.07983122009245562]
2022-01-21 18:54:31:INFO:-------------Training local models-------------
2022-01-21 19:02:05:INFO:-------------Aggregating local models-------------
2022-01-21 19:02:07:INFO:-------------Round number: 15-------------
2022-01-21 19:02:07:INFO:-------------Sending models-------------
2022-01-21 19:02:07:INFO:-------------Evaluating models-------------
2022-01-21 19:02:07:INFO:Average Global Accuracy and Loss for Each Task:
2022-01-21 19:02:07:INFO:Accuracy = [0.985625, 0.9825, 0.985625, 0.989375, 0.98625, 0.98375, 0.966875, 0.96875, 0.96875, 0.965]
2022-01-21 19:02:07:INFO:Loss = [0.044686993654613615, 0.04919201991942827, 0.0342400647517934, 0.031966587227361745, 0.047637559594295456, 0.05171037648105994, 0.058975129078316965, 0.05578310463315574, 0.07465361795257194, 0.07928295496967622]
2022-01-21 19:02:07:INFO:-------------Training local models-------------
2022-01-21 19:09:41:INFO:-------------Aggregating local models-------------
2022-01-21 19:09:43:INFO:-------------Round number: 16-------------
2022-01-21 19:09:43:INFO:-------------Sending models-------------
2022-01-21 19:09:43:INFO:-------------Evaluating models-------------
2022-01-21 19:09:43:INFO:Average Global Accuracy and Loss for Each Task:
2022-01-21 19:09:43:INFO:Accuracy = [0.985625, 0.98375, 0.986875, 0.989375, 0.986875, 0.984375, 0.97125, 0.973125, 0.96875, 0.964375]
2022-01-21 19:09:43:INFO:Loss = [0.042919124288164315, 0.047212883373140356, 0.03243942825938575, 0.03036667651758762, 0.04753815744188614, 0.051627358842961255, 0.054459518870862665, 0.05161727667436935, 0.07539859668104328, 0.07918814904696773]
2022-01-21 19:09:43:INFO:-------------Training local models-------------
2022-01-21 19:17:18:INFO:-------------Aggregating local models-------------
2022-01-21 19:17:19:INFO:-------------Round number: 17-------------
2022-01-21 19:17:19:INFO:-------------Sending models-------------
2022-01-21 19:17:19:INFO:-------------Evaluating models-------------
2022-01-21 19:17:19:INFO:Average Global Accuracy and Loss for Each Task:
2022-01-21 19:17:19:INFO:Accuracy = [0.98625, 0.984375, 0.989375, 0.99, 0.985625, 0.98375, 0.976875, 0.978125, 0.96875, 0.965]
2022-01-21 19:17:19:INFO:Loss = [0.04132615847811394, 0.04540142378027667, 0.030863093602238222, 0.02895692718375358, 0.04761890212394064, 0.05170571037670015, 0.0504313417171943, 0.04796371586126043, 0.07648694162635365, 0.07950956130953273]
2022-01-21 19:17:19:INFO:-------------Training local models-------------
2022-01-21 19:24:54:INFO:-------------Aggregating local models-------------
2022-01-21 19:24:55:INFO:-------------Round number: 18-------------
2022-01-21 19:24:55:INFO:-------------Sending models-------------
2022-01-21 19:24:55:INFO:-------------Evaluating models-------------
2022-01-21 19:24:55:INFO:Average Global Accuracy and Loss for Each Task:
2022-01-21 19:24:55:INFO:Accuracy = [0.986875, 0.985, 0.989375, 0.990625, 0.985625, 0.98375, 0.979375, 0.981875, 0.9675, 0.965625]
2022-01-21 19:24:55:INFO:Loss = [0.03990669712657109, 0.04376829791435739, 0.029463368727010674, 0.02769711009823368, 0.0478898609711905, 0.051968052260417605, 0.04689216224214761, 0.04479282091779169, 0.0778799203420931, 0.08021440943193739]
2022-01-21 19:24:55:INFO:-------------Training local models-------------
2022-01-21 19:29:46:INFO:-------------Aggregating local models-------------
2022-01-21 19:29:47:INFO:-------------Round number: 19-------------
2022-01-21 19:29:47:INFO:-------------Sending models-------------
2022-01-21 19:29:47:INFO:-------------Evaluating models-------------
2022-01-21 19:29:47:INFO:Average Global Accuracy and Loss for Each Task:
2022-01-21 19:29:47:INFO:Accuracy = [0.9875, 0.985625, 0.990625, 0.99125, 0.985, 0.9825, 0.98125, 0.98375, 0.96625, 0.965]
2022-01-21 19:29:47:INFO:Loss = [0.03861565405532019, 0.04226661319698906, 0.028213659042376094, 0.026569242462937837, 0.048319709930365204, 0.05237672899129393, 0.043844907952006906, 0.04208559572070954, 0.07959561357274651, 0.08130232940602582]
2022-01-21 19:29:47:INFO:-------------Training local models-------------
2022-01-21 19:33:33:INFO:-------------Aggregating local models-------------
2022-01-21 19:33:34:INFO:-------------Round number: 20-------------
2022-01-21 19:33:34:INFO:-------------Sending models-------------
2022-01-21 19:33:34:INFO:-------------Evaluating models-------------
2022-01-21 19:33:34:INFO:Average Global Accuracy and Loss for Each Task:
2022-01-21 19:33:34:INFO:Accuracy = [0.988125, 0.985625, 0.99125, 0.990625, 0.984375, 0.983125, 0.985, 0.985625, 0.964375, 0.964375]
2022-01-21 19:33:34:INFO:Loss = [0.03743449011744815, 0.04088744176333421, 0.027089436258393107, 0.02554853472029208, 0.04887629919394385, 0.05290972787552164, 0.04126746101101162, 0.0398101501094061, 0.08155999762784631, 0.08269258458749391]
2022-01-21 19:33:34:INFO:-------------Training local models-------------
2022-01-21 19:37:20:INFO:-------------Aggregating local models-------------
2022-01-21 19:37:21:INFO:-------------Round number: 21-------------
2022-01-21 19:37:21:INFO:-------------Sending models-------------
2022-01-21 19:37:21:INFO:-------------Evaluating models-------------
2022-01-21 19:37:21:INFO:Average Global Accuracy and Loss for Each Task:
2022-01-21 19:37:21:INFO:Accuracy = [0.9875, 0.986875, 0.990625, 0.990625, 0.984375, 0.9825, 0.98625, 0.98625, 0.963125, 0.963125]
2022-01-21 19:37:21:INFO:Loss = [0.03639986142879934, 0.03966978548705811, 0.02607249375905667, 0.024622205982814192, 0.04951707013824489, 0.0535201159571443, 0.03910566432823544, 0.037909362216305455, 0.08367343083154992, 0.08428280979787814]
2022-01-21 19:37:21:INFO:-------------Training local models-------------
2022-01-21 19:41:07:INFO:-------------Aggregating local models-------------
2022-01-21 19:41:08:INFO:-------------Round number: 22-------------
2022-01-21 19:41:08:INFO:-------------Sending models-------------
2022-01-21 19:41:08:INFO:-------------Evaluating models-------------
2022-01-21 19:41:08:INFO:Average Global Accuracy and Loss for Each Task:
2022-01-21 19:41:08:INFO:Accuracy = [0.988125, 0.986875, 0.99125, 0.99125, 0.983125, 0.981875, 0.986875, 0.986875, 0.961875, 0.961875]
2022-01-21 19:41:08:INFO:Loss = [0.03550099236745154, 0.038603993907236143, 0.0251444207104214, 0.0237740165899595, 0.050248555360303725, 0.05421589784855314, 0.03728473775772727, 0.03631580078654224, 0.0859717973646184, 0.0860994062226382]
2022-01-21 19:41:08:INFO:-------------Training local models-------------
2022-01-21 19:44:54:INFO:-------------Aggregating local models-------------
2022-01-21 19:44:55:INFO:-------------Round number: 23-------------
2022-01-21 19:44:55:INFO:-------------Sending models-------------
2022-01-21 19:44:55:INFO:-------------Evaluating models-------------
2022-01-21 19:44:55:INFO:Average Global Accuracy and Loss for Each Task:
2022-01-21 19:44:55:INFO:Accuracy = [0.989375, 0.9875, 0.99125, 0.99125, 0.981875, 0.98125, 0.986875, 0.98625, 0.960625, 0.96125]
2022-01-21 19:44:55:INFO:Loss = [0.03470671631330333, 0.03765890064969426, 0.024297296022996306, 0.022995713386626447, 0.05105913978586614, 0.054992186564777515, 0.03573840991812176, 0.034967284296726575, 0.0884127375902608, 0.08810637644710369]
2022-01-21 19:44:55:INFO:-------------Training local models-------------
2022-01-21 19:48:41:INFO:-------------Aggregating local models-------------
2022-01-21 19:48:42:INFO:-------------Round number: 24-------------
2022-01-21 19:48:42:INFO:-------------Sending models-------------
2022-01-21 19:48:42:INFO:-------------Evaluating models-------------
2022-01-21 19:48:42:INFO:Average Global Accuracy and Loss for Each Task:
2022-01-21 19:48:42:INFO:Accuracy = [0.989375, 0.988125, 0.99125, 0.99125, 0.98125, 0.98125, 0.98625, 0.98625, 0.95875, 0.96]
2022-01-21 19:48:42:INFO:Loss = [0.033998200615315, 0.03681323486052861, 0.023524057925169473, 0.022283214872004464, 0.05190057574982347, 0.05579772284982028, 0.03443019724290934, 0.03382939078655909, 0.09092441198226879, 0.0902156162475876]
2022-01-21 19:48:42:INFO:-------------Training local models-------------
2022-01-21 19:52:28:INFO:-------------Aggregating local models-------------
2022-01-21 19:52:29:INFO:-------------Round number: 25-------------
2022-01-21 19:52:29:INFO:-------------Sending models-------------
2022-01-21 19:52:29:INFO:-------------Evaluating models-------------
2022-01-21 19:52:29:INFO:Average Global Accuracy and Loss for Each Task:
2022-01-21 19:52:29:INFO:Accuracy = [0.989375, 0.988125, 0.991875, 0.990625, 0.980625, 0.980625, 0.9875, 0.988125, 0.956875, 0.958125]
2022-01-21 19:52:29:INFO:Loss = [0.0333733911611489, 0.0360708956795861, 0.02281616372783901, 0.021630295987051795, 0.052774660454451804, 0.05663603863613389, 0.033320011465548305, 0.03286867245769827, 0.09376048704216373, 0.09261651984488709]
2022-01-21 19:52:29:INFO:-------------Training local models-------------
2022-01-21 19:56:15:INFO:-------------Aggregating local models-------------
2022-01-21 19:56:16:INFO:-------------Round number: 26-------------
2022-01-21 19:56:16:INFO:-------------Sending models-------------
2022-01-21 19:56:16:INFO:-------------Evaluating models-------------
2022-01-21 19:56:16:INFO:Average Global Accuracy and Loss for Each Task:
2022-01-21 19:56:16:INFO:Accuracy = [0.989375, 0.988125, 0.9925, 0.991875, 0.980625, 0.980625, 0.9875, 0.988125, 0.95625, 0.9575]
2022-01-21 19:56:16:INFO:Loss = [0.032815742405728085, 0.0354083653903217, 0.02217007997314795, 0.02103382443929149, 0.05367533021599229, 0.057504136727220614, 0.03238066422927659, 0.03205822168238228, 0.09677743301581358, 0.09522128377284389]
2022-01-21 19:56:16:INFO:-------------Training local models-------------
2022-01-21 20:00:02:INFO:-------------Aggregating local models-------------
2022-01-21 20:00:03:INFO:-------------Round number: 27-------------
2022-01-21 20:00:03:INFO:-------------Sending models-------------
2022-01-21 20:00:03:INFO:-------------Evaluating models-------------
2022-01-21 20:00:03:INFO:Average Global Accuracy and Loss for Each Task:
2022-01-21 20:00:03:INFO:Accuracy = [0.989375, 0.988125, 0.9925, 0.9925, 0.980625, 0.979375, 0.9875, 0.988125, 0.955625, 0.955625]
2022-01-21 20:00:03:INFO:Loss = [0.032307687169668496, 0.03480622460665472, 0.02157289548085828, 0.020480464815409504, 0.0545856145061407, 0.058385298291614166, 0.03157181060305447, 0.03136410597144277, 0.09941109404244344, 0.09747239731877926]
2022-01-21 20:00:03:INFO:-------------Training local models-------------
2022-01-21 20:04:05:INFO:-------------Aggregating local models-------------
2022-01-21 20:04:06:INFO:-------------Round number: 28-------------
2022-01-21 20:04:06:INFO:-------------Sending models-------------
2022-01-21 20:04:06:INFO:-------------Evaluating models-------------
2022-01-21 20:04:06:INFO:Average Global Accuracy and Loss for Each Task:
2022-01-21 20:04:06:INFO:Accuracy = [0.989375, 0.988125, 0.993125, 0.9925, 0.979375, 0.978125, 0.988125, 0.98875, 0.955625, 0.955]
2022-01-21 20:04:06:INFO:Loss = [0.031852745240394144, 0.034268346537282925, 0.0210243502027879, 0.019970940881830757, 0.05550642810158024, 0.059281030462443596, 0.03090232627946534, 0.0307930672832299, 0.10220671360002598, 0.09992270886796177]
2022-01-21 20:04:06:INFO:-------------Training local models-------------
2022-01-21 20:07:52:INFO:-------------Aggregating local models-------------
2022-01-21 20:07:53:INFO:-------------Round number: 29-------------
2022-01-21 20:07:53:INFO:-------------Sending models-------------
2022-01-21 20:07:53:INFO:-------------Evaluating models-------------
2022-01-21 20:07:53:INFO:Average Global Accuracy and Loss for Each Task:
2022-01-21 20:07:53:INFO:Accuracy = [0.989375, 0.988125, 0.993125, 0.99375, 0.9775, 0.9775, 0.988125, 0.98875, 0.955625, 0.955625]
2022-01-21 20:07:53:INFO:Loss = [0.03144220815229346, 0.033781718790123705, 0.020516375769875594, 0.01949852692778222, 0.056456543741660425, 0.06021122454440046, 0.030337660056102323, 0.03030915765048121, 0.10491321447443624, 0.10231433657791059]
2022-01-21 20:07:53:INFO:-------------Training local models-------------
2022-01-21 20:12:22:INFO:-------------Aggregating local models-------------
2022-01-21 20:12:24:INFO:-------------Round number: 30-------------
2022-01-21 20:12:24:INFO:-------------Sending models-------------
2022-01-21 20:12:24:INFO:-------------Evaluating models-------------
2022-01-21 20:12:24:INFO:Average Global Accuracy and Loss for Each Task:
2022-01-21 20:12:24:INFO:Accuracy = [0.989375, 0.988125, 0.993125, 0.99375, 0.976875, 0.976875, 0.988125, 0.99, 0.955, 0.955]
2022-01-21 20:12:24:INFO:Loss = [0.031075921824231044, 0.03334694454642886, 0.02004457575858396, 0.019058927589139785, 0.05740658101422014, 0.06114294921826513, 0.02986245547508588, 0.029905299607344206, 0.10760078990497277, 0.10471285993589845]
2022-01-21 20:12:24:INFO:-------------Training local models-------------
2022-01-21 20:16:15:INFO:-------------Aggregating local models-------------
2022-01-21 20:16:16:INFO:-------------Round number: 31-------------
2022-01-21 20:16:16:INFO:-------------Sending models-------------
2022-01-21 20:16:16:INFO:-------------Evaluating models-------------
2022-01-21 20:16:16:INFO:Average Global Accuracy and Loss for Each Task:
2022-01-21 20:16:16:INFO:Accuracy = [0.98875, 0.988125, 0.993125, 0.99375, 0.976875, 0.97625, 0.98875, 0.99, 0.954375, 0.954375]
2022-01-21 20:16:16:INFO:Loss = [0.0307446180813713, 0.03295414301137498, 0.019611619855641037, 0.018655459430738118, 0.0583398582686641, 0.06206190649027121, 0.029452225505519892, 0.029558556152915118, 0.11025707463450089, 0.10709625537347164]
2022-01-21 20:16:16:INFO:-------------Training local models-------------
2022-01-21 20:20:02:INFO:-------------Aggregating local models-------------
2022-01-21 20:20:03:INFO:-------------Round number: 32-------------
2022-01-21 20:20:03:INFO:-------------Sending models-------------
2022-01-21 20:20:03:INFO:-------------Evaluating models-------------
2022-01-21 20:20:03:INFO:Average Global Accuracy and Loss for Each Task:
2022-01-21 20:20:03:INFO:Accuracy = [0.989375, 0.98875, 0.993125, 0.99375, 0.976875, 0.975, 0.98875, 0.990625, 0.9525, 0.95375]
2022-01-21 20:20:03:INFO:Loss = [0.03043791240488645, 0.032591065634187545, 0.01920950503263157, 0.018280497756859405, 0.05927819284115685, 0.0629895662124909, 0.029089765366370555, 0.02925221649129526, 0.11281155004326138, 0.109396464666861]
2022-01-21 20:20:03:INFO:-------------Training local models-------------
2022-01-21 20:23:55:INFO:-------------Aggregating local models-------------
2022-01-21 20:23:55:INFO:-------------Round number: 33-------------
2022-01-21 20:23:55:INFO:-------------Sending models-------------
2022-01-21 20:23:55:INFO:-------------Evaluating models-------------
2022-01-21 20:23:55:INFO:Average Global Accuracy and Loss for Each Task:
2022-01-21 20:23:55:INFO:Accuracy = [0.99, 0.98875, 0.993125, 0.994375, 0.975, 0.975, 0.989375, 0.990625, 0.951875, 0.953125]
2022-01-21 20:23:55:INFO:Loss = [0.030154647099334398, 0.03225812200216751, 0.018831072231841973, 0.017927865628007567, 0.0602022889208456, 0.06390378296000562, 0.02878085411794018, 0.028991721641796177, 0.11536412939494767, 0.11170054147587508]
2022-01-21 20:23:55:INFO:-------------Training local models-------------
2022-01-21 20:29:17:INFO:-------------Aggregating local models-------------
2022-01-21 20:29:18:INFO:-------------Round number: 34-------------
2022-01-21 20:29:18:INFO:-------------Sending models-------------
2022-01-21 20:29:19:INFO:-------------Evaluating models-------------
2022-01-21 20:29:19:INFO:Average Global Accuracy and Loss for Each Task:
2022-01-21 20:29:19:INFO:Accuracy = [0.99, 0.988125, 0.993125, 0.994375, 0.975, 0.975, 0.989375, 0.990625, 0.951875, 0.9525]
2022-01-21 20:29:19:INFO:Loss = [0.029902723708619305, 0.03196107544572442, 0.018475066890459857, 0.017596644272998674, 0.06110433400608599, 0.06479806219613238, 0.028524657152593134, 0.02877697579242522, 0.1179051948533015, 0.11400822963842075]
2022-01-21 20:29:19:INFO:-------------Training local models-------------
2022-01-21 20:35:53:INFO:-------------Aggregating local models-------------
2022-01-21 20:35:54:INFO:-------------Round number: 35-------------
2022-01-21 20:35:54:INFO:-------------Sending models-------------
2022-01-21 20:35:54:INFO:-------------Evaluating models-------------
2022-01-21 20:35:54:INFO:Average Global Accuracy and Loss for Each Task:
2022-01-21 20:35:54:INFO:Accuracy = [0.99, 0.988125, 0.99375, 0.994375, 0.974375, 0.97375, 0.99, 0.99125, 0.951875, 0.951875]
2022-01-21 20:35:54:INFO:Loss = [0.029678192418032268, 0.03169477913470473, 0.01814136160282942, 0.01728654717117024, 0.06199508971476462, 0.06568343474282301, 0.028306646135752088, 0.02859712151584972, 0.12045105904726369, 0.1163403201415349]
2022-01-21 20:35:54:INFO:-------------Training local models-------------
2022-01-21 20:42:28:INFO:-------------Aggregating local models-------------
2022-01-21 20:42:29:INFO:-------------Round number: 36-------------
2022-01-21 20:42:29:INFO:-------------Sending models-------------
2022-01-21 20:42:29:INFO:-------------Evaluating models-------------
2022-01-21 20:42:30:INFO:Average Global Accuracy and Loss for Each Task:
2022-01-21 20:42:30:INFO:Accuracy = [0.99, 0.98875, 0.99375, 0.994375, 0.97375, 0.97375, 0.99, 0.99125, 0.95125, 0.951875]
2022-01-21 20:42:30:INFO:Loss = [0.02947324772394495, 0.03145245782507118, 0.017824924719025147, 0.016992677095549878, 0.0628675286185171, 0.06655372427303519, 0.028125660286605125, 0.028450042300391942, 0.12292750666347274, 0.11862434118011152]
2022-01-21 20:42:30:INFO:-------------Training local models-------------
2022-01-21 20:49:04:INFO:-------------Aggregating local models-------------
2022-01-21 20:49:05:INFO:-------------Round number: 37-------------
2022-01-21 20:49:05:INFO:-------------Sending models-------------
2022-01-21 20:49:05:INFO:-------------Evaluating models-------------
2022-01-21 20:49:05:INFO:Average Global Accuracy and Loss for Each Task:
2022-01-21 20:49:05:INFO:Accuracy = [0.99, 0.98875, 0.994375, 0.994375, 0.97375, 0.973125, 0.990625, 0.99125, 0.950625, 0.951875]
2022-01-21 20:49:05:INFO:Loss = [0.02929037887861341, 0.03123694344285468, 0.01753226748405723, 0.016720897150844394, 0.06372435425510048, 0.06741134108924599, 0.027964785488438792, 0.028318209879216738, 0.12535485016960593, 0.12087357696800609]
2022-01-21 20:49:05:INFO:-------------Training local models-------------
2022-01-21 20:55:39:INFO:-------------Aggregating local models-------------
2022-01-21 20:55:40:INFO:-------------Round number: 38-------------
2022-01-21 20:55:40:INFO:-------------Sending models-------------
2022-01-21 20:55:40:INFO:-------------Evaluating models-------------
2022-01-21 20:55:40:INFO:Average Global Accuracy and Loss for Each Task:
2022-01-21 20:55:40:INFO:Accuracy = [0.99, 0.98875, 0.995, 0.995, 0.97375, 0.973125, 0.990625, 0.99125, 0.95, 0.95125]
2022-01-21 20:55:40:INFO:Loss = [0.029128556890827894, 0.031045810165960575, 0.01726071111370402, 0.016468600204825636, 0.06457161794023705, 0.06826066497160355, 0.02781428343587322, 0.02819377757550683, 0.12768499140438508, 0.12303672580965212]
2022-01-21 20:55:40:INFO:-------------Training local models-------------
2022-01-21 21:02:14:INFO:-------------Aggregating local models-------------
2022-01-21 21:02:15:INFO:-------------Round number: 39-------------
2022-01-21 21:02:15:INFO:-------------Sending models-------------
2022-01-21 21:02:15:INFO:-------------Evaluating models-------------
2022-01-21 21:02:16:INFO:Average Global Accuracy and Loss for Each Task:
2022-01-21 21:02:16:INFO:Accuracy = [0.990625, 0.98875, 0.995, 0.995, 0.973125, 0.973125, 0.990625, 0.990625, 0.94625, 0.95125]
2022-01-21 21:02:16:INFO:Loss = [0.028978762278711656, 0.030870432373922084, 0.017003486836256344, 0.016230118592102372, 0.06540132272530172, 0.0690932469051404, 0.027678763142830576, 0.028083468004479074, 0.12989701691658412, 0.12510400102946734]
2022-01-21 21:02:16:INFO:-------------Training local models-------------
2022-01-21 21:08:49:INFO:-------------Aggregating local models-------------
