2022-01-20 23:39:56:INFO:-------------Round number: 0-------------
2022-01-20 23:39:56:INFO:-------------Sending models-------------
2022-01-20 23:39:57:INFO:-------------Evaluating models-------------
2022-01-20 23:39:57:INFO:Average Global Accuracy and Loss for Each Task:
2022-01-20 23:39:57:INFO:Accuracy = [1.0, 0.958904109589041, 0.8904109589041096, 0.9178082191780822, 0.8767123287671232, 0.136986301369863, 0.0684931506849315, 0.1095890410958904, 0.1780821917808219, 0.8493150684931506]
2022-01-20 23:39:57:INFO:Loss = [0.6535522521358647, 0.6476104373801245, 0.6669387490782019, 0.6553746216917691, 0.6629410655531165, 0.7346827608265288, 0.7446808610876946, 0.7416427690688878, 0.7337562172380212, 0.6723656107301581]
2022-01-20 23:39:57:INFO:-------------Training local models-------------
2022-01-20 23:41:40:INFO:-------------Aggregating local models-------------
2022-01-20 23:41:41:INFO:-------------Round number: 1-------------
2022-01-20 23:41:41:INFO:-------------Sending models-------------
2022-01-20 23:41:41:INFO:-------------Evaluating models-------------
2022-01-20 23:41:42:INFO:Average Global Accuracy and Loss for Each Task:
2022-01-20 23:41:42:INFO:Accuracy = [0.9784246575342466, 0.898972602739726, 0.8154109589041096, 0.9030821917808219, 0.7431506849315068, 0.7157534246575342, 0.7952054794520548, 0.6794520547945205, 0.7993150684931507, 0.7342465753424657]
2022-01-20 23:41:42:INFO:Loss = [0.2991137520907676, 0.4393623105875433, 0.5193884620723659, 0.39423059590467036, 0.5165078991079983, 0.5249303865616453, 0.4542940328382466, 0.5503659944419992, 0.5881196405381373, 0.5686707594623305]
2022-01-20 23:41:42:INFO:-------------Training local models-------------
2022-01-20 23:43:26:INFO:-------------Aggregating local models-------------
2022-01-20 23:43:27:INFO:-------------Round number: 2-------------
2022-01-20 23:43:27:INFO:-------------Sending models-------------
2022-01-20 23:43:27:INFO:-------------Evaluating models-------------
2022-01-20 23:43:27:INFO:Average Global Accuracy and Loss for Each Task:
2022-01-20 23:43:27:INFO:Accuracy = [0.9907534246575342, 0.910958904109589, 0.8246575342465754, 0.9167808219178082, 0.7051369863013699, 0.7582191780821917, 0.8363013698630137, 0.7472602739726028, 0.8212328767123288, 0.7633561643835617]
2022-01-20 23:43:27:INFO:Loss = [0.22318721866260652, 0.3612316120415926, 0.49919283826363414, 0.3535721618682146, 0.4899347329843942, 0.4952085587923249, 0.39945708393846474, 0.5234818390175088, 0.5803306457165578, 0.5373690877466986]
2022-01-20 23:43:27:INFO:-------------Training local models-------------
2022-01-20 23:45:10:INFO:-------------Aggregating local models-------------
2022-01-20 23:45:11:INFO:-------------Round number: 3-------------
2022-01-20 23:45:11:INFO:-------------Sending models-------------
2022-01-20 23:45:12:INFO:-------------Evaluating models-------------
2022-01-20 23:45:12:INFO:Average Global Accuracy and Loss for Each Task:
2022-01-20 23:45:12:INFO:Accuracy = [0.9969178082191781, 0.9215753424657535, 0.8304794520547946, 0.9232876712328767, 0.7041095890410959, 0.785958904109589, 0.8606164383561644, 0.7684931506849315, 0.8383561643835616, 0.7808219178082192]
2022-01-20 23:45:12:INFO:Loss = [0.1852332293502476, 0.3225718623231331, 0.4852855812043768, 0.34437064524127603, 0.480805443446726, 0.4800886754456857, 0.37947353534400463, 0.5107082507049997, 0.5716349574137632, 0.5311872602172502]
2022-01-20 23:45:12:INFO:-------------Training local models-------------
2022-01-20 23:46:55:INFO:-------------Aggregating local models-------------
2022-01-20 23:46:56:INFO:-------------Round number: 4-------------
2022-01-20 23:46:56:INFO:-------------Sending models-------------
2022-01-20 23:46:56:INFO:-------------Evaluating models-------------
2022-01-20 23:46:57:INFO:Average Global Accuracy and Loss for Each Task:
2022-01-20 23:46:57:INFO:Accuracy = [0.9993150684931507, 0.9366438356164384, 0.8356164383561644, 0.9284246575342465, 0.7126712328767123, 0.803082191780822, 0.8780821917808219, 0.7856164383561643, 0.8455479452054795, 0.8006849315068493]
2022-01-20 23:46:57:INFO:Loss = [0.15986271998653673, 0.29729327382137105, 0.47410110849249243, 0.34097355750886954, 0.48093155969240486, 0.46612297168180145, 0.36669296876540125, 0.4987881323896757, 0.5616126693912769, 0.5298809263446967]
2022-01-20 23:46:57:INFO:-------------Training local models-------------
2022-01-20 23:48:40:INFO:-------------Aggregating local models-------------
2022-01-20 23:48:41:INFO:-------------Round number: 5-------------
2022-01-20 23:48:41:INFO:-------------Sending models-------------
2022-01-20 23:48:41:INFO:-------------Evaluating models-------------
2022-01-20 23:48:42:INFO:Average Global Accuracy and Loss for Each Task:
2022-01-20 23:48:42:INFO:Accuracy = [0.9993150684931507, 0.9462328767123288, 0.8393835616438357, 0.9297945205479452, 0.7222602739726027, 0.8160958904109589, 0.8900684931506849, 0.8047945205479452, 0.852054794520548, 0.813013698630137]
2022-01-20 23:48:42:INFO:Loss = [0.1408976120363972, 0.2796767827072372, 0.4654503156852028, 0.33840481944586315, 0.4868929375167171, 0.45234221447743983, 0.35501025555885, 0.48599036738965407, 0.5513327829029462, 0.5267093107359458]
2022-01-20 23:48:42:INFO:-------------Training local models-------------
2022-01-20 23:50:25:INFO:-------------Aggregating local models-------------
2022-01-20 23:50:26:INFO:-------------Round number: 6-------------
2022-01-20 23:50:26:INFO:-------------Sending models-------------
2022-01-20 23:50:26:INFO:-------------Evaluating models-------------
2022-01-20 23:50:26:INFO:Average Global Accuracy and Loss for Each Task:
2022-01-20 23:50:26:INFO:Accuracy = [0.9996575342465753, 0.9503424657534246, 0.8407534246575342, 0.9304794520547945, 0.726027397260274, 0.8273972602739726, 0.898972602739726, 0.8263698630136986, 0.8547945205479452, 0.826027397260274]
2022-01-20 23:50:26:INFO:Loss = [0.1261685993809457, 0.2668157773832344, 0.45936165120746075, 0.3361556215964462, 0.4960562730820416, 0.4394152199224352, 0.3438404994755218, 0.4738268514916505, 0.5422503348465447, 0.5208967984717798]
2022-01-20 23:50:26:INFO:-------------Training local models-------------
2022-01-20 23:52:10:INFO:-------------Aggregating local models-------------
2022-01-20 23:52:11:INFO:-------------Round number: 7-------------
2022-01-20 23:52:11:INFO:-------------Sending models-------------
2022-01-20 23:52:11:INFO:-------------Evaluating models-------------
2022-01-20 23:52:11:INFO:Average Global Accuracy and Loss for Each Task:
2022-01-20 23:52:11:INFO:Accuracy = [1.0, 0.9527397260273973, 0.838013698630137, 0.9311643835616439, 0.7308219178082191, 0.8417808219178082, 0.9037671232876713, 0.8476027397260274, 0.8551369863013699, 0.8325342465753425]
2022-01-20 23:52:11:INFO:Loss = [0.11453326447701005, 0.25683695911940135, 0.45524657833109267, 0.3343074140776816, 0.5066840148160923, 0.4277958395278515, 0.33362128435353405, 0.46376477507555425, 0.5349657135530796, 0.5132453246105921]
2022-01-20 23:52:11:INFO:-------------Training local models-------------
2022-01-20 23:53:55:INFO:-------------Aggregating local models-------------
2022-01-20 23:53:56:INFO:-------------Round number: 8-------------
2022-01-20 23:53:56:INFO:-------------Sending models-------------
2022-01-20 23:53:56:INFO:-------------Evaluating models-------------
2022-01-20 23:53:56:INFO:Average Global Accuracy and Loss for Each Task:
2022-01-20 23:53:56:INFO:Accuracy = [1.0, 0.9547945205479452, 0.834931506849315, 0.9311643835616439, 0.7339041095890411, 0.8482876712328767, 0.9051369863013699, 0.8582191780821918, 0.8571917808219178, 0.839041095890411]
2022-01-20 23:53:56:INFO:Loss = [0.10516574813614357, 0.24884275113525864, 0.4524418366913467, 0.33283652430910565, 0.5174237108910584, 0.41774917040211595, 0.3246001691640393, 0.4563267233634801, 0.5293302584873283, 0.5047483280466946]
2022-01-20 23:53:56:INFO:-------------Training local models-------------
2022-01-20 23:55:40:INFO:-------------Aggregating local models-------------
2022-01-20 23:55:41:INFO:-------------Round number: 9-------------
2022-01-20 23:55:41:INFO:-------------Sending models-------------
2022-01-20 23:55:41:INFO:-------------Evaluating models-------------
2022-01-20 23:55:41:INFO:Average Global Accuracy and Loss for Each Task:
2022-01-20 23:55:41:INFO:Accuracy = [1.0, 0.9554794520547946, 0.8301369863013699, 0.9311643835616439, 0.7363013698630136, 0.8517123287671233, 0.9051369863013699, 0.8678082191780822, 0.8551369863013699, 0.8431506849315068]
2022-01-20 23:55:41:INFO:Loss = [0.09748438083286053, 0.24224814885193865, 0.45038321390046343, 0.3316173201414106, 0.5272808147479512, 0.409307250392636, 0.31677720715189733, 0.4512375191504723, 0.5249042756383447, 0.4962078461691431]
2022-01-20 23:55:41:INFO:-------------Training local models-------------
2022-01-20 23:57:24:INFO:-------------Aggregating local models-------------
2022-01-20 23:57:25:INFO:-------------Round number: 10-------------
2022-01-20 23:57:25:INFO:-------------Sending models-------------
2022-01-20 23:57:25:INFO:-------------Evaluating models-------------
2022-01-20 23:57:26:INFO:Average Global Accuracy and Loss for Each Task:
2022-01-20 23:57:26:INFO:Accuracy = [1.0, 0.9558219178082191, 0.8277397260273973, 0.9311643835616439, 0.738013698630137, 0.8534246575342466, 0.9054794520547945, 0.8732876712328768, 0.8547945205479452, 0.8469178082191781]
2022-01-20 23:57:26:INFO:Loss = [0.09104975349627027, 0.23673802578490075, 0.44871972510367886, 0.3305212274729593, 0.5356712178901246, 0.40224598075122864, 0.3100058908274474, 0.4478008882493444, 0.5212619340761679, 0.48812301105768613]
2022-01-20 23:57:26:INFO:-------------Training local models-------------
2022-01-20 23:59:08:INFO:-------------Aggregating local models-------------
2022-01-20 23:59:09:INFO:-------------Round number: 11-------------
2022-01-20 23:59:09:INFO:-------------Sending models-------------
2022-01-20 23:59:09:INFO:-------------Evaluating models-------------
2022-01-20 23:59:09:INFO:Average Global Accuracy and Loss for Each Task:
2022-01-20 23:59:09:INFO:Accuracy = [1.0, 0.9568493150684931, 0.8263698630136986, 0.9315068493150684, 0.7397260273972602, 0.8551369863013699, 0.9054794520547945, 0.8763698630136987, 0.8547945205479452, 0.8503424657534246]
2022-01-20 23:59:09:INFO:Loss = [0.08555469640103258, 0.23206291689014394, 0.4472253997507186, 0.329440281560568, 0.5423351929854755, 0.39621624118355037, 0.30410609915788755, 0.44531142888654485, 0.5180796531080077, 0.48071539704687893]
2022-01-20 23:59:09:INFO:-------------Training local models-------------
2022-01-21 00:00:51:INFO:-------------Aggregating local models-------------
2022-01-21 00:00:52:INFO:-------------Round number: 12-------------
2022-01-21 00:00:52:INFO:-------------Sending models-------------
2022-01-21 00:00:52:INFO:-------------Evaluating models-------------
2022-01-21 00:00:52:INFO:Average Global Accuracy and Loss for Each Task:
2022-01-21 00:00:52:INFO:Accuracy = [1.0, 0.9571917808219178, 0.826027397260274, 0.9315068493150684, 0.7410958904109589, 0.8565068493150685, 0.9065068493150685, 0.8784246575342466, 0.8541095890410959, 0.8547945205479452]
2022-01-21 00:00:52:INFO:Loss = [0.08077568801642995, 0.2280463107035508, 0.4457790653352077, 0.328300459709095, 0.547303740359358, 0.39088257216236055, 0.29890695032472275, 0.44335825440684357, 0.5151795370389439, 0.4740614259347626]
2022-01-21 00:00:52:INFO:-------------Training local models-------------
2022-01-21 00:02:34:INFO:-------------Aggregating local models-------------
2022-01-21 00:02:35:INFO:-------------Round number: 13-------------
2022-01-21 00:02:35:INFO:-------------Sending models-------------
2022-01-21 00:02:35:INFO:-------------Evaluating models-------------
2022-01-21 00:02:35:INFO:Average Global Accuracy and Loss for Each Task:
2022-01-21 00:02:35:INFO:Accuracy = [1.0, 0.9571917808219178, 0.8253424657534246, 0.9315068493150684, 0.7424657534246575, 0.8589041095890411, 0.9065068493150685, 0.8791095890410959, 0.8547945205479452, 0.8578767123287672]
2022-01-21 00:02:35:INFO:Loss = [0.07655348437072786, 0.22454776723824493, 0.4442902955988881, 0.32704893905631177, 0.550749297239435, 0.38600323108911566, 0.294242570895944, 0.4415718230709102, 0.5124439696736685, 0.46809715533960766]
2022-01-21 00:02:35:INFO:-------------Training local models-------------
2022-01-21 00:04:17:INFO:-------------Aggregating local models-------------
2022-01-21 00:04:18:INFO:-------------Round number: 14-------------
2022-01-21 00:04:18:INFO:-------------Sending models-------------
2022-01-21 00:04:18:INFO:-------------Evaluating models-------------
2022-01-21 00:04:18:INFO:Average Global Accuracy and Loss for Each Task:
2022-01-21 00:04:18:INFO:Accuracy = [1.0, 0.9575342465753425, 0.825, 0.9315068493150684, 0.7428082191780822, 0.8602739726027397, 0.9065068493150685, 0.8791095890410959, 0.8537671232876712, 0.8606164383561644]
2022-01-21 00:04:18:INFO:Loss = [0.07277006757356329, 0.22149585342761893, 0.44275014598101176, 0.32571289662514136, 0.5529001922368978, 0.3814438848392655, 0.28998248660554216, 0.4398528203202335, 0.509846611831924, 0.46274374101043053]
2022-01-21 00:04:18:INFO:-------------Training local models-------------
2022-01-21 00:06:00:INFO:-------------Aggregating local models-------------
2022-01-21 00:06:01:INFO:-------------Round number: 15-------------
2022-01-21 00:06:01:INFO:-------------Sending models-------------
2022-01-21 00:06:01:INFO:-------------Evaluating models-------------
2022-01-21 00:06:01:INFO:Average Global Accuracy and Loss for Each Task:
2022-01-21 00:06:01:INFO:Accuracy = [1.0, 0.9578767123287671, 0.8222602739726027, 0.9315068493150684, 0.7434931506849315, 0.861986301369863, 0.9065068493150685, 0.8794520547945206, 0.8527397260273972, 0.864041095890411]
2022-01-21 00:06:01:INFO:Loss = [0.06934039857500067, 0.2187503927884853, 0.4411593151792297, 0.32426586132560387, 0.5539788534268354, 0.3770692783777844, 0.2860550626997568, 0.4380767969733538, 0.5073251455626769, 0.4579211328631548]
2022-01-21 00:06:01:INFO:-------------Training local models-------------
2022-01-21 00:07:43:INFO:-------------Aggregating local models-------------
2022-01-21 00:07:44:INFO:-------------Round number: 16-------------
2022-01-21 00:07:44:INFO:-------------Sending models-------------
2022-01-21 00:07:45:INFO:-------------Evaluating models-------------
2022-01-21 00:07:45:INFO:Average Global Accuracy and Loss for Each Task:
2022-01-21 00:07:45:INFO:Accuracy = [1.0, 0.9575342465753425, 0.8232876712328767, 0.9315068493150684, 0.7438356164383562, 0.8647260273972602, 0.9068493150684932, 0.8801369863013698, 0.8523972602739726, 0.8647260273972602]
2022-01-21 00:07:45:INFO:Loss = [0.06620050017875045, 0.2162387267453596, 0.43951316666789353, 0.3227045752797021, 0.5541910113199066, 0.37283897482668854, 0.2824105864330131, 0.4362198009541615, 0.5048876659791559, 0.4534989018918155]
2022-01-21 00:07:45:INFO:-------------Training local models-------------
2022-01-21 00:09:27:INFO:-------------Aggregating local models-------------
2022-01-21 00:09:28:INFO:-------------Round number: 17-------------
2022-01-21 00:09:28:INFO:-------------Sending models-------------
2022-01-21 00:09:28:INFO:-------------Evaluating models-------------
2022-01-21 00:09:28:INFO:Average Global Accuracy and Loss for Each Task:
2022-01-21 00:09:28:INFO:Accuracy = [1.0, 0.9578767123287671, 0.8243150684931507, 0.9315068493150684, 0.7452054794520548, 0.8647260273972602, 0.9068493150684932, 0.8801369863013698, 0.8506849315068493, 0.8660958904109589]
2022-01-21 00:09:28:INFO:Loss = [0.06330405278705468, 0.21392624109683636, 0.4378281247623469, 0.3210573227954901, 0.5537211340150401, 0.3687251300968817, 0.2789572442272576, 0.4342661487984739, 0.5025023035481827, 0.4494133085835317]
2022-01-21 00:09:28:INFO:-------------Training local models-------------
2022-01-21 00:11:10:INFO:-------------Aggregating local models-------------
2022-01-21 00:11:11:INFO:-------------Round number: 18-------------
2022-01-21 00:11:11:INFO:-------------Sending models-------------
2022-01-21 00:11:11:INFO:-------------Evaluating models-------------
2022-01-21 00:11:11:INFO:Average Global Accuracy and Loss for Each Task:
2022-01-21 00:11:11:INFO:Accuracy = [1.0, 0.9578767123287671, 0.8243150684931507, 0.9315068493150684, 0.7452054794520548, 0.8650684931506849, 0.9068493150684932, 0.8804794520547945, 0.85, 0.8678082191780822]
2022-01-21 00:11:11:INFO:Loss = [0.06061285565932575, 0.2118899455335476, 0.4361059459170314, 0.3193182344388931, 0.5527672542622696, 0.3646966179957205, 0.27564552825977645, 0.4322110919396661, 0.5002239965355304, 0.4456825437206035]
2022-01-21 00:11:11:INFO:-------------Training local models-------------
2022-01-21 00:12:53:INFO:-------------Aggregating local models-------------
2022-01-21 00:12:54:INFO:-------------Round number: 19-------------
2022-01-21 00:12:54:INFO:-------------Sending models-------------
2022-01-21 00:12:54:INFO:-------------Evaluating models-------------
2022-01-21 00:12:54:INFO:Average Global Accuracy and Loss for Each Task:
2022-01-21 00:12:54:INFO:Accuracy = [1.0, 0.9578767123287671, 0.8246575342465754, 0.9315068493150684, 0.7452054794520548, 0.8654109589041096, 0.9068493150684932, 0.8804794520547945, 0.85, 0.8681506849315068]
2022-01-21 00:12:54:INFO:Loss = [0.058102314815735315, 0.2099096671014718, 0.4343997350844478, 0.31750924423120097, 0.5514806295706801, 0.3607667211398533, 0.27246258874768264, 0.43008108636402614, 0.4980169896304301, 0.442118491204009]
2022-01-21 00:12:54:INFO:-------------Training local models-------------
2022-01-21 00:14:36:INFO:-------------Aggregating local models-------------
2022-01-21 00:14:37:INFO:-------------Round number: 20-------------
2022-01-21 00:14:37:INFO:-------------Sending models-------------
2022-01-21 00:14:37:INFO:-------------Evaluating models-------------
2022-01-21 00:14:37:INFO:Average Global Accuracy and Loss for Each Task:
2022-01-21 00:14:37:INFO:Accuracy = [1.0, 0.9578767123287671, 0.825, 0.9315068493150684, 0.7452054794520548, 0.8664383561643836, 0.9068493150684932, 0.8808219178082192, 0.8503424657534246, 0.8674657534246575]
2022-01-21 00:14:37:INFO:Loss = [0.0557483956122082, 0.20800319306986176, 0.43274450882127485, 0.31564727359074995, 0.5500377628040078, 0.35693420743496374, 0.2693653789521131, 0.42792707032600596, 0.4958248432719289, 0.43873630491027943]
2022-01-21 00:14:37:INFO:-------------Training local models-------------
2022-01-21 00:16:19:INFO:-------------Aggregating local models-------------
2022-01-21 00:16:20:INFO:-------------Round number: 21-------------
2022-01-21 00:16:20:INFO:-------------Sending models-------------
2022-01-21 00:16:20:INFO:-------------Evaluating models-------------
2022-01-21 00:16:21:INFO:Average Global Accuracy and Loss for Each Task:
2022-01-21 00:16:21:INFO:Accuracy = [1.0, 0.9582191780821918, 0.8256849315068493, 0.9315068493150684, 0.7455479452054794, 0.8671232876712329, 0.9068493150684932, 0.8808219178082192, 0.8506849315068493, 0.8671232876712329]
2022-01-21 00:16:21:INFO:Loss = [0.05353865636774173, 0.20622093423528035, 0.43116210180506975, 0.313769813577568, 0.5484130121974836, 0.35321485117151186, 0.2663544584153386, 0.4256822390239431, 0.4936679631331298, 0.4355353407070602]
2022-01-21 00:16:21:INFO:-------------Training local models-------------
2022-01-21 00:18:03:INFO:-------------Aggregating local models-------------
2022-01-21 00:18:03:INFO:-------------Round number: 22-------------
2022-01-21 00:18:03:INFO:-------------Sending models-------------
2022-01-21 00:18:04:INFO:-------------Evaluating models-------------
2022-01-21 00:18:04:INFO:Average Global Accuracy and Loss for Each Task:
2022-01-21 00:18:04:INFO:Accuracy = [1.0, 0.9582191780821918, 0.826027397260274, 0.9315068493150684, 0.7465753424657534, 0.8688356164383562, 0.9068493150684932, 0.8804794520547945, 0.8503424657534246, 0.8681506849315068]
2022-01-21 00:18:04:INFO:Loss = [0.051457996099026335, 0.20454815788631495, 0.4296413929383462, 0.31188088914615497, 0.5466774243682827, 0.349551254235948, 0.26341050926895737, 0.42337427236305625, 0.49159742335865453, 0.4325028672744201]
2022-01-21 00:18:04:INFO:-------------Training local models-------------
2022-01-21 00:19:46:INFO:-------------Aggregating local models-------------
2022-01-21 00:19:47:INFO:-------------Round number: 23-------------
2022-01-21 00:19:47:INFO:-------------Sending models-------------
2022-01-21 00:19:47:INFO:-------------Evaluating models-------------
2022-01-21 00:19:47:INFO:Average Global Accuracy and Loss for Each Task:
2022-01-21 00:19:47:INFO:Accuracy = [1.0, 0.9578767123287671, 0.8253424657534246, 0.9315068493150684, 0.7469178082191781, 0.8695205479452055, 0.9071917808219178, 0.8804794520547945, 0.8503424657534246, 0.8678082191780822]
2022-01-21 00:19:47:INFO:Loss = [0.04949967136163239, 0.20297967881356582, 0.4282184950576789, 0.3100291962515282, 0.5448787350961874, 0.34598895499151044, 0.2605320845502556, 0.4210397264320556, 0.48961086528796754, 0.42963219821382925]
2022-01-21 00:19:47:INFO:-------------Training local models-------------
2022-01-21 00:21:29:INFO:-------------Aggregating local models-------------
2022-01-21 00:21:30:INFO:-------------Round number: 24-------------
2022-01-21 00:21:30:INFO:-------------Sending models-------------
2022-01-21 00:21:30:INFO:-------------Evaluating models-------------
2022-01-21 00:21:30:INFO:Average Global Accuracy and Loss for Each Task:
2022-01-21 00:21:30:INFO:Accuracy = [1.0, 0.9578767123287671, 0.8253424657534246, 0.9315068493150684, 0.7472602739726028, 0.8702054794520548, 0.9075342465753424, 0.8804794520547945, 0.851027397260274, 0.8654109589041096]
2022-01-21 00:21:30:INFO:Loss = [0.04764473816453262, 0.20146035145544, 0.42688235628485605, 0.30821876378398233, 0.5430876700038549, 0.3425383105162812, 0.2577098188826125, 0.4186736122618927, 0.48770644777288585, 0.4268591508352236]
2022-01-21 00:21:30:INFO:-------------Training local models-------------
2022-01-21 00:23:12:INFO:-------------Aggregating local models-------------
2022-01-21 00:23:13:INFO:-------------Round number: 25-------------
2022-01-21 00:23:13:INFO:-------------Sending models-------------
2022-01-21 00:23:13:INFO:-------------Evaluating models-------------
2022-01-21 00:23:13:INFO:Average Global Accuracy and Loss for Each Task:
2022-01-21 00:23:13:INFO:Accuracy = [1.0, 0.9578767123287671, 0.8263698630136986, 0.9315068493150684, 0.7479452054794521, 0.8708904109589041, 0.9078767123287671, 0.8804794520547945, 0.8517123287671233, 0.864041095890411]
2022-01-21 00:23:13:INFO:Loss = [0.04588842602472191, 0.19995743709405858, 0.4255754832570658, 0.3064027947281194, 0.5412695020906091, 0.33916176237287127, 0.25494476786913506, 0.4162614664424861, 0.4859039488691862, 0.42421436529568307]
2022-01-21 00:23:13:INFO:-------------Training local models-------------
2022-01-21 00:24:55:INFO:-------------Aggregating local models-------------
2022-01-21 00:24:56:INFO:-------------Round number: 26-------------
2022-01-21 00:24:56:INFO:-------------Sending models-------------
2022-01-21 00:24:57:INFO:-------------Evaluating models-------------
2022-01-21 00:24:57:INFO:Average Global Accuracy and Loss for Each Task:
2022-01-21 00:24:57:INFO:Accuracy = [1.0, 0.9575342465753425, 0.826027397260274, 0.9315068493150684, 0.7482876712328768, 0.8708904109589041, 0.9082191780821918, 0.8808219178082192, 0.852054794520548, 0.8633561643835617]
2022-01-21 00:24:57:INFO:Loss = [0.04422447403688749, 0.19852773874857757, 0.42430012703997605, 0.30461216153902293, 0.5394804815918028, 0.3358781030018852, 0.25223521573934704, 0.41379771564213225, 0.4841795836938928, 0.4216591195611615]
2022-01-21 00:24:57:INFO:-------------Training local models-------------
2022-01-21 00:26:39:INFO:-------------Aggregating local models-------------
2022-01-21 00:26:40:INFO:-------------Round number: 27-------------
2022-01-21 00:26:40:INFO:-------------Sending models-------------
2022-01-21 00:26:40:INFO:-------------Evaluating models-------------
2022-01-21 00:26:40:INFO:Average Global Accuracy and Loss for Each Task:
2022-01-21 00:26:40:INFO:Accuracy = [1.0, 0.9575342465753425, 0.825, 0.9315068493150684, 0.7482876712328768, 0.8712328767123287, 0.9085616438356164, 0.8808219178082192, 0.8523972602739726, 0.8626712328767123]
2022-01-21 00:26:40:INFO:Loss = [0.0426464815359333, 0.1971374528453851, 0.42305754259235084, 0.30282679305903054, 0.5376949879908551, 0.33267635677794427, 0.249576430253474, 0.4112981413610675, 0.482531244659235, 0.4191681066917077]
2022-01-21 00:26:40:INFO:-------------Training local models-------------
2022-01-21 00:28:22:INFO:-------------Aggregating local models-------------
2022-01-21 00:28:23:INFO:-------------Round number: 28-------------
2022-01-21 00:28:23:INFO:-------------Sending models-------------
2022-01-21 00:28:23:INFO:-------------Evaluating models-------------
2022-01-21 00:28:23:INFO:Average Global Accuracy and Loss for Each Task:
2022-01-21 00:28:23:INFO:Accuracy = [1.0, 0.9575342465753425, 0.826027397260274, 0.9315068493150684, 0.7493150684931507, 0.8726027397260274, 0.9085616438356164, 0.8804794520547945, 0.8523972602739726, 0.861986301369863]
2022-01-21 00:28:23:INFO:Loss = [0.04114902177139836, 0.19579948577471715, 0.42185076579773695, 0.3010532428009742, 0.5359262784501244, 0.3295568046231805, 0.2469538943164293, 0.4087925713153696, 0.48095556119718424, 0.41677501262006134]
2022-01-21 00:28:23:INFO:-------------Training local models-------------
2022-01-21 00:30:05:INFO:-------------Aggregating local models-------------
2022-01-21 00:30:06:INFO:-------------Round number: 29-------------
2022-01-21 00:30:06:INFO:-------------Sending models-------------
2022-01-21 00:30:06:INFO:-------------Evaluating models-------------
2022-01-21 00:30:07:INFO:Average Global Accuracy and Loss for Each Task:
2022-01-21 00:30:07:INFO:Accuracy = [1.0, 0.9575342465753425, 0.8253424657534246, 0.9315068493150684, 0.7506849315068493, 0.8736301369863013, 0.9085616438356164, 0.8804794520547945, 0.8527397260273972, 0.8613013698630136]
2022-01-21 00:30:07:INFO:Loss = [0.039726358592790896, 0.19447794458940498, 0.42067495830379403, 0.29930953620231315, 0.5342251033959144, 0.3265448363564832, 0.2443657356540813, 0.4062821479539757, 0.4794722654958804, 0.41445391677951515]
2022-01-21 00:30:07:INFO:-------------Training local models-------------
2022-01-21 00:31:49:INFO:-------------Aggregating local models-------------
2022-01-21 00:31:50:INFO:-------------Round number: 30-------------
2022-01-21 00:31:50:INFO:-------------Sending models-------------
2022-01-21 00:31:50:INFO:-------------Evaluating models-------------
2022-01-21 00:31:50:INFO:Average Global Accuracy and Loss for Each Task:
2022-01-21 00:31:50:INFO:Accuracy = [1.0, 0.9575342465753425, 0.826027397260274, 0.9315068493150684, 0.7520547945205479, 0.875, 0.9089041095890411, 0.8808219178082192, 0.8530821917808219, 0.8602739726027397]
2022-01-21 00:31:50:INFO:Loss = [0.038376482733053295, 0.1931982057444968, 0.41949063255483515, 0.29758955646076635, 0.5325433574959776, 0.32363179119300634, 0.24183002011675056, 0.40373935410115, 0.47802122680897735, 0.4121983743070191]
2022-01-21 00:31:50:INFO:-------------Training local models-------------
2022-01-21 00:33:32:INFO:-------------Aggregating local models-------------
2022-01-21 00:33:33:INFO:-------------Round number: 31-------------
2022-01-21 00:33:33:INFO:-------------Sending models-------------
2022-01-21 00:33:33:INFO:-------------Evaluating models-------------
2022-01-21 00:33:33:INFO:Average Global Accuracy and Loss for Each Task:
2022-01-21 00:33:33:INFO:Accuracy = [1.0, 0.9575342465753425, 0.826027397260274, 0.9315068493150684, 0.7530821917808219, 0.8767123287671232, 0.9089041095890411, 0.8808219178082192, 0.8530821917808219, 0.8592465753424657]
2022-01-21 00:33:33:INFO:Loss = [0.03709330294625706, 0.19194680395095978, 0.4183022278872931, 0.29588152510624327, 0.5308986322536478, 0.32081530082250037, 0.23932758539600923, 0.4012061315907599, 0.4766196605449619, 0.4100086311729982]
2022-01-21 00:33:33:INFO:-------------Training local models-------------
2022-01-21 00:35:16:INFO:-------------Aggregating local models-------------
2022-01-21 00:35:16:INFO:-------------Round number: 32-------------
2022-01-21 00:35:16:INFO:-------------Sending models-------------
2022-01-21 00:35:17:INFO:-------------Evaluating models-------------
2022-01-21 00:35:17:INFO:Average Global Accuracy and Loss for Each Task:
2022-01-21 00:35:17:INFO:Accuracy = [1.0, 0.9575342465753425, 0.8253424657534246, 0.9315068493150684, 0.7537671232876713, 0.8773972602739726, 0.9089041095890411, 0.8808219178082192, 0.8530821917808219, 0.8592465753424657]
2022-01-21 00:35:17:INFO:Loss = [0.03587403488329497, 0.19071107679238058, 0.4171171406258459, 0.2941935243306694, 0.5293194960471089, 0.3181080686140563, 0.23685876580197618, 0.3986864621967894, 0.4752603130963669, 0.40786701179753787]
2022-01-21 00:35:17:INFO:-------------Training local models-------------
2022-01-21 00:36:59:INFO:-------------Aggregating local models-------------
2022-01-21 00:37:00:INFO:-------------Round number: 33-------------
2022-01-21 00:37:00:INFO:-------------Sending models-------------
2022-01-21 00:37:00:INFO:-------------Evaluating models-------------
2022-01-21 00:37:00:INFO:Average Global Accuracy and Loss for Each Task:
2022-01-21 00:37:00:INFO:Accuracy = [1.0, 0.9575342465753425, 0.8277397260273973, 0.9315068493150684, 0.7541095890410959, 0.8780821917808219, 0.9089041095890411, 0.8808219178082192, 0.8534246575342466, 0.8585616438356164]
2022-01-21 00:37:00:INFO:Loss = [0.03471688368144024, 0.18949058440143932, 0.4159485160920144, 0.29255023586630746, 0.5278199902577773, 0.31551696100887805, 0.23443472278001398, 0.3961726028826215, 0.4739437695139738, 0.40575012985428743]
2022-01-21 00:37:00:INFO:-------------Training local models-------------
2022-01-21 00:38:42:INFO:-------------Aggregating local models-------------
2022-01-21 00:38:43:INFO:-------------Round number: 34-------------
2022-01-21 00:38:43:INFO:-------------Sending models-------------
2022-01-21 00:38:43:INFO:-------------Evaluating models-------------
2022-01-21 00:38:43:INFO:Average Global Accuracy and Loss for Each Task:
2022-01-21 00:38:43:INFO:Accuracy = [1.0, 0.9575342465753425, 0.8284246575342465, 0.9315068493150684, 0.7554794520547945, 0.8791095890410959, 0.9089041095890411, 0.8808219178082192, 0.8534246575342466, 0.8578767123287672]
2022-01-21 00:38:43:INFO:Loss = [0.033616090938927326, 0.18830662116899524, 0.41479972589438885, 0.290933952622964, 0.5263479918692809, 0.3130285399463602, 0.2320421601459065, 0.39367200866140656, 0.47266952951489755, 0.4036887527845341]
2022-01-21 00:38:43:INFO:-------------Training local models-------------
2022-01-21 00:40:25:INFO:-------------Aggregating local models-------------
2022-01-21 00:40:26:INFO:-------------Round number: 35-------------
2022-01-21 00:40:26:INFO:-------------Sending models-------------
2022-01-21 00:40:26:INFO:-------------Evaluating models-------------
2022-01-21 00:40:27:INFO:Average Global Accuracy and Loss for Each Task:
2022-01-21 00:40:27:INFO:Accuracy = [1.0, 0.9578767123287671, 0.8294520547945206, 0.9315068493150684, 0.7565068493150685, 0.8801369863013698, 0.9089041095890411, 0.8811643835616438, 0.8530821917808219, 0.8582191780821918]
2022-01-21 00:40:27:INFO:Loss = [0.03256956283210407, 0.18713503319065228, 0.4136812588923981, 0.28937998088634864, 0.5249567802617492, 0.3106682683334826, 0.22968388961313918, 0.3912375838908826, 0.4713990680493848, 0.40165654836981624]
2022-01-21 00:40:27:INFO:-------------Training local models-------------
2022-01-21 00:42:09:INFO:-------------Aggregating local models-------------
2022-01-21 00:42:10:INFO:-------------Round number: 36-------------
2022-01-21 00:42:10:INFO:-------------Sending models-------------
2022-01-21 00:42:10:INFO:-------------Evaluating models-------------
2022-01-21 00:42:10:INFO:Average Global Accuracy and Loss for Each Task:
2022-01-21 00:42:10:INFO:Accuracy = [1.0, 0.9575342465753425, 0.8297945205479452, 0.9315068493150684, 0.7575342465753425, 0.8808219178082192, 0.9092465753424658, 0.8818493150684932, 0.8530821917808219, 0.8582191780821918]
2022-01-21 00:42:10:INFO:Loss = [0.031574669371403706, 0.18601328437774736, 0.41258223877130523, 0.2878533464566205, 0.5236176923180497, 0.30842451040700003, 0.22737282495674588, 0.38879386372210406, 0.47019840035849086, 0.39967508867784873]
2022-01-21 00:42:10:INFO:-------------Training local models-------------
2022-01-21 00:43:52:INFO:-------------Aggregating local models-------------
2022-01-21 00:43:53:INFO:-------------Round number: 37-------------
2022-01-21 00:43:53:INFO:-------------Sending models-------------
2022-01-21 00:43:53:INFO:-------------Evaluating models-------------
2022-01-21 00:43:53:INFO:Average Global Accuracy and Loss for Each Task:
2022-01-21 00:43:53:INFO:Accuracy = [1.0, 0.9575342465753425, 0.8297945205479452, 0.9315068493150684, 0.7578767123287671, 0.8808219178082192, 0.9092465753424658, 0.8818493150684932, 0.8527397260273972, 0.8582191780821918]
2022-01-21 00:43:53:INFO:Loss = [0.03062759262385255, 0.18490340915342715, 0.41151514111488596, 0.286343570878372, 0.5223135064580886, 0.3062862846729256, 0.22509810228493984, 0.3864162649870818, 0.46905795742489703, 0.39772694082037635]
2022-01-21 00:43:53:INFO:-------------Training local models-------------
2022-01-21 00:45:35:INFO:-------------Aggregating local models-------------
2022-01-21 00:45:36:INFO:-------------Round number: 38-------------
2022-01-21 00:45:36:INFO:-------------Sending models-------------
2022-01-21 00:45:36:INFO:-------------Evaluating models-------------
2022-01-21 00:45:36:INFO:Average Global Accuracy and Loss for Each Task:
2022-01-21 00:45:36:INFO:Accuracy = [1.0, 0.9575342465753425, 0.8308219178082191, 0.9315068493150684, 0.7592465753424658, 0.8821917808219178, 0.9092465753424658, 0.8828767123287671, 0.8530821917808219, 0.8575342465753425]
2022-01-21 00:45:36:INFO:Loss = [0.029727353989896173, 0.18383691745829348, 0.41048423163130343, 0.2848703815762834, 0.5210704240495059, 0.30427327386401787, 0.22286520821795072, 0.38404533058510176, 0.4679600769838905, 0.39580824233317263]
2022-01-21 00:45:36:INFO:-------------Training local models-------------
2022-01-21 00:47:18:INFO:-------------Aggregating local models-------------
2022-01-21 00:47:19:INFO:-------------Round number: 39-------------
2022-01-21 00:47:19:INFO:-------------Sending models-------------
2022-01-21 00:47:20:INFO:-------------Evaluating models-------------
2022-01-21 00:47:20:INFO:Average Global Accuracy and Loss for Each Task:
2022-01-21 00:47:20:INFO:Accuracy = [1.0, 0.9582191780821918, 0.8304794520547946, 0.9315068493150684, 0.7595890410958904, 0.8828767123287671, 0.9099315068493151, 0.8828767123287671, 0.8530821917808219, 0.8571917808219178]
2022-01-21 00:47:20:INFO:Loss = [0.028870807135356464, 0.18279290559928074, 0.4094825496889925, 0.28341103503592185, 0.5199194133540054, 0.30236167571434036, 0.22066920078343596, 0.3817143854382129, 0.4668788361213208, 0.39392524967225245]
2022-01-21 00:47:20:INFO:-------------Training local models-------------
2022-01-21 00:49:02:INFO:-------------Aggregating local models-------------
